#! /usr/local/bin/vvp
:ivl_version "10.3 (stable)" "(v10_3-10-g756674aa)";
:ivl_delay_selection "TYPICAL";
:vpi_time_precision + 0;
:vpi_module "system";
:vpi_module "vhdl_sys";
:vpi_module "v2005_math";
:vpi_module "va_math";
S_0x7f9bee6008f0 .scope module, "ALU_tb" "ALU_tb" 2 3;
 .timescale 0 0;
v0x7f9bee407360_0 .var "a", 3 0;
v0x7f9bee407430_0 .var "b", 3 0;
v0x7f9bee4074e0_0 .net "out", 4 0, v0x7f9bee407190_0;  1 drivers
v0x7f9bee4075b0_0 .var "select", 2 0;
S_0x7f9bee600a50 .scope module, "obj" "ALU" 2 9, 3 12 0, S_0x7f9bee6008f0;
 .timescale 0 0;
    .port_info 0 /INPUT 4 "a"
    .port_info 1 /INPUT 4 "b"
    .port_info 2 /INPUT 3 "select"
    .port_info 3 /OUTPUT 5 "out"
v0x7f9bee600c60_0 .net "a", 3 0, v0x7f9bee407360_0;  1 drivers
v0x7f9bee4070d0_0 .net "b", 3 0, v0x7f9bee407430_0;  1 drivers
v0x7f9bee407190_0 .var "out", 4 0;
v0x7f9bee407250_0 .net "select", 2 0, v0x7f9bee4075b0_0;  1 drivers
E_0x7f9bee600c10 .event edge, v0x7f9bee407250_0, v0x7f9bee4070d0_0, v0x7f9bee600c60_0;
    .scope S_0x7f9bee600a50;
T_0 ;
    %wait E_0x7f9bee600c10;
    %load/vec4 v0x7f9bee407250_0;
    %pad/u 32;
    %cmpi/e 0, 0, 32;
    %jmp/0xz  T_0.0, 4;
    %load/vec4 v0x7f9bee600c60_0;
    %pad/u 5;
    %store/vec4 v0x7f9bee407190_0, 0, 5;
    %jmp T_0.1;
T_0.0 ;
    %load/vec4 v0x7f9bee407250_0;
    %pad/u 32;
    %cmpi/e 1, 0, 32;
    %jmp/0xz  T_0.2, 4;
    %load/vec4 v0x7f9bee600c60_0;
    %pad/u 5;
    %load/vec4 v0x7f9bee4070d0_0;
    %pad/u 5;
    %add;
    %store/vec4 v0x7f9bee407190_0, 0, 5;
    %jmp T_0.3;
T_0.2 ;
    %load/vec4 v0x7f9bee407250_0;
    %pad/u 32;
    %cmpi/e 2, 0, 32;
    %jmp/0xz  T_0.4, 4;
    %load/vec4 v0x7f9bee600c60_0;
    %pad/u 5;
    %load/vec4 v0x7f9bee4070d0_0;
    %pad/u 5;
    %sub;
    %store/vec4 v0x7f9bee407190_0, 0, 5;
    %jmp T_0.5;
T_0.4 ;
    %load/vec4 v0x7f9bee407250_0;
    %pad/u 32;
    %cmpi/e 3, 0, 32;
    %jmp/0xz  T_0.6, 4;
    %load/vec4 v0x7f9bee600c60_0;
    %pad/u 5;
    %load/vec4 v0x7f9bee4070d0_0;
    %pad/u 5;
    %div;
    %store/vec4 v0x7f9bee407190_0, 0, 5;
    %jmp T_0.7;
T_0.6 ;
    %load/vec4 v0x7f9bee407250_0;
    %pad/u 32;
    %cmpi/e 4, 0, 32;
    %jmp/0xz  T_0.8, 4;
    %load/vec4 v0x7f9bee600c60_0;
    %pad/u 5;
    %load/vec4 v0x7f9bee4070d0_0;
    %pad/u 5;
    %mod;
    %store/vec4 v0x7f9bee407190_0, 0, 5;
    %jmp T_0.9;
T_0.8 ;
    %load/vec4 v0x7f9bee407250_0;
    %pad/u 32;
    %cmpi/e 5, 0, 32;
    %jmp/0xz  T_0.10, 4;
    %load/vec4 v0x7f9bee600c60_0;
    %pad/u 5;
    %ix/load 4, 1, 0;
    %flag_set/imm 4, 0;
    %shiftl 4;
    %store/vec4 v0x7f9bee407190_0, 0, 5;
    %jmp T_0.11;
T_0.10 ;
    %load/vec4 v0x7f9bee407250_0;
    %pad/u 32;
    %cmpi/e 6, 0, 32;
    %jmp/0xz  T_0.12, 4;
    %load/vec4 v0x7f9bee600c60_0;
    %pad/u 5;
    %ix/load 4, 1, 0;
    %flag_set/imm 4, 0;
    %shiftr 4;
    %store/vec4 v0x7f9bee407190_0, 0, 5;
    %jmp T_0.13;
T_0.12 ;
    %load/vec4 v0x7f9bee4070d0_0;
    %load/vec4 v0x7f9bee600c60_0;
    %cmp/u;
    %flag_get/vec4 5;
    %pad/u 5;
    %store/vec4 v0x7f9bee407190_0, 0, 5;
T_0.13 ;
T_0.11 ;
T_0.9 ;
T_0.7 ;
T_0.5 ;
T_0.3 ;
T_0.1 ;
    %jmp T_0;
    .thread T_0, $push;
    .scope S_0x7f9bee6008f0;
T_1 ;
    %vpi_call 2 13 "$dumpfile", "ALU.vcd" {0 0 0};
    %vpi_call 2 14 "$dumpvars", 32'sb00000000000000000000000000000000, S_0x7f9bee6008f0 {0 0 0};
    %vpi_call 2 15 "$display", "done testing case %d", v0x7f9bee4074e0_0 {0 0 0};
    %pushi/vec4 1, 0, 4;
    %store/vec4 v0x7f9bee407360_0, 0, 4;
    %pushi/vec4 0, 0, 4;
    %store/vec4 v0x7f9bee407430_0, 0, 4;
    %pushi/vec4 0, 0, 3;
    %store/vec4 v0x7f9bee4075b0_0, 0, 3;
    %delay 10, 0;
    %pushi/vec4 5, 0, 4;
    %store/vec4 v0x7f9bee407360_0, 0, 4;
    %pushi/vec4 3, 0, 4;
    %store/vec4 v0x7f9bee407430_0, 0, 4;
    %pushi/vec4 3, 0, 3;
    %store/vec4 v0x7f9bee4075b0_0, 0, 3;
    %delay 10, 0;
    %pushi/vec4 5, 0, 4;
    %store/vec4 v0x7f9bee407360_0, 0, 4;
    %pushi/vec4 3, 0, 4;
    %store/vec4 v0x7f9bee407430_0, 0, 4;
    %pushi/vec4 2, 0, 3;
    %store/vec4 v0x7f9bee4075b0_0, 0, 3;
    %delay 10, 0;
    %vpi_call 2 22 "$finish" {0 0 0};
    %end;
    .thread T_1;
# The file index is used to find the file name in the following table.
:file_names 4;
    "N/A";
    "<interactive>";
    "ALU_tb.v";
    "./ALU.v";
