#! /usr/local/bin/vvp
:ivl_version "10.3 (stable)" "(v10_3-10-g756674aa)";
:ivl_delay_selection "TYPICAL";
:vpi_time_precision + 0;
:vpi_module "system";
:vpi_module "vhdl_sys";
:vpi_module "v2005_math";
:vpi_module "va_math";
S_0x7fc551403310 .scope module, "mac_tb" "mac_tb" 2 3;
 .timescale 0 0;
v0x7fc551413c10_0 .var "A", 7 0;
v0x7fc551413cc0_0 .net "Acc", 31 0, v0x7fc551413730_0;  1 drivers
v0x7fc551413d50_0 .var "B", 7 0;
v0x7fc551413e00_0 .var "C", 7 0;
v0x7fc551413eb0_0 .var "D", 7 0;
v0x7fc551413f80_0 .var "clk", 0 0;
v0x7fc551414030_0 .var "reset", 0 0;
S_0x7fc551403470 .scope module, "obj" "mac" 2 9, 3 5 0, S_0x7fc551403310;
 .timescale 0 0;
    .port_info 0 /INPUT 8 "A"
    .port_info 1 /INPUT 8 "B"
    .port_info 2 /INPUT 8 "C"
    .port_info 3 /INPUT 8 "D"
    .port_info 4 /INPUT 1 "clk"
    .port_info 5 /INPUT 1 "reset"
    .port_info 6 /OUTPUT 32 "Acc"
v0x7fc551403680_0 .net "A", 7 0, v0x7fc551413c10_0;  1 drivers
v0x7fc551413730_0 .var "Acc", 31 0;
v0x7fc5514137d0_0 .net "B", 7 0, v0x7fc551413d50_0;  1 drivers
v0x7fc551413880_0 .net "C", 7 0, v0x7fc551413e00_0;  1 drivers
v0x7fc551413930_0 .net "D", 7 0, v0x7fc551413eb0_0;  1 drivers
v0x7fc551413a20_0 .net "clk", 0 0, v0x7fc551413f80_0;  1 drivers
v0x7fc551413ac0_0 .net "reset", 0 0, v0x7fc551414030_0;  1 drivers
E_0x7fc551402ef0/0 .event negedge, v0x7fc551413ac0_0;
E_0x7fc551402ef0/1 .event posedge, v0x7fc551413a20_0;
E_0x7fc551402ef0 .event/or E_0x7fc551402ef0/0, E_0x7fc551402ef0/1;
    .scope S_0x7fc551403470;
T_0 ;
    %wait E_0x7fc551402ef0;
    %load/vec4 v0x7fc551413ac0_0;
    %pad/u 32;
    %cmpi/e 0, 0, 32;
    %jmp/0xz  T_0.0, 4;
    %pushi/vec4 0, 0, 32;
    %assign/vec4 v0x7fc551413730_0, 0;
    %jmp T_0.1;
T_0.0 ;
    %load/vec4 v0x7fc551403680_0;
    %pad/u 32;
    %load/vec4 v0x7fc5514137d0_0;
    %pad/u 32;
    %mul;
    %load/vec4 v0x7fc551413880_0;
    %pad/u 32;
    %load/vec4 v0x7fc551413930_0;
    %pad/u 32;
    %mul;
    %add;
    %load/vec4 v0x7fc551413730_0;
    %add;
    %assign/vec4 v0x7fc551413730_0, 0;
T_0.1 ;
    %jmp T_0;
    .thread T_0;
    .scope S_0x7fc551403310;
T_1 ;
    %vpi_call 2 13 "$dumpfile", "mac.vcd" {0 0 0};
    %vpi_call 2 14 "$dumpvars", 32'sb00000000000000000000000000000000, S_0x7fc551403310 {0 0 0};
    %vpi_call 2 15 "$display", "done testing case %d", v0x7fc551413cc0_0 {0 0 0};
    %pushi/vec4 2, 0, 8;
    %store/vec4 v0x7fc551413c10_0, 0, 8;
    %pushi/vec4 2, 0, 8;
    %store/vec4 v0x7fc551413d50_0, 0, 8;
    %pushi/vec4 2, 0, 8;
    %store/vec4 v0x7fc551413e00_0, 0, 8;
    %pushi/vec4 2, 0, 8;
    %store/vec4 v0x7fc551413eb0_0, 0, 8;
    %pushi/vec4 0, 0, 1;
    %store/vec4 v0x7fc551413f80_0, 0, 1;
    %pushi/vec4 0, 0, 1;
    %store/vec4 v0x7fc551414030_0, 0, 1;
    %delay 10, 0;
    %pushi/vec4 1, 0, 1;
    %store/vec4 v0x7fc551414030_0, 0, 1;
    %delay 10, 0;
    %pushi/vec4 3, 0, 8;
    %store/vec4 v0x7fc551413c10_0, 0, 8;
    %pushi/vec4 3, 0, 8;
    %store/vec4 v0x7fc551413d50_0, 0, 8;
    %pushi/vec4 3, 0, 8;
    %store/vec4 v0x7fc551413e00_0, 0, 8;
    %pushi/vec4 3, 0, 8;
    %store/vec4 v0x7fc551413eb0_0, 0, 8;
    %delay 10, 0;
    %vpi_call 2 22 "$finish" {0 0 0};
    %end;
    .thread T_1;
    .scope S_0x7fc551403310;
T_2 ;
    %delay 5, 0;
    %load/vec4 v0x7fc551413f80_0;
    %nor/r;
    %store/vec4 v0x7fc551413f80_0, 0, 1;
    %jmp T_2;
    .thread T_2;
# The file index is used to find the file name in the following table.
:file_names 4;
    "N/A";
    "<interactive>";
    "mac_tb.v";
    "./mac.v";
