#! /usr/local/bin/vvp
:ivl_version "10.3 (stable)" "(v10_3-10-g756674aa)";
:ivl_delay_selection "TYPICAL";
:vpi_time_precision + 0;
:vpi_module "system";
:vpi_module "vhdl_sys";
:vpi_module "v2005_math";
:vpi_module "va_math";
S_0x7fb426600280 .scope module, "mainfile" "mainfile" 2 1;
 .timescale 0 0;
    .port_info 0 /INPUT 1 "clk"
    .port_info 1 /INPUT 1 "reset"
    .port_info 2 /INPUT 1 "disp_switch"
    .port_info 3 /OUTPUT 2 "sample_switch"
    .port_info 4 /OUTPUT 7 "seg_7"
v0x7fb426600500_0 .var "N_samples", 3 0;
v0x7fb4267100c0_0 .var "P", 7 0;
v0x7fb426710180 .array "ROM_A", 8 0, 3 0;
v0x7fb426710230 .array "ROM_B", 8 0, 3 0;
o0x10cf42068 .functor BUFZ 1, C4<z>; HiZ drive
v0x7fb4267102d0_0 .net "clk", 0 0, o0x10cf42068;  0 drivers
o0x10cf42098 .functor BUFZ 1, C4<z>; HiZ drive
v0x7fb4267103b0_0 .net "disp_switch", 0 0, o0x10cf42098;  0 drivers
o0x10cf420c8 .functor BUFZ 1, C4<z>; HiZ drive
v0x7fb426710450_0 .net "reset", 0 0, o0x10cf420c8;  0 drivers
o0x10cf420f8 .functor BUFZ 2, C4<zz>; HiZ drive
v0x7fb4267104f0_0 .net "sample_switch", 1 0, o0x10cf420f8;  0 drivers
v0x7fb4267105a0_0 .var "seg", 7 0;
v0x7fb4267106b0_0 .var "seg_7", 6 0;
v0x7fb426710760_0 .var "sum_count", 3 0;
E_0x7fb426600050 .event edge, v0x7fb4267105a0_0;
E_0x7fb426600460 .event edge, v0x7fb4267103b0_0;
E_0x7fb426600490/0 .event negedge, v0x7fb426710450_0;
E_0x7fb426600490/1 .event posedge, v0x7fb4267102d0_0;
E_0x7fb426600490 .event/or E_0x7fb426600490/0, E_0x7fb426600490/1;
E_0x7fb4266004c0 .event edge, v0x7fb4267104f0_0;
    .scope S_0x7fb426600280;
T_0 ;
    %wait E_0x7fb4266004c0;
    %load/vec4 v0x7fb4267104f0_0;
    %dup/vec4;
    %pushi/vec4 0, 0, 2;
    %cmp/u;
    %jmp/1 T_0.0, 6;
    %dup/vec4;
    %pushi/vec4 1, 0, 2;
    %cmp/u;
    %jmp/1 T_0.1, 6;
    %dup/vec4;
    %pushi/vec4 2, 0, 2;
    %cmp/u;
    %jmp/1 T_0.2, 6;
    %pushi/vec4 8, 0, 4;
    %store/vec4 v0x7fb426600500_0, 0, 4;
    %jmp T_0.4;
T_0.0 ;
    %pushi/vec4 1, 0, 4;
    %store/vec4 v0x7fb426600500_0, 0, 4;
    %jmp T_0.4;
T_0.1 ;
    %pushi/vec4 2, 0, 4;
    %store/vec4 v0x7fb426600500_0, 0, 4;
    %jmp T_0.4;
T_0.2 ;
    %pushi/vec4 4, 0, 4;
    %store/vec4 v0x7fb426600500_0, 0, 4;
    %jmp T_0.4;
T_0.4 ;
    %pop/vec4 1;
    %jmp T_0;
    .thread T_0, $push;
    .scope S_0x7fb426600280;
T_1 ;
    %wait E_0x7fb426600490;
    %load/vec4 v0x7fb426710450_0;
    %pad/u 32;
    %cmpi/e 0, 0, 32;
    %jmp/0xz  T_1.0, 4;
    %pushi/vec4 0, 0, 4;
    %assign/vec4 v0x7fb426710760_0, 0;
    %pushi/vec4 0, 0, 8;
    %assign/vec4 v0x7fb4267100c0_0, 0;
    %jmp T_1.1;
T_1.0 ;
    %load/vec4 v0x7fb426710760_0;
    %load/vec4 v0x7fb426600500_0;
    %cmp/u;
    %jmp/0xz  T_1.2, 5;
    %load/vec4 v0x7fb4267100c0_0;
    %load/vec4 v0x7fb426710760_0;
    %pad/u 5;
    %ix/vec4 4;
    %load/vec4a v0x7fb426710180, 4;
    %pad/u 8;
    %load/vec4 v0x7fb426710760_0;
    %pad/u 5;
    %ix/vec4 4;
    %load/vec4a v0x7fb426710230, 4;
    %pad/u 8;
    %mul;
    %add;
    %store/vec4 v0x7fb4267100c0_0, 0, 8;
    %load/vec4 v0x7fb426710760_0;
    %addi 1, 0, 4;
    %store/vec4 v0x7fb426710760_0, 0, 4;
T_1.2 ;
T_1.1 ;
    %jmp T_1;
    .thread T_1;
    .scope S_0x7fb426600280;
T_2 ;
    %wait E_0x7fb426600460;
    %load/vec4 v0x7fb4267103b0_0;
    %dup/vec4;
    %pushi/vec4 0, 0, 1;
    %cmp/u;
    %jmp/1 T_2.0, 6;
    %load/vec4 v0x7fb4267100c0_0;
    %store/vec4 v0x7fb4267105a0_0, 0, 8;
    %jmp T_2.2;
T_2.0 ;
    %pushi/vec4 0, 0, 6;
    %load/vec4 v0x7fb4267104f0_0;
    %concat/vec4; draw_concat_vec4
    %store/vec4 v0x7fb4267105a0_0, 0, 8;
    %jmp T_2.2;
T_2.2 ;
    %pop/vec4 1;
    %jmp T_2;
    .thread T_2, $push;
    .scope S_0x7fb426600280;
T_3 ;
    %wait E_0x7fb426600050;
    %load/vec4 v0x7fb4267105a0_0;
    %dup/vec4;
    %pushi/vec4 0, 0, 8;
    %cmp/u;
    %jmp/1 T_3.0, 6;
    %dup/vec4;
    %pushi/vec4 1, 0, 8;
    %cmp/u;
    %jmp/1 T_3.1, 6;
    %dup/vec4;
    %pushi/vec4 2, 0, 8;
    %cmp/u;
    %jmp/1 T_3.2, 6;
    %dup/vec4;
    %pushi/vec4 3, 0, 8;
    %cmp/u;
    %jmp/1 T_3.3, 6;
    %dup/vec4;
    %pushi/vec4 4, 0, 8;
    %cmp/u;
    %jmp/1 T_3.4, 6;
    %dup/vec4;
    %pushi/vec4 5, 0, 8;
    %cmp/u;
    %jmp/1 T_3.5, 6;
    %dup/vec4;
    %pushi/vec4 6, 0, 8;
    %cmp/u;
    %jmp/1 T_3.6, 6;
    %dup/vec4;
    %pushi/vec4 7, 0, 8;
    %cmp/u;
    %jmp/1 T_3.7, 6;
    %dup/vec4;
    %pushi/vec4 8, 0, 8;
    %cmp/u;
    %jmp/1 T_3.8, 6;
    %dup/vec4;
    %pushi/vec4 9, 0, 8;
    %cmp/u;
    %jmp/1 T_3.9, 6;
    %pushi/vec4 127, 0, 7;
    %store/vec4 v0x7fb4267106b0_0, 0, 7;
    %jmp T_3.11;
T_3.0 ;
    %pushi/vec4 1, 0, 7;
    %store/vec4 v0x7fb4267106b0_0, 0, 7;
    %jmp T_3.11;
T_3.1 ;
    %pushi/vec4 79, 0, 7;
    %store/vec4 v0x7fb4267106b0_0, 0, 7;
    %jmp T_3.11;
T_3.2 ;
    %pushi/vec4 18, 0, 7;
    %store/vec4 v0x7fb4267106b0_0, 0, 7;
    %jmp T_3.11;
T_3.3 ;
    %pushi/vec4 6, 0, 7;
    %store/vec4 v0x7fb4267106b0_0, 0, 7;
    %jmp T_3.11;
T_3.4 ;
    %pushi/vec4 76, 0, 7;
    %store/vec4 v0x7fb4267106b0_0, 0, 7;
    %jmp T_3.11;
T_3.5 ;
    %pushi/vec4 36, 0, 7;
    %store/vec4 v0x7fb4267106b0_0, 0, 7;
    %jmp T_3.11;
T_3.6 ;
    %pushi/vec4 32, 0, 7;
    %store/vec4 v0x7fb4267106b0_0, 0, 7;
    %jmp T_3.11;
T_3.7 ;
    %pushi/vec4 15, 0, 7;
    %store/vec4 v0x7fb4267106b0_0, 0, 7;
    %jmp T_3.11;
T_3.8 ;
    %pushi/vec4 0, 0, 7;
    %store/vec4 v0x7fb4267106b0_0, 0, 7;
    %jmp T_3.11;
T_3.9 ;
    %pushi/vec4 12, 0, 7;
    %store/vec4 v0x7fb4267106b0_0, 0, 7;
    %jmp T_3.11;
T_3.11 ;
    %pop/vec4 1;
    %jmp T_3;
    .thread T_3, $push;
# The file index is used to find the file name in the following table.
:file_names 3;
    "N/A";
    "<interactive>";
    "mainfile.v";
