#! /usr/local/bin/vvp
:ivl_version "10.3 (stable)" "(v10_3-10-g756674aa)";
:ivl_delay_selection "TYPICAL";
:vpi_time_precision + 0;
:vpi_module "system";
:vpi_module "vhdl_sys";
:vpi_module "v2005_math";
:vpi_module "va_math";
S_0x7fcbbf501070 .scope module, "Question4_tb" "Question4_tb" 2 3;
 .timescale 0 0;
v0x7fcbbf505160_0 .var "num", 3 0;
v0x7fcbbf505220_0 .net "out", 6 0, v0x7fcbbf5050a0_0;  1 drivers
S_0x7fcbbf5011d0 .scope module, "obj" "Question4" 2 7, 3 4 0, S_0x7fcbbf501070;
 .timescale 0 0;
    .port_info 0 /INPUT 4 "num"
    .port_info 1 /OUTPUT 7 "out"
v0x7fcbbf501330_0 .net "num", 3 0, v0x7fcbbf505160_0;  1 drivers
v0x7fcbbf5050a0_0 .var "out", 6 0;
E_0x7fcbbf500b70 .event edge, v0x7fcbbf501330_0;
    .scope S_0x7fcbbf5011d0;
T_0 ;
    %wait E_0x7fcbbf500b70;
    %load/vec4 v0x7fcbbf501330_0;
    %dup/vec4;
    %pushi/vec4 0, 0, 4;
    %cmp/u;
    %jmp/1 T_0.0, 6;
    %dup/vec4;
    %pushi/vec4 1, 0, 4;
    %cmp/u;
    %jmp/1 T_0.1, 6;
    %dup/vec4;
    %pushi/vec4 2, 0, 4;
    %cmp/u;
    %jmp/1 T_0.2, 6;
    %dup/vec4;
    %pushi/vec4 3, 0, 4;
    %cmp/u;
    %jmp/1 T_0.3, 6;
    %dup/vec4;
    %pushi/vec4 4, 0, 4;
    %cmp/u;
    %jmp/1 T_0.4, 6;
    %dup/vec4;
    %pushi/vec4 5, 0, 4;
    %cmp/u;
    %jmp/1 T_0.5, 6;
    %dup/vec4;
    %pushi/vec4 6, 0, 4;
    %cmp/u;
    %jmp/1 T_0.6, 6;
    %dup/vec4;
    %pushi/vec4 7, 0, 4;
    %cmp/u;
    %jmp/1 T_0.7, 6;
    %dup/vec4;
    %pushi/vec4 8, 0, 4;
    %cmp/u;
    %jmp/1 T_0.8, 6;
    %dup/vec4;
    %pushi/vec4 9, 0, 4;
    %cmp/u;
    %jmp/1 T_0.9, 6;
    %pushi/vec4 127, 0, 7;
    %store/vec4 v0x7fcbbf5050a0_0, 0, 7;
    %jmp T_0.11;
T_0.0 ;
    %pushi/vec4 1, 0, 7;
    %store/vec4 v0x7fcbbf5050a0_0, 0, 7;
    %jmp T_0.11;
T_0.1 ;
    %pushi/vec4 79, 0, 7;
    %store/vec4 v0x7fcbbf5050a0_0, 0, 7;
    %jmp T_0.11;
T_0.2 ;
    %pushi/vec4 18, 0, 7;
    %store/vec4 v0x7fcbbf5050a0_0, 0, 7;
    %jmp T_0.11;
T_0.3 ;
    %pushi/vec4 6, 0, 7;
    %store/vec4 v0x7fcbbf5050a0_0, 0, 7;
    %jmp T_0.11;
T_0.4 ;
    %pushi/vec4 76, 0, 7;
    %store/vec4 v0x7fcbbf5050a0_0, 0, 7;
    %jmp T_0.11;
T_0.5 ;
    %pushi/vec4 36, 0, 7;
    %store/vec4 v0x7fcbbf5050a0_0, 0, 7;
    %jmp T_0.11;
T_0.6 ;
    %pushi/vec4 32, 0, 7;
    %store/vec4 v0x7fcbbf5050a0_0, 0, 7;
    %jmp T_0.11;
T_0.7 ;
    %pushi/vec4 15, 0, 7;
    %store/vec4 v0x7fcbbf5050a0_0, 0, 7;
    %jmp T_0.11;
T_0.8 ;
    %pushi/vec4 0, 0, 7;
    %store/vec4 v0x7fcbbf5050a0_0, 0, 7;
    %jmp T_0.11;
T_0.9 ;
    %pushi/vec4 12, 0, 7;
    %store/vec4 v0x7fcbbf5050a0_0, 0, 7;
    %jmp T_0.11;
T_0.11 ;
    %pop/vec4 1;
    %jmp T_0;
    .thread T_0, $push;
    .scope S_0x7fcbbf501070;
T_1 ;
    %vpi_call 2 10 "$dumpfile", "Question4.vcd" {0 0 0};
    %vpi_call 2 11 "$dumpvars", 32'sb00000000000000000000000000000000, S_0x7fcbbf501070 {0 0 0};
    %vpi_call 2 12 "$display", "done testing case %d", v0x7fcbbf505220_0 {0 0 0};
    %pushi/vec4 0, 0, 4;
    %store/vec4 v0x7fcbbf505160_0, 0, 4;
    %delay 10, 0;
    %pushi/vec4 1, 0, 4;
    %store/vec4 v0x7fcbbf505160_0, 0, 4;
    %delay 10, 0;
    %pushi/vec4 2, 0, 4;
    %store/vec4 v0x7fcbbf505160_0, 0, 4;
    %delay 10, 0;
    %pushi/vec4 3, 0, 4;
    %store/vec4 v0x7fcbbf505160_0, 0, 4;
    %delay 10, 0;
    %pushi/vec4 4, 0, 4;
    %store/vec4 v0x7fcbbf505160_0, 0, 4;
    %delay 10, 0;
    %pushi/vec4 5, 0, 4;
    %store/vec4 v0x7fcbbf505160_0, 0, 4;
    %delay 10, 0;
    %pushi/vec4 6, 0, 4;
    %store/vec4 v0x7fcbbf505160_0, 0, 4;
    %delay 10, 0;
    %vpi_call 2 27 "$finish" {0 0 0};
    %end;
    .thread T_1;
# The file index is used to find the file name in the following table.
:file_names 4;
    "N/A";
    "<interactive>";
    "Question4_tb.v";
    "./Question4.v";
