#! /usr/local/bin/vvp
:ivl_version "10.3 (stable)" "(v10_3-10-g756674aa)";
:ivl_delay_selection "TYPICAL";
:vpi_time_precision + 0;
:vpi_module "system";
:vpi_module "vhdl_sys";
:vpi_module "v2005_math";
:vpi_module "va_math";
S_0x7f92c8f012e0 .scope module, "Question2" "Question2" 2 4;
 .timescale 0 0;
    .port_info 0 /INPUT 1 "x"
    .port_info 1 /INPUT 1 "clk"
    .port_info 2 /INPUT 1 "reset"
    .port_info 3 /OUTPUT 1 "y"
v0x7f92c8f01440_0 .net *"_s0", 0 0, L_0x7f92c8d042d0;  1 drivers
v0x7f92c8d03a20_0 .net *"_s2", 0 0, L_0x7f92c8c03760;  1 drivers
v0x7f92c8d03ae0_0 .net *"_s4", 0 0, L_0x7f92c8c038e0;  1 drivers
L_0x10ed5a008 .functor BUFT 1, C4<0>, C4<0>, C4<0>, C4<0>;
v0x7f92c8d03b80_0 .net/2u *"_s6", 0 0, L_0x10ed5a008;  1 drivers
o0x10ed290c8 .functor BUFZ 1, C4<z>; HiZ drive
v0x7f92c8d03c30_0 .net "clk", 0 0, o0x10ed290c8;  0 drivers
o0x10ed290f8 .functor BUFZ 1, C4<z>; HiZ drive
v0x7f92c8d03d10_0 .net "reset", 0 0, o0x10ed290f8;  0 drivers
o0x10ed29128 .functor BUFZ 1, C4<z>; HiZ drive
v0x7f92c8d03db0_0 .net "x", 0 0, o0x10ed29128;  0 drivers
v0x7f92c8d03e50_0 .var "x1", 0 0;
v0x7f92c8d03ef0_0 .var "x2", 0 0;
v0x7f92c8d04000_0 .var "x3", 0 0;
v0x7f92c8d04090_0 .net "y", 0 0, L_0x7f92c8c039e0;  1 drivers
v0x7f92c8d04130_0 .var "y1", 0 0;
v0x7f92c8d041d0_0 .var "y2", 0 0;
E_0x7f92c8e01680/0 .event negedge, v0x7f92c8d03d10_0;
E_0x7f92c8e01680/1 .event posedge, v0x7f92c8d03c30_0;
E_0x7f92c8e01680 .event/or E_0x7f92c8e01680/0, E_0x7f92c8e01680/1;
L_0x7f92c8d042d0 .arith/sub 1, o0x10ed29128, v0x7f92c8d03e50_0;
L_0x7f92c8c03760 .arith/sum 1, L_0x7f92c8d042d0, v0x7f92c8d03ef0_0;
L_0x7f92c8c038e0 .arith/sum 1, L_0x7f92c8c03760, v0x7f92c8d04000_0;
L_0x7f92c8c039e0 .arith/sum 1, L_0x7f92c8c038e0, L_0x10ed5a008;
    .scope S_0x7f92c8f012e0;
T_0 ;
    %wait E_0x7f92c8e01680;
    %load/vec4 v0x7f92c8d03d10_0;
    %pad/u 32;
    %cmpi/e 0, 0, 32;
    %jmp/0xz  T_0.0, 4;
    %pushi/vec4 0, 0, 1;
    %assign/vec4 v0x7f92c8d03e50_0, 0;
    %pushi/vec4 0, 0, 1;
    %assign/vec4 v0x7f92c8d03ef0_0, 0;
    %pushi/vec4 0, 0, 1;
    %assign/vec4 v0x7f92c8d04000_0, 0;
    %pushi/vec4 0, 0, 1;
    %assign/vec4 v0x7f92c8d04130_0, 0;
    %pushi/vec4 0, 0, 1;
    %assign/vec4 v0x7f92c8d041d0_0, 0;
    %jmp T_0.1;
T_0.0 ;
    %load/vec4 v0x7f92c8d03db0_0;
    %assign/vec4 v0x7f92c8d03e50_0, 0;
    %load/vec4 v0x7f92c8d03e50_0;
    %assign/vec4 v0x7f92c8d03ef0_0, 0;
    %load/vec4 v0x7f92c8d03ef0_0;
    %assign/vec4 v0x7f92c8d04000_0, 0;
    %load/vec4 v0x7f92c8d04090_0;
    %assign/vec4 v0x7f92c8d04130_0, 0;
    %load/vec4 v0x7f92c8d04130_0;
    %assign/vec4 v0x7f92c8d041d0_0, 0;
T_0.1 ;
    %jmp T_0;
    .thread T_0;
# The file index is used to find the file name in the following table.
:file_names 3;
    "N/A";
    "<interactive>";
    "Question2.v";
