#! /usr/local/bin/vvp
:ivl_version "10.3 (stable)" "(v10_3-10-g756674aa)";
:ivl_delay_selection "TYPICAL";
:vpi_time_precision + 0;
:vpi_module "system";
:vpi_module "vhdl_sys";
:vpi_module "v2005_math";
:vpi_module "va_math";
S_0x7fb7f3600bc0 .scope module, "Question1_tb" "Question1_tb" 2 3;
 .timescale 0 0;
v0x7fb7f3611d90_0 .var "clk", 0 0;
v0x7fb7f3611e20_0 .var "data", 3 0;
v0x7fb7f3611eb0_0 .net "out", 7 0, L_0x7fb7f3612a70;  1 drivers
v0x7fb7f3611f40_0 .var "reset", 0 0;
S_0x7fb7f3600d20 .scope module, "obj" "Question1" 2 8, 3 3 0, S_0x7fb7f3600bc0;
 .timescale 0 0;
    .port_info 0 /INPUT 4 "data"
    .port_info 1 /INPUT 1 "clk"
    .port_info 2 /INPUT 1 "reset"
    .port_info 3 /OUTPUT 8 "out"
v0x7fb7f3600e80_0 .net *"_s0", 7 0, L_0x7fb7f3611ff0;  1 drivers
L_0x1032c9050 .functor BUFT 1, C4<0000000>, C4<0>, C4<0>, C4<0>;
v0x7fb7f3610ef0_0 .net *"_s11", 6 0, L_0x1032c9050;  1 drivers
v0x7fb7f3610fa0_0 .net *"_s12", 7 0, L_0x7fb7f3612470;  1 drivers
v0x7fb7f3611060_0 .net *"_s16", 7 0, L_0x7fb7f3612680;  1 drivers
L_0x1032c9098 .functor BUFT 1, C4<0000000>, C4<0>, C4<0>, C4<0>;
v0x7fb7f3611110_0 .net *"_s19", 6 0, L_0x1032c9098;  1 drivers
v0x7fb7f3611200_0 .net *"_s20", 7 0, L_0x7fb7f36127a0;  1 drivers
L_0x1032c90e0 .functor BUFT 1, C4<0000000>, C4<0>, C4<0>, C4<0>;
v0x7fb7f36112b0_0 .net *"_s23", 6 0, L_0x1032c90e0;  1 drivers
v0x7fb7f3611360_0 .net *"_s24", 7 0, L_0x7fb7f36128e0;  1 drivers
L_0x1032c9008 .functor BUFT 1, C4<0000>, C4<0>, C4<0>, C4<0>;
v0x7fb7f3611410_0 .net *"_s3", 3 0, L_0x1032c9008;  1 drivers
v0x7fb7f3611520_0 .net *"_s4", 7 0, L_0x7fb7f3612150;  1 drivers
v0x7fb7f36115d0_0 .net *"_s8", 7 0, L_0x7fb7f3612330;  1 drivers
v0x7fb7f3611680_0 .var "acc1", 7 0;
v0x7fb7f3611730_0 .var "acc2", 7 0;
v0x7fb7f36117e0_0 .var "acc3", 7 0;
v0x7fb7f3611890_0 .net "clk", 0 0, v0x7fb7f3611d90_0;  1 drivers
v0x7fb7f3611930_0 .net "data", 3 0, v0x7fb7f3611e20_0;  1 drivers
v0x7fb7f36119e0_0 .net "out", 7 0, L_0x7fb7f3612a70;  alias, 1 drivers
v0x7fb7f3611b70_0 .net "reset", 0 0, v0x7fb7f3611f40_0;  1 drivers
v0x7fb7f3611c00_0 .net "sum1", 0 0, L_0x7fb7f3612250;  1 drivers
v0x7fb7f3611c90_0 .net "sum2", 0 0, L_0x7fb7f36125a0;  1 drivers
E_0x7fb7f36008c0/0 .event negedge, v0x7fb7f3611b70_0;
E_0x7fb7f36008c0/1 .event posedge, v0x7fb7f3611890_0;
E_0x7fb7f36008c0 .event/or E_0x7fb7f36008c0/0, E_0x7fb7f36008c0/1;
L_0x7fb7f3611ff0 .concat [ 4 4 0 0], v0x7fb7f3611e20_0, L_0x1032c9008;
L_0x7fb7f3612150 .arith/sum 8, L_0x7fb7f3611ff0, v0x7fb7f3611680_0;
L_0x7fb7f3612250 .part L_0x7fb7f3612150, 0, 1;
L_0x7fb7f3612330 .concat [ 1 7 0 0], L_0x7fb7f3612250, L_0x1032c9050;
L_0x7fb7f3612470 .arith/sum 8, L_0x7fb7f3612330, v0x7fb7f3611730_0;
L_0x7fb7f36125a0 .part L_0x7fb7f3612470, 0, 1;
L_0x7fb7f3612680 .concat [ 1 7 0 0], L_0x7fb7f3612250, L_0x1032c9098;
L_0x7fb7f36127a0 .concat [ 1 7 0 0], L_0x7fb7f36125a0, L_0x1032c90e0;
L_0x7fb7f36128e0 .arith/sum 8, L_0x7fb7f3612680, L_0x7fb7f36127a0;
L_0x7fb7f3612a70 .arith/sum 8, L_0x7fb7f36128e0, v0x7fb7f36117e0_0;
    .scope S_0x7fb7f3600d20;
T_0 ;
    %wait E_0x7fb7f36008c0;
    %load/vec4 v0x7fb7f3611b70_0;
    %pad/u 32;
    %cmpi/e 0, 0, 32;
    %jmp/0xz  T_0.0, 4;
    %pushi/vec4 0, 0, 8;
    %assign/vec4 v0x7fb7f3611680_0, 0;
    %pushi/vec4 0, 0, 8;
    %assign/vec4 v0x7fb7f3611730_0, 0;
    %pushi/vec4 0, 0, 8;
    %assign/vec4 v0x7fb7f36117e0_0, 0;
    %jmp T_0.1;
T_0.0 ;
    %load/vec4 v0x7fb7f3611c00_0;
    %pad/u 8;
    %assign/vec4 v0x7fb7f3611680_0, 0;
    %load/vec4 v0x7fb7f3611c90_0;
    %pad/u 8;
    %assign/vec4 v0x7fb7f3611730_0, 0;
    %load/vec4 v0x7fb7f36119e0_0;
    %assign/vec4 v0x7fb7f36117e0_0, 0;
T_0.1 ;
    %jmp T_0;
    .thread T_0;
    .scope S_0x7fb7f3600bc0;
T_1 ;
    %vpi_call 2 11 "$dumpfile", "Question1.vcd" {0 0 0};
    %vpi_call 2 12 "$dumpvars", 32'sb00000000000000000000000000000000, S_0x7fb7f3600bc0 {0 0 0};
    %vpi_call 2 13 "$display", "done testing case %d", v0x7fb7f3611eb0_0 {0 0 0};
    %pushi/vec4 0, 0, 4;
    %store/vec4 v0x7fb7f3611e20_0, 0, 4;
    %pushi/vec4 0, 0, 1;
    %store/vec4 v0x7fb7f3611f40_0, 0, 1;
    %pushi/vec4 0, 0, 1;
    %store/vec4 v0x7fb7f3611d90_0, 0, 1;
    %delay 10, 0;
    %pushi/vec4 0, 0, 4;
    %store/vec4 v0x7fb7f3611e20_0, 0, 4;
    %pushi/vec4 1, 0, 1;
    %store/vec4 v0x7fb7f3611f40_0, 0, 1;
    %delay 10, 0;
    %pushi/vec4 1, 0, 4;
    %store/vec4 v0x7fb7f3611e20_0, 0, 4;
    %delay 10, 0;
    %pushi/vec4 2, 0, 4;
    %store/vec4 v0x7fb7f3611e20_0, 0, 4;
    %delay 10, 0;
    %pushi/vec4 3, 0, 4;
    %store/vec4 v0x7fb7f3611e20_0, 0, 4;
    %delay 10, 0;
    %vpi_call 2 24 "$finish" {0 0 0};
    %end;
    .thread T_1;
    .scope S_0x7fb7f3600bc0;
T_2 ;
    %delay 5, 0;
    %load/vec4 v0x7fb7f3611d90_0;
    %nor/r;
    %store/vec4 v0x7fb7f3611d90_0, 0, 1;
    %jmp T_2;
    .thread T_2;
# The file index is used to find the file name in the following table.
:file_names 4;
    "N/A";
    "<interactive>";
    "Question1_tb.v";
    "./Question1.v";
