#! /usr/local/bin/vvp
:ivl_version "10.3 (stable)" "(v10_3-10-g756674aa)";
:ivl_delay_selection "TYPICAL";
:vpi_time_precision + 0;
:vpi_module "system";
:vpi_module "vhdl_sys";
:vpi_module "v2005_math";
:vpi_module "va_math";
S_0x7fb19e403400 .scope module, "Question3_tb" "Question3_tb" 2 3;
 .timescale 0 0;
v0x7fb19e60c180_0 .var "clk", 0 0;
v0x7fb19e60c240_0 .var "x", 0 0;
v0x7fb19e60c2f0_0 .net "y1", 0 0, v0x7fb19e60bfc0_0;  1 drivers
v0x7fb19e60c3c0_0 .net "y2", 0 0, v0x7fb19e60c0a0_0;  1 drivers
S_0x7fb19e403560 .scope module, "obj" "my_unit" 2 7, 3 3 0, S_0x7fb19e403400;
 .timescale 0 0;
    .port_info 0 /INPUT 1 "clk"
    .port_info 1 /INPUT 1 "x"
    .port_info 2 /OUTPUT 1 "y1"
    .port_info 3 /OUTPUT 1 "y2"
L_0x7fb19e60c470 .functor NOT 1, v0x7fb19e60bfc0_0, C4<0>, C4<0>, C4<0>;
L_0x7fb19e60c540 .functor OR 1, v0x7fb19e60c240_0, L_0x7fb19e60c470, C4<0>, C4<0>;
v0x7fb19e403790_0 .net *"_s0", 0 0, L_0x7fb19e60c470;  1 drivers
v0x7fb19e60bdc0_0 .net "clk", 0 0, v0x7fb19e60c180_0;  1 drivers
v0x7fb19e60be70_0 .net "w", 0 0, L_0x7fb19e60c540;  1 drivers
v0x7fb19e60bf20_0 .net "x", 0 0, v0x7fb19e60c240_0;  1 drivers
v0x7fb19e60bfc0_0 .var "y1", 0 0;
v0x7fb19e60c0a0_0 .var "y2", 0 0;
E_0x7fb19e403720 .event negedge, v0x7fb19e60bdc0_0;
E_0x7fb19e403750 .event posedge, v0x7fb19e60bdc0_0;
    .scope S_0x7fb19e403560;
T_0 ;
    %wait E_0x7fb19e403750;
    %load/vec4 v0x7fb19e60be70_0;
    %assign/vec4 v0x7fb19e60c0a0_0, 0;
    %jmp T_0;
    .thread T_0;
    .scope S_0x7fb19e403560;
T_1 ;
    %wait E_0x7fb19e403720;
    %load/vec4 v0x7fb19e60c0a0_0;
    %assign/vec4 v0x7fb19e60bfc0_0, 0;
    %jmp T_1;
    .thread T_1;
    .scope S_0x7fb19e403400;
T_2 ;
    %vpi_call 2 11 "$dumpfile", "Question3.vcd" {0 0 0};
    %vpi_call 2 12 "$dumpvars", 32'sb00000000000000000000000000000000, S_0x7fb19e403400 {0 0 0};
    %vpi_call 2 13 "$display", "done testing case %d", v0x7fb19e60c2f0_0 {0 0 0};
    %pushi/vec4 0, 0, 1;
    %store/vec4 v0x7fb19e60c180_0, 0, 1;
    %pushi/vec4 0, 0, 1;
    %store/vec4 v0x7fb19e60c240_0, 0, 1;
    %delay 10, 0;
    %pushi/vec4 1, 0, 1;
    %store/vec4 v0x7fb19e60c180_0, 0, 1;
    %delay 10, 0;
    %pushi/vec4 0, 0, 1;
    %store/vec4 v0x7fb19e60c180_0, 0, 1;
    %delay 10, 0;
    %pushi/vec4 1, 0, 1;
    %store/vec4 v0x7fb19e60c180_0, 0, 1;
    %pushi/vec4 1, 0, 1;
    %store/vec4 v0x7fb19e60c240_0, 0, 1;
    %delay 10, 0;
    %pushi/vec4 0, 0, 1;
    %store/vec4 v0x7fb19e60c180_0, 0, 1;
    %delay 10, 0;
    %pushi/vec4 1, 0, 1;
    %store/vec4 v0x7fb19e60c180_0, 0, 1;
    %delay 10, 0;
    %pushi/vec4 0, 0, 1;
    %store/vec4 v0x7fb19e60c180_0, 0, 1;
    %delay 10, 0;
    %pushi/vec4 1, 0, 1;
    %store/vec4 v0x7fb19e60c180_0, 0, 1;
    %pushi/vec4 0, 0, 1;
    %store/vec4 v0x7fb19e60c240_0, 0, 1;
    %delay 10, 0;
    %pushi/vec4 0, 0, 1;
    %store/vec4 v0x7fb19e60c180_0, 0, 1;
    %delay 10, 0;
    %pushi/vec4 1, 0, 1;
    %store/vec4 v0x7fb19e60c180_0, 0, 1;
    %pushi/vec4 1, 0, 1;
    %store/vec4 v0x7fb19e60c240_0, 0, 1;
    %delay 10, 0;
    %pushi/vec4 0, 0, 1;
    %store/vec4 v0x7fb19e60c180_0, 0, 1;
    %delay 10, 0;
    %pushi/vec4 1, 0, 1;
    %store/vec4 v0x7fb19e60c180_0, 0, 1;
    %pushi/vec4 0, 0, 1;
    %store/vec4 v0x7fb19e60c240_0, 0, 1;
    %delay 10, 0;
    %pushi/vec4 0, 0, 1;
    %store/vec4 v0x7fb19e60c180_0, 0, 1;
    %delay 10, 0;
    %vpi_call 2 40 "$finish" {0 0 0};
    %end;
    .thread T_2;
# The file index is used to find the file name in the following table.
:file_names 4;
    "N/A";
    "<interactive>";
    "Question3_tb.v";
    "./Question3.v";
