#! /usr/local/bin/vvp
:ivl_version "10.3 (stable)" "(v10_3-10-g756674aa)";
:ivl_delay_selection "TYPICAL";
:vpi_time_precision + 0;
:vpi_module "system";
:vpi_module "vhdl_sys";
:vpi_module "v2005_math";
:vpi_module "va_math";
S_0x7f8dd2f00240 .scope module, "Question2_tb" "Question2_tb" 2 3;
 .timescale 0 0;
v0x7f8dd2f11b00_0 .var "clk", 0 0;
v0x7f8dd2f11b90_0 .var "reset", 0 0;
v0x7f8dd2f11c20_0 .var "x", 3 0;
v0x7f8dd2f11cb0_0 .net "y", 3 0, L_0x7f8dd2f12d30;  1 drivers
S_0x7f8dd2f003a0 .scope module, "obj" "Question2" 2 8, 3 4 0, S_0x7f8dd2f00240;
 .timescale 0 0;
    .port_info 0 /INPUT 4 "x"
    .port_info 1 /INPUT 1 "clk"
    .port_info 2 /INPUT 1 "reset"
    .port_info 3 /OUTPUT 4 "y"
v0x7f8dd2f005a0_0 .net *"_s0", 3 0, L_0x7f8dd2f11d60;  1 drivers
v0x7f8dd2f10660_0 .net *"_s10", 3 0, L_0x7f8dd2f12120;  1 drivers
v0x7f8dd2f10710_0 .net *"_s12", 3 0, L_0x7f8dd2f12260;  1 drivers
L_0x108e41098 .functor BUFT 1, C4<000>, C4<0>, C4<0>, C4<0>;
v0x7f8dd2f107d0_0 .net *"_s15", 2 0, L_0x108e41098;  1 drivers
v0x7f8dd2f10880_0 .net *"_s16", 3 0, L_0x7f8dd2f12390;  1 drivers
v0x7f8dd2f10970_0 .net *"_s18", 3 0, L_0x7f8dd2f124d0;  1 drivers
L_0x108e410e0 .functor BUFT 1, C4<000>, C4<0>, C4<0>, C4<0>;
v0x7f8dd2f10a20_0 .net *"_s21", 2 0, L_0x108e410e0;  1 drivers
v0x7f8dd2f10ad0_0 .net *"_s22", 3 0, L_0x7f8dd2f12730;  1 drivers
v0x7f8dd2f10b80_0 .net *"_s24", 2 0, L_0x7f8dd2f12610;  1 drivers
L_0x108e41128 .functor BUFT 1, C4<0>, C4<0>, C4<0>, C4<0>;
v0x7f8dd2f10c90_0 .net *"_s26", 0 0, L_0x108e41128;  1 drivers
v0x7f8dd2f10d40_0 .net *"_s28", 3 0, L_0x7f8dd2f128a0;  1 drivers
L_0x108e41008 .functor BUFT 1, C4<000>, C4<0>, C4<0>, C4<0>;
v0x7f8dd2f10df0_0 .net *"_s3", 2 0, L_0x108e41008;  1 drivers
v0x7f8dd2f10ea0_0 .net *"_s30", 3 0, L_0x7f8dd2f129a0;  1 drivers
L_0x108e41170 .functor BUFT 1, C4<000>, C4<0>, C4<0>, C4<0>;
v0x7f8dd2f10f50_0 .net *"_s33", 2 0, L_0x108e41170;  1 drivers
v0x7f8dd2f11000_0 .net *"_s34", 3 0, L_0x7f8dd2f12b80;  1 drivers
v0x7f8dd2f110b0_0 .net *"_s36", 1 0, L_0x7f8dd2f12ae0;  1 drivers
L_0x108e411b8 .functor BUFT 1, C4<00>, C4<0>, C4<0>, C4<0>;
v0x7f8dd2f11160_0 .net *"_s38", 1 0, L_0x108e411b8;  1 drivers
v0x7f8dd2f112f0_0 .net *"_s4", 3 0, L_0x7f8dd2f11ec0;  1 drivers
v0x7f8dd2f11380_0 .net *"_s6", 3 0, L_0x7f8dd2f12000;  1 drivers
L_0x108e41050 .functor BUFT 1, C4<000>, C4<0>, C4<0>, C4<0>;
v0x7f8dd2f11430_0 .net *"_s9", 2 0, L_0x108e41050;  1 drivers
v0x7f8dd2f114e0_0 .net "clk", 0 0, v0x7f8dd2f11b00_0;  1 drivers
v0x7f8dd2f11580_0 .net "reset", 0 0, v0x7f8dd2f11b90_0;  1 drivers
v0x7f8dd2f11620_0 .net "x", 3 0, v0x7f8dd2f11c20_0;  1 drivers
v0x7f8dd2f116d0_0 .var "x1", 0 0;
v0x7f8dd2f11770_0 .var "x2", 0 0;
v0x7f8dd2f11810_0 .var "x3", 0 0;
v0x7f8dd2f118b0_0 .net "y", 3 0, L_0x7f8dd2f12d30;  alias, 1 drivers
v0x7f8dd2f11960_0 .var "y1", 0 0;
v0x7f8dd2f11a00_0 .var "y2", 0 0;
E_0x7f8dd2f00560/0 .event negedge, v0x7f8dd2f11580_0;
E_0x7f8dd2f00560/1 .event posedge, v0x7f8dd2f114e0_0;
E_0x7f8dd2f00560 .event/or E_0x7f8dd2f00560/0, E_0x7f8dd2f00560/1;
L_0x7f8dd2f11d60 .concat [ 1 3 0 0], v0x7f8dd2f116d0_0, L_0x108e41008;
L_0x7f8dd2f11ec0 .arith/sub 4, v0x7f8dd2f11c20_0, L_0x7f8dd2f11d60;
L_0x7f8dd2f12000 .concat [ 1 3 0 0], v0x7f8dd2f11770_0, L_0x108e41050;
L_0x7f8dd2f12120 .arith/sum 4, L_0x7f8dd2f11ec0, L_0x7f8dd2f12000;
L_0x7f8dd2f12260 .concat [ 1 3 0 0], v0x7f8dd2f11810_0, L_0x108e41098;
L_0x7f8dd2f12390 .arith/sum 4, L_0x7f8dd2f12120, L_0x7f8dd2f12260;
L_0x7f8dd2f124d0 .concat [ 1 3 0 0], v0x7f8dd2f11960_0, L_0x108e410e0;
L_0x7f8dd2f12610 .part L_0x7f8dd2f124d0, 1, 3;
L_0x7f8dd2f12730 .concat [ 3 1 0 0], L_0x7f8dd2f12610, L_0x108e41128;
L_0x7f8dd2f128a0 .arith/sum 4, L_0x7f8dd2f12390, L_0x7f8dd2f12730;
L_0x7f8dd2f129a0 .concat [ 1 3 0 0], v0x7f8dd2f11a00_0, L_0x108e41170;
L_0x7f8dd2f12ae0 .part L_0x7f8dd2f129a0, 2, 2;
L_0x7f8dd2f12b80 .concat [ 2 2 0 0], L_0x7f8dd2f12ae0, L_0x108e411b8;
L_0x7f8dd2f12d30 .arith/sum 4, L_0x7f8dd2f128a0, L_0x7f8dd2f12b80;
    .scope S_0x7f8dd2f003a0;
T_0 ;
    %wait E_0x7f8dd2f00560;
    %load/vec4 v0x7f8dd2f11580_0;
    %pad/u 32;
    %cmpi/e 0, 0, 32;
    %jmp/0xz  T_0.0, 4;
    %pushi/vec4 0, 0, 1;
    %assign/vec4 v0x7f8dd2f116d0_0, 0;
    %pushi/vec4 0, 0, 1;
    %assign/vec4 v0x7f8dd2f11770_0, 0;
    %pushi/vec4 0, 0, 1;
    %assign/vec4 v0x7f8dd2f11810_0, 0;
    %pushi/vec4 0, 0, 1;
    %assign/vec4 v0x7f8dd2f11960_0, 0;
    %pushi/vec4 0, 0, 1;
    %assign/vec4 v0x7f8dd2f11a00_0, 0;
    %jmp T_0.1;
T_0.0 ;
    %load/vec4 v0x7f8dd2f11620_0;
    %pad/u 1;
    %assign/vec4 v0x7f8dd2f116d0_0, 0;
    %load/vec4 v0x7f8dd2f116d0_0;
    %assign/vec4 v0x7f8dd2f11770_0, 0;
    %load/vec4 v0x7f8dd2f11770_0;
    %assign/vec4 v0x7f8dd2f11810_0, 0;
    %load/vec4 v0x7f8dd2f118b0_0;
    %pad/u 1;
    %assign/vec4 v0x7f8dd2f11960_0, 0;
    %load/vec4 v0x7f8dd2f11960_0;
    %assign/vec4 v0x7f8dd2f11a00_0, 0;
T_0.1 ;
    %jmp T_0;
    .thread T_0;
    .scope S_0x7f8dd2f00240;
T_1 ;
    %vpi_call 2 12 "$dumpfile", "Question2.vcd" {0 0 0};
    %vpi_call 2 13 "$dumpvars", 32'sb00000000000000000000000000000000, S_0x7f8dd2f00240 {0 0 0};
    %vpi_call 2 14 "$display", "done testing case %d", v0x7f8dd2f11cb0_0 {0 0 0};
    %pushi/vec4 0, 0, 4;
    %store/vec4 v0x7f8dd2f11c20_0, 0, 4;
    %pushi/vec4 0, 0, 1;
    %store/vec4 v0x7f8dd2f11b90_0, 0, 1;
    %pushi/vec4 0, 0, 1;
    %store/vec4 v0x7f8dd2f11b00_0, 0, 1;
    %delay 10, 0;
    %pushi/vec4 0, 0, 4;
    %store/vec4 v0x7f8dd2f11c20_0, 0, 4;
    %pushi/vec4 1, 0, 1;
    %store/vec4 v0x7f8dd2f11b90_0, 0, 1;
    %delay 10, 0;
    %pushi/vec4 1, 0, 4;
    %store/vec4 v0x7f8dd2f11c20_0, 0, 4;
    %delay 10, 0;
    %pushi/vec4 2, 0, 4;
    %store/vec4 v0x7f8dd2f11c20_0, 0, 4;
    %delay 10, 0;
    %pushi/vec4 3, 0, 4;
    %store/vec4 v0x7f8dd2f11c20_0, 0, 4;
    %delay 10, 0;
    %vpi_call 2 25 "$finish" {0 0 0};
    %end;
    .thread T_1;
    .scope S_0x7f8dd2f00240;
T_2 ;
    %delay 5, 0;
    %load/vec4 v0x7f8dd2f11b00_0;
    %nor/r;
    %store/vec4 v0x7f8dd2f11b00_0, 0, 1;
    %jmp T_2;
    .thread T_2;
# The file index is used to find the file name in the following table.
:file_names 4;
    "N/A";
    "<interactive>";
    "Question2_tb.v";
    "./Question2.v";
