#! /usr/local/bin/vvp
:ivl_version "10.3 (stable)" "(v10_3-10-g756674aa)";
:ivl_delay_selection "TYPICAL";
:vpi_time_precision + 0;
:vpi_module "system";
:vpi_module "vhdl_sys";
:vpi_module "v2005_math";
:vpi_module "va_math";
S_0x7fbf0d601e40 .scope module, "get_Index" "get_Index" 2 1;
 .timescale 0 0;
    .port_info 0 /INPUT 1 "clk"
    .port_info 1 /INPUT 1 "i"
    .port_info 2 /INPUT 1 "j"
    .port_info 3 /OUTPUT 1 "l0"
    .port_info 4 /OUTPUT 1 "l1"
    .port_info 5 /OUTPUT 1 "l2"
    .port_info 6 /OUTPUT 1 "l3"
    .port_info 7 /OUTPUT 1 "l4"
    .port_info 8 /OUTPUT 1 "l5"
    .port_info 9 /OUTPUT 1 "l6"
    .port_info 10 /OUTPUT 1 "l7"
    .port_info 11 /OUTPUT 1 "l8"
P_0x7fbf0d601cf0 .param/l "n" 0 2 5, +C4<00000000000000000000000001000000>;
o0x1023e0008 .functor BUFZ 1, C4<z>; HiZ drive
v0x7fbf0d7005e0_0 .net "clk", 0 0, o0x1023e0008;  0 drivers
o0x1023e0038 .functor BUFZ 1, C4<z>; HiZ drive
v0x7fbf0d6021a0_0 .net "i", 0 0, o0x1023e0038;  0 drivers
o0x1023e0068 .functor BUFZ 1, C4<z>; HiZ drive
v0x7fbf0d602230_0 .net "j", 0 0, o0x1023e0068;  0 drivers
v0x7fbf0d6022c0_0 .var "k", 0 0;
v0x7fbf0d602350_0 .var "l0", 0 0;
v0x7fbf0d6023e0_0 .var "l1", 0 0;
v0x7fbf0d602470_0 .var "l2", 0 0;
v0x7fbf0d602500_0 .var "l3", 0 0;
v0x7fbf0d602590_0 .var "l4", 0 0;
v0x7fbf0d6026a0_0 .var "l5", 0 0;
v0x7fbf0d602730_0 .var "l6", 0 0;
v0x7fbf0d6027c0_0 .var "l7", 0 0;
v0x7fbf0d602850_0 .var "l8", 0 0;
E_0x7fbf0d7016e0 .event posedge, v0x7fbf0d7005e0_0;
    .scope S_0x7fbf0d601e40;
T_0 ;
    %wait E_0x7fbf0d7016e0;
    %pushi/vec4 0, 0, 32;
    %load/vec4 v0x7fbf0d6021a0_0;
    %pad/u 32;
    %muli 64, 0, 32;
    %add;
    %pad/u 1;
    %store/vec4 v0x7fbf0d6022c0_0, 0, 1;
    %load/vec4 v0x7fbf0d6022c0_0;
    %pad/u 32;
    %subi 64, 0, 32;
    %load/vec4 v0x7fbf0d602230_0;
    %pad/u 32;
    %add;
    %subi 1, 0, 32;
    %pad/u 1;
    %store/vec4 v0x7fbf0d602350_0, 0, 1;
    %load/vec4 v0x7fbf0d6022c0_0;
    %pad/u 32;
    %subi 64, 0, 32;
    %load/vec4 v0x7fbf0d602230_0;
    %pad/u 32;
    %add;
    %pad/u 1;
    %store/vec4 v0x7fbf0d6023e0_0, 0, 1;
    %load/vec4 v0x7fbf0d6022c0_0;
    %pad/u 32;
    %subi 64, 0, 32;
    %load/vec4 v0x7fbf0d602230_0;
    %pad/u 32;
    %addi 1, 0, 32;
    %add;
    %pad/u 1;
    %store/vec4 v0x7fbf0d602470_0, 0, 1;
    %load/vec4 v0x7fbf0d6022c0_0;
    %pad/u 2;
    %load/vec4 v0x7fbf0d602230_0;
    %pad/u 2;
    %subi 1, 0, 2;
    %add;
    %pad/u 1;
    %store/vec4 v0x7fbf0d602500_0, 0, 1;
    %load/vec4 v0x7fbf0d6022c0_0;
    %load/vec4 v0x7fbf0d602230_0;
    %add;
    %store/vec4 v0x7fbf0d602590_0, 0, 1;
    %load/vec4 v0x7fbf0d6022c0_0;
    %pad/u 2;
    %load/vec4 v0x7fbf0d602230_0;
    %pad/u 2;
    %addi 1, 0, 2;
    %add;
    %pad/u 1;
    %store/vec4 v0x7fbf0d6026a0_0, 0, 1;
    %load/vec4 v0x7fbf0d6022c0_0;
    %pad/u 32;
    %addi 64, 0, 32;
    %load/vec4 v0x7fbf0d602230_0;
    %pad/u 32;
    %subi 1, 0, 32;
    %add;
    %pad/u 1;
    %store/vec4 v0x7fbf0d602730_0, 0, 1;
    %load/vec4 v0x7fbf0d6022c0_0;
    %pad/u 32;
    %addi 64, 0, 32;
    %load/vec4 v0x7fbf0d602230_0;
    %pad/u 32;
    %add;
    %pad/u 1;
    %store/vec4 v0x7fbf0d6027c0_0, 0, 1;
    %load/vec4 v0x7fbf0d6022c0_0;
    %pad/u 32;
    %addi 64, 0, 32;
    %load/vec4 v0x7fbf0d602230_0;
    %pad/u 32;
    %addi 1, 0, 32;
    %add;
    %pad/u 1;
    %store/vec4 v0x7fbf0d602850_0, 0, 1;
    %vpi_call 2 19 "$monitor", "%0d", v0x7fbf0d602350_0, v0x7fbf0d6023e0_0, v0x7fbf0d602470_0, v0x7fbf0d602500_0, v0x7fbf0d602590_0, v0x7fbf0d6026a0_0, v0x7fbf0d602730_0, v0x7fbf0d6027c0_0, v0x7fbf0d602850_0 {0 0 0};
    %jmp T_0;
    .thread T_0;
# The file index is used to find the file name in the following table.
:file_names 3;
    "N/A";
    "<interactive>";
    "get_Index.v";
