#! /usr/local/bin/vvp
:ivl_version "10.3 (stable)" "(v10_3-10-g756674aa)";
:ivl_delay_selection "TYPICAL";
:vpi_time_precision + 0;
:vpi_module "system";
:vpi_module "vhdl_sys";
:vpi_module "v2005_math";
:vpi_module "va_math";
S_0x7f8dd450b850 .scope module, "sobel" "sobel" 2 26;
 .timescale 0 0;
v0x7f8dd4506fa0 .array "ROM_IN", 4095 0, 7 0;
v0x7f8dd450b9b0_0 .var "clk", 0 0;
v0x7f8dd451b6a0_0 .var "i", 6 0;
v0x7f8dd451b760_0 .var "j", 6 0;
v0x7f8dd451b810_0 .var "k", 12 0;
v0x7f8dd451b900_0 .var "l0", 12 0;
v0x7f8dd451b9b0_0 .var "l1", 12 0;
v0x7f8dd451ba60_0 .var "l2", 12 0;
v0x7f8dd451bb10_0 .var "l3", 12 0;
v0x7f8dd451bc20_0 .var "l4", 12 0;
v0x7f8dd451bcd0_0 .var "l5", 12 0;
v0x7f8dd451bd80_0 .var "l6", 12 0;
v0x7f8dd451be30_0 .var "l7", 12 0;
v0x7f8dd451bee0_0 .var "l8", 12 0;
v0x7f8dd451bf90_0 .var "n", 6 0;
E_0x7f8dd4506f60 .event posedge, v0x7f8dd450b9b0_0;
    .scope S_0x7f8dd450b850;
T_0 ;
    %vpi_call 2 37 "$dumpfile", "sobel.vcd" {0 0 0};
    %vpi_call 2 38 "$dumpvars", 32'sb00000000000000000000000000000000, S_0x7f8dd450b850 {0 0 0};
    %pushi/vec4 0, 0, 1;
    %store/vec4 v0x7f8dd450b9b0_0, 0, 1;
    %pushi/vec4 1, 0, 7;
    %store/vec4 v0x7f8dd451b6a0_0, 0, 7;
    %pushi/vec4 0, 0, 7;
    %store/vec4 v0x7f8dd451b760_0, 0, 7;
    %pushi/vec4 64, 0, 7;
    %store/vec4 v0x7f8dd451bf90_0, 0, 7;
    %vpi_call 2 44 "$readmemb", "in.txt", v0x7f8dd4506fa0, 32'sb00000000000000000000000000000000, 32'sb00000000000000000000111111111111 {0 0 0};
    %vpi_call 2 45 "$monitor", "data_file handle was %0b", &A<v0x7f8dd4506fa0, 38> {0 0 0};
    %vpi_call 2 47 "$writememb", "out.txt", v0x7f8dd4506fa0 {0 0 0};
    %end;
    .thread T_0;
    .scope S_0x7f8dd450b850;
T_1 ;
    %wait E_0x7f8dd4506f60;
    %load/vec4 v0x7f8dd451b760_0;
    %addi 1, 0, 7;
    %store/vec4 v0x7f8dd451b760_0, 0, 7;
    %pushi/vec4 62, 0, 32;
    %load/vec4 v0x7f8dd451b760_0;
    %pad/u 32;
    %cmp/u;
    %jmp/0xz  T_1.0, 5;
    %pushi/vec4 1, 0, 7;
    %store/vec4 v0x7f8dd451b760_0, 0, 7;
    %load/vec4 v0x7f8dd451b6a0_0;
    %addi 1, 0, 7;
    %store/vec4 v0x7f8dd451b6a0_0, 0, 7;
    %pushi/vec4 62, 0, 32;
    %load/vec4 v0x7f8dd451b6a0_0;
    %pad/u 32;
    %cmp/u;
    %jmp/0xz  T_1.2, 5;
    %pushi/vec4 1, 0, 7;
    %store/vec4 v0x7f8dd451b6a0_0, 0, 7;
T_1.2 ;
T_1.0 ;
    %pushi/vec4 0, 0, 13;
    %load/vec4 v0x7f8dd451b6a0_0;
    %pad/u 13;
    %load/vec4 v0x7f8dd451bf90_0;
    %pad/u 13;
    %mul;
    %add;
    %store/vec4 v0x7f8dd451b810_0, 0, 13;
    %load/vec4 v0x7f8dd451b810_0;
    %load/vec4 v0x7f8dd451bf90_0;
    %pad/u 13;
    %sub;
    %load/vec4 v0x7f8dd451b760_0;
    %pad/u 13;
    %add;
    %subi 1, 0, 13;
    %store/vec4 v0x7f8dd451b900_0, 0, 13;
    %load/vec4 v0x7f8dd451b810_0;
    %load/vec4 v0x7f8dd451bf90_0;
    %pad/u 13;
    %sub;
    %load/vec4 v0x7f8dd451b760_0;
    %pad/u 13;
    %add;
    %store/vec4 v0x7f8dd451b9b0_0, 0, 13;
    %load/vec4 v0x7f8dd451b810_0;
    %load/vec4 v0x7f8dd451bf90_0;
    %pad/u 13;
    %sub;
    %load/vec4 v0x7f8dd451b760_0;
    %pad/u 13;
    %addi 1, 0, 13;
    %add;
    %store/vec4 v0x7f8dd451ba60_0, 0, 13;
    %load/vec4 v0x7f8dd451b810_0;
    %load/vec4 v0x7f8dd451b760_0;
    %pad/u 13;
    %subi 1, 0, 13;
    %add;
    %store/vec4 v0x7f8dd451bb10_0, 0, 13;
    %load/vec4 v0x7f8dd451b810_0;
    %load/vec4 v0x7f8dd451b760_0;
    %pad/u 13;
    %add;
    %store/vec4 v0x7f8dd451bc20_0, 0, 13;
    %load/vec4 v0x7f8dd451b810_0;
    %load/vec4 v0x7f8dd451b760_0;
    %pad/u 13;
    %addi 1, 0, 13;
    %add;
    %store/vec4 v0x7f8dd451bcd0_0, 0, 13;
    %load/vec4 v0x7f8dd451b810_0;
    %load/vec4 v0x7f8dd451bf90_0;
    %pad/u 13;
    %add;
    %load/vec4 v0x7f8dd451b760_0;
    %pad/u 13;
    %subi 1, 0, 13;
    %add;
    %store/vec4 v0x7f8dd451bd80_0, 0, 13;
    %load/vec4 v0x7f8dd451b810_0;
    %load/vec4 v0x7f8dd451bf90_0;
    %pad/u 13;
    %add;
    %load/vec4 v0x7f8dd451b760_0;
    %pad/u 13;
    %add;
    %store/vec4 v0x7f8dd451be30_0, 0, 13;
    %load/vec4 v0x7f8dd451b810_0;
    %load/vec4 v0x7f8dd451bf90_0;
    %pad/u 13;
    %add;
    %load/vec4 v0x7f8dd451b760_0;
    %pad/u 13;
    %addi 1, 0, 13;
    %add;
    %store/vec4 v0x7f8dd451bee0_0, 0, 13;
    %vpi_call 2 97 "$monitor", "%0d", v0x7f8dd451b900_0, v0x7f8dd451b9b0_0, v0x7f8dd451ba60_0, v0x7f8dd451bb10_0, v0x7f8dd451bc20_0, v0x7f8dd451bcd0_0, v0x7f8dd451bd80_0, v0x7f8dd451be30_0, v0x7f8dd451bee0_0 {0 0 0};
    %jmp T_1;
    .thread T_1;
    .scope S_0x7f8dd450b850;
T_2 ;
    %delay 10, 0;
    %load/vec4 v0x7f8dd450b9b0_0;
    %nor/r;
    %store/vec4 v0x7f8dd450b9b0_0, 0, 1;
    %jmp T_2;
    .thread T_2;
# The file index is used to find the file name in the following table.
:file_names 3;
    "N/A";
    "<interactive>";
    "sobel.v";
