#! /usr/local/bin/vvp
:ivl_version "10.3 (stable)" "(v10_3-10-g756674aa)";
:ivl_delay_selection "TYPICAL";
:vpi_time_precision + 0;
:vpi_module "system";
:vpi_module "vhdl_sys";
:vpi_module "v2005_math";
:vpi_module "va_math";
S_0x7f9ceaf008e0 .scope module, "task1_tb" "task1_tb" 2 3;
 .timescale 0 0;
v0x7f9ceae15f80_0 .net "acc_reg", 7 0, L_0x7f9ceae16260;  1 drivers
v0x7f9ceae16030_0 .var "clk", 0 0;
v0x7f9ceae160e0_0 .var "data", 3 0;
v0x7f9ceae161b0_0 .var "reset", 0 0;
S_0x7f9ceae023c0 .scope module, "obj" "task1" 2 9, 3 1 0, S_0x7f9ceaf008e0;
 .timescale 0 0;
    .port_info 0 /INPUT 1 "clk"
    .port_info 1 /INPUT 1 "reset"
    .port_info 2 /INPUT 4 "data"
    .port_info 3 /OUTPUT 8 "acc_reg"
L_0x7f9ceae16260 .functor BUFZ 8, v0x7f9ceae06050_0, C4<00000000>, C4<00000000>, C4<00000000>;
v0x7f9ceae06050_0 .var "Y", 7 0;
v0x7f9ceae15c50_0 .net "acc_reg", 7 0, L_0x7f9ceae16260;  alias, 1 drivers
v0x7f9ceae15d00_0 .net "clk", 0 0, v0x7f9ceae16030_0;  1 drivers
v0x7f9ceae15db0_0 .net "data", 3 0, v0x7f9ceae160e0_0;  1 drivers
v0x7f9ceae15e60_0 .net "reset", 0 0, v0x7f9ceae161b0_0;  1 drivers
E_0x7f9ceae02a40/0 .event negedge, v0x7f9ceae15e60_0;
E_0x7f9ceae02a40/1 .event posedge, v0x7f9ceae15d00_0;
E_0x7f9ceae02a40 .event/or E_0x7f9ceae02a40/0, E_0x7f9ceae02a40/1;
    .scope S_0x7f9ceae023c0;
T_0 ;
    %wait E_0x7f9ceae02a40;
    %load/vec4 v0x7f9ceae15e60_0;
    %pad/u 32;
    %cmpi/e 0, 0, 32;
    %jmp/0xz  T_0.0, 4;
    %pushi/vec4 0, 0, 8;
    %assign/vec4 v0x7f9ceae06050_0, 0;
    %jmp T_0.1;
T_0.0 ;
    %load/vec4 v0x7f9ceae15c50_0;
    %load/vec4 v0x7f9ceae15db0_0;
    %pad/u 8;
    %add;
    %assign/vec4 v0x7f9ceae06050_0, 0;
T_0.1 ;
    %jmp T_0;
    .thread T_0;
    .scope S_0x7f9ceaf008e0;
T_1 ;
    %vpi_call 2 12 "$dumpfile", "task1.vcd" {0 0 0};
    %vpi_call 2 13 "$dumpvars", 32'sb00000000000000000000000000000000, S_0x7f9ceaf008e0 {0 0 0};
    %vpi_call 2 14 "$display", "done testing case %d", v0x7f9ceae160e0_0 {0 0 0};
    %pushi/vec4 0, 0, 1;
    %store/vec4 v0x7f9ceae16030_0, 0, 1;
    %pushi/vec4 0, 0, 1;
    %store/vec4 v0x7f9ceae161b0_0, 0, 1;
    %pushi/vec4 0, 0, 4;
    %store/vec4 v0x7f9ceae160e0_0, 0, 4;
    %delay 10, 0;
    %pushi/vec4 1, 0, 1;
    %store/vec4 v0x7f9ceae161b0_0, 0, 1;
    %delay 10, 0;
    %pushi/vec4 1, 0, 4;
    %store/vec4 v0x7f9ceae160e0_0, 0, 4;
    %delay 10, 0;
    %pushi/vec4 2, 0, 4;
    %store/vec4 v0x7f9ceae160e0_0, 0, 4;
    %delay 10, 0;
    %pushi/vec4 3, 0, 4;
    %store/vec4 v0x7f9ceae160e0_0, 0, 4;
    %delay 10, 0;
    %pushi/vec4 4, 0, 4;
    %store/vec4 v0x7f9ceae160e0_0, 0, 4;
    %delay 10, 0;
    %pushi/vec4 5, 0, 4;
    %store/vec4 v0x7f9ceae160e0_0, 0, 4;
    %vpi_call 2 28 "$finish" {0 0 0};
    %end;
    .thread T_1;
    .scope S_0x7f9ceaf008e0;
T_2 ;
    %delay 5, 0;
    %load/vec4 v0x7f9ceae16030_0;
    %nor/r;
    %store/vec4 v0x7f9ceae16030_0, 0, 1;
    %jmp T_2;
    .thread T_2;
# The file index is used to find the file name in the following table.
:file_names 4;
    "N/A";
    "<interactive>";
    "task1_tb.v";
    "./task1.v";
