#! /usr/local/bin/vvp
:ivl_version "10.3 (stable)" "(v10_3-10-g756674aa)";
:ivl_delay_selection "TYPICAL";
:vpi_time_precision + 0;
:vpi_module "system";
:vpi_module "vhdl_sys";
:vpi_module "v2005_math";
:vpi_module "va_math";
S_0x7fe2fc40e9a0 .scope module, "task2_tb" "task2_tb" 2 2;
 .timescale 0 0;
v0x7fe2fc421e70_0 .var "clk", 0 0;
v0x7fe2fc421f00_0 .var "h0", 3 0;
v0x7fe2fc421f90_0 .var "h1", 3 0;
v0x7fe2fc422020_0 .var "h2", 3 0;
v0x7fe2fc4220b0_0 .var "reset", 0 0;
v0x7fe2fc422180_0 .var "x0", 3 0;
v0x7fe2fc422230_0 .net "y", 7 0, L_0x7fe2fc422f80;  1 drivers
S_0x7fe2fc40d9a0 .scope module, "obj" "task2" 2 7, 3 1 0, S_0x7fe2fc40e9a0;
 .timescale 0 0;
    .port_info 0 /INPUT 4 "x0"
    .port_info 1 /INPUT 4 "h0"
    .port_info 2 /INPUT 4 "h1"
    .port_info 3 /INPUT 4 "h2"
    .port_info 4 /INPUT 1 "clk"
    .port_info 5 /INPUT 1 "reset"
    .port_info 6 /OUTPUT 8 "y"
v0x7fe2fc40f0e0_0 .net *"_s0", 7 0, L_0x7fe2fc4222e0;  1 drivers
v0x7fe2fc420c10_0 .net *"_s10", 7 0, L_0x7fe2fc4226a0;  1 drivers
L_0x10b4f1098 .functor BUFT 1, C4<0000>, C4<0>, C4<0>, C4<0>;
v0x7fe2fc420cb0_0 .net *"_s13", 3 0, L_0x10b4f1098;  1 drivers
v0x7fe2fc420d60_0 .net *"_s14", 7 0, L_0x7fe2fc4227e0;  1 drivers
L_0x10b4f10e0 .functor BUFT 1, C4<0000>, C4<0>, C4<0>, C4<0>;
v0x7fe2fc420e10_0 .net *"_s17", 3 0, L_0x10b4f10e0;  1 drivers
v0x7fe2fc420f00_0 .net *"_s20", 7 0, L_0x7fe2fc422a70;  1 drivers
L_0x10b4f1128 .functor BUFT 1, C4<0000>, C4<0>, C4<0>, C4<0>;
v0x7fe2fc420fb0_0 .net *"_s23", 3 0, L_0x10b4f1128;  1 drivers
v0x7fe2fc421060_0 .net *"_s24", 7 0, L_0x7fe2fc422bf0;  1 drivers
L_0x10b4f1170 .functor BUFT 1, C4<0000>, C4<0>, C4<0>, C4<0>;
v0x7fe2fc421110_0 .net *"_s27", 3 0, L_0x10b4f1170;  1 drivers
L_0x10b4f1008 .functor BUFT 1, C4<0000>, C4<0>, C4<0>, C4<0>;
v0x7fe2fc421220_0 .net *"_s3", 3 0, L_0x10b4f1008;  1 drivers
v0x7fe2fc4212d0_0 .net *"_s4", 7 0, L_0x7fe2fc422440;  1 drivers
L_0x10b4f1050 .functor BUFT 1, C4<0000>, C4<0>, C4<0>, C4<0>;
v0x7fe2fc421380_0 .net *"_s7", 3 0, L_0x10b4f1050;  1 drivers
v0x7fe2fc421430_0 .net "clk", 0 0, v0x7fe2fc421e70_0;  1 drivers
v0x7fe2fc4214d0_0 .net "h0", 3 0, v0x7fe2fc421f00_0;  1 drivers
v0x7fe2fc421580_0 .net "h1", 3 0, v0x7fe2fc421f90_0;  1 drivers
v0x7fe2fc421630_0 .net "h2", 3 0, v0x7fe2fc422020_0;  1 drivers
v0x7fe2fc4216e0_0 .net "reset", 0 0, v0x7fe2fc4220b0_0;  1 drivers
v0x7fe2fc421870_0 .net "w0", 7 0, L_0x7fe2fc422580;  1 drivers
v0x7fe2fc421900_0 .net "w01", 7 0, L_0x7fe2fc422e80;  1 drivers
v0x7fe2fc4219a0_0 .net "w1", 7 0, L_0x7fe2fc422950;  1 drivers
v0x7fe2fc421a50_0 .net "w2", 7 0, L_0x7fe2fc422d10;  1 drivers
v0x7fe2fc421b00_0 .net "x0", 3 0, v0x7fe2fc422180_0;  1 drivers
v0x7fe2fc421bb0_0 .var "x1", 3 0;
v0x7fe2fc421c60_0 .var "x2", 3 0;
v0x7fe2fc421d10_0 .net "y", 7 0, L_0x7fe2fc422f80;  alias, 1 drivers
E_0x7fe2fc40db00/0 .event negedge, v0x7fe2fc4216e0_0;
E_0x7fe2fc40db00/1 .event posedge, v0x7fe2fc421430_0;
E_0x7fe2fc40db00 .event/or E_0x7fe2fc40db00/0, E_0x7fe2fc40db00/1;
L_0x7fe2fc4222e0 .concat [ 4 4 0 0], v0x7fe2fc422180_0, L_0x10b4f1008;
L_0x7fe2fc422440 .concat [ 4 4 0 0], v0x7fe2fc421f00_0, L_0x10b4f1050;
L_0x7fe2fc422580 .arith/mult 8, L_0x7fe2fc4222e0, L_0x7fe2fc422440;
L_0x7fe2fc4226a0 .concat [ 4 4 0 0], v0x7fe2fc421bb0_0, L_0x10b4f1098;
L_0x7fe2fc4227e0 .concat [ 4 4 0 0], v0x7fe2fc421f90_0, L_0x10b4f10e0;
L_0x7fe2fc422950 .arith/mult 8, L_0x7fe2fc4226a0, L_0x7fe2fc4227e0;
L_0x7fe2fc422a70 .concat [ 4 4 0 0], v0x7fe2fc421c60_0, L_0x10b4f1128;
L_0x7fe2fc422bf0 .concat [ 4 4 0 0], v0x7fe2fc422020_0, L_0x10b4f1170;
L_0x7fe2fc422d10 .arith/mult 8, L_0x7fe2fc422a70, L_0x7fe2fc422bf0;
L_0x7fe2fc422e80 .arith/sum 8, L_0x7fe2fc422580, L_0x7fe2fc422950;
L_0x7fe2fc422f80 .arith/sum 8, L_0x7fe2fc422e80, L_0x7fe2fc422d10;
    .scope S_0x7fe2fc40d9a0;
T_0 ;
    %wait E_0x7fe2fc40db00;
    %load/vec4 v0x7fe2fc4216e0_0;
    %pad/u 32;
    %cmpi/e 0, 0, 32;
    %jmp/0xz  T_0.0, 4;
    %pushi/vec4 0, 0, 4;
    %assign/vec4 v0x7fe2fc421bb0_0, 0;
    %pushi/vec4 0, 0, 4;
    %assign/vec4 v0x7fe2fc421c60_0, 0;
    %jmp T_0.1;
T_0.0 ;
    %load/vec4 v0x7fe2fc421b00_0;
    %assign/vec4 v0x7fe2fc421bb0_0, 0;
    %load/vec4 v0x7fe2fc421bb0_0;
    %assign/vec4 v0x7fe2fc421c60_0, 0;
T_0.1 ;
    %jmp T_0;
    .thread T_0;
    .scope S_0x7fe2fc40e9a0;
T_1 ;
    %vpi_call 2 10 "$dumpfile", "task2.vcd" {0 0 0};
    %vpi_call 2 11 "$dumpvars", 32'sb00000000000000000000000000000000, S_0x7fe2fc40e9a0 {0 0 0};
    %vpi_call 2 12 "$display", "done testing case %d", v0x7fe2fc422230_0 {0 0 0};
    %pushi/vec4 0, 0, 1;
    %store/vec4 v0x7fe2fc421e70_0, 0, 1;
    %pushi/vec4 0, 0, 1;
    %store/vec4 v0x7fe2fc4220b0_0, 0, 1;
    %pushi/vec4 0, 0, 4;
    %store/vec4 v0x7fe2fc422180_0, 0, 4;
    %pushi/vec4 1, 0, 4;
    %store/vec4 v0x7fe2fc421f00_0, 0, 4;
    %pushi/vec4 2, 0, 4;
    %store/vec4 v0x7fe2fc421f90_0, 0, 4;
    %pushi/vec4 1, 0, 4;
    %store/vec4 v0x7fe2fc422020_0, 0, 4;
    %delay 10, 0;
    %pushi/vec4 1, 0, 1;
    %store/vec4 v0x7fe2fc4220b0_0, 0, 1;
    %delay 10, 0;
    %pushi/vec4 1, 0, 4;
    %store/vec4 v0x7fe2fc422180_0, 0, 4;
    %delay 10, 0;
    %pushi/vec4 2, 0, 4;
    %store/vec4 v0x7fe2fc422180_0, 0, 4;
    %delay 10, 0;
    %pushi/vec4 3, 0, 4;
    %store/vec4 v0x7fe2fc422180_0, 0, 4;
    %delay 10, 0;
    %pushi/vec4 4, 0, 4;
    %store/vec4 v0x7fe2fc422180_0, 0, 4;
    %delay 10, 0;
    %pushi/vec4 5, 0, 4;
    %store/vec4 v0x7fe2fc422180_0, 0, 4;
    %vpi_call 2 26 "$finish" {0 0 0};
    %end;
    .thread T_1;
    .scope S_0x7fe2fc40e9a0;
T_2 ;
    %delay 5, 0;
    %load/vec4 v0x7fe2fc421e70_0;
    %nor/r;
    %store/vec4 v0x7fe2fc421e70_0, 0, 1;
    %jmp T_2;
    .thread T_2;
# The file index is used to find the file name in the following table.
:file_names 4;
    "N/A";
    "<interactive>";
    "task2_tb.v";
    "./task2.v";
