#! /usr/local/bin/vvp
:ivl_version "10.3 (stable)" "(v10_3-10-g756674aa)";
:ivl_delay_selection "TYPICAL";
:vpi_time_precision + 0;
:vpi_module "system";
:vpi_module "vhdl_sys";
:vpi_module "v2005_math";
:vpi_module "va_math";
S_0x7f92d77011a0 .scope module, "kmeancluster_tb" "kmeancluster_tb" 2 3;
 .timescale 0 0;
v0x7f92d77243a0_0 .var "clk", 0 0;
v0x7f92d7724430_0 .var "reset", 0 0;
S_0x7f92d7701300 .scope module, "obj" "kmeancluster" 2 6, 3 4 0, S_0x7f92d77011a0;
 .timescale 0 0;
    .port_info 0 /INPUT 1 "clk"
    .port_info 1 /INPUT 1 "reset"
L_0x7f92d7724700 .functor BUFZ 16, L_0x7f92d77244c0, C4<0000000000000000>, C4<0000000000000000>, C4<0000000000000000>;
v0x7f92d7723040_0 .net *"_s0", 15 0, L_0x7f92d77244c0;  1 drivers
v0x7f92d7723100_0 .net *"_s2", 5 0, L_0x7f92d77245a0;  1 drivers
L_0x10455b008 .functor BUFT 1, C4<00>, C4<0>, C4<0>, C4<0>;
v0x7f92d77231a0_0 .net *"_s5", 1 0, L_0x10455b008;  1 drivers
v0x7f92d7723250_0 .var "c1", 15 0;
v0x7f92d7723310_0 .var "c2", 15 0;
v0x7f92d77233e0_0 .var "c3", 15 0;
v0x7f92d7723490_0 .net "clk", 0 0, v0x7f92d77243a0_0;  1 drivers
v0x7f92d7723520_0 .var "data0", 15 0;
v0x7f92d77235d0_0 .var "data1", 15 0;
v0x7f92d7723700_0 .var "data2", 15 0;
v0x7f92d7723790 .array "dataset", 15 0, 15 0;
v0x7f92d7723820_0 .net "dist1", 7 0, L_0x7f92d7724d60;  1 drivers
v0x7f92d77238b0_0 .net "dist2", 7 0, L_0x7f92d7725440;  1 drivers
v0x7f92d7723940_0 .net "dist3", 7 0, L_0x7f92d7725ac0;  1 drivers
v0x7f92d7723a20_0 .var "en0", 7 0;
v0x7f92d7723ac0_0 .var "en1", 7 0;
v0x7f92d7723b70_0 .var "en2", 7 0;
v0x7f92d7723d20_0 .var "i", 3 0;
v0x7f92d7723db0_0 .net "ith_data", 15 0, L_0x7f92d7724700;  1 drivers
v0x7f92d7723e40_0 .net "l0_count", 7 0, v0x7f92d771da70_0;  1 drivers
v0x7f92d7723ed0_0 .net "l0_sum", 15 0, v0x7f92d77223b0_0;  1 drivers
v0x7f92d7723f60_0 .net "l1_count", 7 0, v0x7f92d771dfa0_0;  1 drivers
v0x7f92d7724010_0 .net "l1_sum", 15 0, v0x7f92d77229a0_0;  1 drivers
v0x7f92d77240c0_0 .net "l2_count", 7 0, v0x7f92d771e500_0;  1 drivers
v0x7f92d7724170_0 .net "l2_sum", 15 0, v0x7f92d7722ea0_0;  1 drivers
v0x7f92d7724220_0 .net "minlabel", 7 0, v0x7f92d77212c0_0;  1 drivers
v0x7f92d77242f0_0 .net "reset", 0 0, v0x7f92d7724430_0;  1 drivers
E_0x7f92d7707700 .event edge, v0x7f92d77212c0_0;
L_0x7f92d77244c0 .array/port v0x7f92d7723790, L_0x7f92d77245a0;
L_0x7f92d77245a0 .concat [ 4 2 0 0], v0x7f92d7723d20_0, L_0x10455b008;
S_0x7f92d770dd50 .scope module, "counter0" "counter" 3 100, 3 125 0, S_0x7f92d7701300;
 .timescale 0 0;
    .port_info 0 /INPUT 1 "clk"
    .port_info 1 /INPUT 1 "reset"
    .port_info 2 /INPUT 8 "data"
    .port_info 3 /OUTPUT 8 "rdata"
v0x7f92d770d500_0 .net "clk", 0 0, v0x7f92d77243a0_0;  alias, 1 drivers
v0x7f92d771d9c0_0 .net "data", 7 0, v0x7f92d7723a20_0;  1 drivers
v0x7f92d771da70_0 .var "rdata", 7 0;
v0x7f92d771db30_0 .net "reset", 0 0, v0x7f92d7724430_0;  alias, 1 drivers
E_0x7f92d7701fb0/0 .event negedge, v0x7f92d771db30_0;
E_0x7f92d7701fb0/1 .event posedge, v0x7f92d770d500_0;
E_0x7f92d7701fb0 .event/or E_0x7f92d7701fb0/0, E_0x7f92d7701fb0/1;
S_0x7f92d771dc30 .scope module, "counter1" "counter" 3 101, 3 125 0, S_0x7f92d7701300;
 .timescale 0 0;
    .port_info 0 /INPUT 1 "clk"
    .port_info 1 /INPUT 1 "reset"
    .port_info 2 /INPUT 8 "data"
    .port_info 3 /OUTPUT 8 "rdata"
v0x7f92d771de50_0 .net "clk", 0 0, v0x7f92d77243a0_0;  alias, 1 drivers
v0x7f92d771df00_0 .net "data", 7 0, v0x7f92d7723ac0_0;  1 drivers
v0x7f92d771dfa0_0 .var "rdata", 7 0;
v0x7f92d771e060_0 .net "reset", 0 0, v0x7f92d7724430_0;  alias, 1 drivers
S_0x7f92d771e160 .scope module, "counter2" "counter" 3 102, 3 125 0, S_0x7f92d7701300;
 .timescale 0 0;
    .port_info 0 /INPUT 1 "clk"
    .port_info 1 /INPUT 1 "reset"
    .port_info 2 /INPUT 8 "data"
    .port_info 3 /OUTPUT 8 "rdata"
v0x7f92d771e390_0 .net "clk", 0 0, v0x7f92d77243a0_0;  alias, 1 drivers
v0x7f92d771e460_0 .net "data", 7 0, v0x7f92d7723b70_0;  1 drivers
v0x7f92d771e500_0 .var "rdata", 7 0;
v0x7f92d771e5b0_0 .net "reset", 0 0, v0x7f92d7724430_0;  alias, 1 drivers
S_0x7f92d771e6c0 .scope module, "distobj1" "distance" 3 58, 4 1 0, S_0x7f92d7701300;
 .timescale 0 0;
    .port_info 0 /INPUT 16 "data"
    .port_info 1 /INPUT 16 "mean"
    .port_info 2 /OUTPUT 8 "dist"
v0x7f92d771e910_0 .net *"_s1", 7 0, L_0x7f92d77247f0;  1 drivers
v0x7f92d771e9d0_0 .net *"_s3", 7 0, L_0x7f92d7724890;  1 drivers
v0x7f92d771ea80_0 .net *"_s7", 7 0, L_0x7f92d7724ab0;  1 drivers
v0x7f92d771eb40_0 .net *"_s9", 7 0, L_0x7f92d7724b50;  1 drivers
v0x7f92d771ebf0_0 .net/s "c", 7 0, L_0x7f92d7724970;  1 drivers
v0x7f92d771ece0_0 .var "cnew", 7 0;
v0x7f92d771ed90_0 .net/s "d", 7 0, L_0x7f92d7724c20;  1 drivers
v0x7f92d771ee40_0 .net "data", 15 0, L_0x7f92d7724700;  alias, 1 drivers
v0x7f92d771eef0_0 .net "dist", 7 0, L_0x7f92d7724d60;  alias, 1 drivers
v0x7f92d771f000_0 .var "dnew", 7 0;
v0x7f92d771f0b0_0 .net "mean", 15 0, v0x7f92d7723250_0;  1 drivers
E_0x7f92d771e8c0 .event edge, v0x7f92d771ebf0_0, v0x7f92d771ed90_0;
L_0x7f92d77247f0 .part L_0x7f92d7724700, 8, 8;
L_0x7f92d7724890 .part v0x7f92d7723250_0, 8, 8;
L_0x7f92d7724970 .arith/sub 8, L_0x7f92d77247f0, L_0x7f92d7724890;
L_0x7f92d7724ab0 .part L_0x7f92d7724700, 0, 8;
L_0x7f92d7724b50 .part v0x7f92d7723250_0, 0, 8;
L_0x7f92d7724c20 .arith/sub 8, L_0x7f92d7724ab0, L_0x7f92d7724b50;
L_0x7f92d7724d60 .arith/sum 8, v0x7f92d771ece0_0, v0x7f92d771f000_0;
S_0x7f92d771f1b0 .scope module, "distobj2" "distance" 3 59, 4 1 0, S_0x7f92d7701300;
 .timescale 0 0;
    .port_info 0 /INPUT 16 "data"
    .port_info 1 /INPUT 16 "mean"
    .port_info 2 /OUTPUT 8 "dist"
v0x7f92d771f3e0_0 .net *"_s1", 7 0, L_0x7f92d7724ee0;  1 drivers
v0x7f92d771f4a0_0 .net *"_s3", 7 0, L_0x7f92d7724f80;  1 drivers
v0x7f92d771f550_0 .net *"_s7", 7 0, L_0x7f92d7725160;  1 drivers
v0x7f92d771f610_0 .net *"_s9", 7 0, L_0x7f92d7725300;  1 drivers
v0x7f92d771f6c0_0 .net/s "c", 7 0, L_0x7f92d7725020;  1 drivers
v0x7f92d771f7b0_0 .var "cnew", 7 0;
v0x7f92d771f860_0 .net/s "d", 7 0, L_0x7f92d77253a0;  1 drivers
v0x7f92d771f910_0 .net "data", 15 0, L_0x7f92d7724700;  alias, 1 drivers
v0x7f92d771f9b0_0 .net "dist", 7 0, L_0x7f92d7725440;  alias, 1 drivers
v0x7f92d771fad0_0 .var "dnew", 7 0;
v0x7f92d771fb80_0 .net "mean", 15 0, v0x7f92d7723310_0;  1 drivers
E_0x7f92d771f3b0 .event edge, v0x7f92d771f6c0_0, v0x7f92d771f860_0;
L_0x7f92d7724ee0 .part L_0x7f92d7724700, 8, 8;
L_0x7f92d7724f80 .part v0x7f92d7723310_0, 8, 8;
L_0x7f92d7725020 .arith/sub 8, L_0x7f92d7724ee0, L_0x7f92d7724f80;
L_0x7f92d7725160 .part L_0x7f92d7724700, 0, 8;
L_0x7f92d7725300 .part v0x7f92d7723310_0, 0, 8;
L_0x7f92d77253a0 .arith/sub 8, L_0x7f92d7725160, L_0x7f92d7725300;
L_0x7f92d7725440 .arith/sum 8, v0x7f92d771f7b0_0, v0x7f92d771fad0_0;
S_0x7f92d771fc80 .scope module, "distobj3" "distance" 3 60, 4 1 0, S_0x7f92d7701300;
 .timescale 0 0;
    .port_info 0 /INPUT 16 "data"
    .port_info 1 /INPUT 16 "mean"
    .port_info 2 /OUTPUT 8 "dist"
v0x7f92d771fe90_0 .net *"_s1", 7 0, L_0x7f92d77255c0;  1 drivers
v0x7f92d771ff50_0 .net *"_s3", 7 0, L_0x7f92d7725660;  1 drivers
v0x7f92d7720000_0 .net *"_s7", 7 0, L_0x7f92d7725840;  1 drivers
v0x7f92d77200c0_0 .net *"_s9", 7 0, L_0x7f92d77258e0;  1 drivers
v0x7f92d7720170_0 .net/s "c", 7 0, L_0x7f92d7725700;  1 drivers
v0x7f92d7720260_0 .var "cnew", 7 0;
v0x7f92d7720310_0 .net/s "d", 7 0, L_0x7f92d7725980;  1 drivers
v0x7f92d77203c0_0 .net "data", 15 0, L_0x7f92d7724700;  alias, 1 drivers
v0x7f92d77204a0_0 .net "dist", 7 0, L_0x7f92d7725ac0;  alias, 1 drivers
v0x7f92d77205b0_0 .var "dnew", 7 0;
v0x7f92d7720640_0 .net "mean", 15 0, v0x7f92d77233e0_0;  1 drivers
E_0x7f92d771f750 .event edge, v0x7f92d7720170_0, v0x7f92d7720310_0;
L_0x7f92d77255c0 .part L_0x7f92d7724700, 8, 8;
L_0x7f92d7725660 .part v0x7f92d77233e0_0, 8, 8;
L_0x7f92d7725700 .arith/sub 8, L_0x7f92d77255c0, L_0x7f92d7725660;
L_0x7f92d7725840 .part L_0x7f92d7724700, 0, 8;
L_0x7f92d77258e0 .part v0x7f92d77233e0_0, 0, 8;
L_0x7f92d7725980 .arith/sub 8, L_0x7f92d7725840, L_0x7f92d77258e0;
L_0x7f92d7725ac0 .arith/sum 8, v0x7f92d7720260_0, v0x7f92d77205b0_0;
S_0x7f92d7720740 .scope module, "obj" "minimum" 3 63, 5 1 0, S_0x7f92d7701300;
 .timescale 0 0;
    .port_info 0 /INPUT 8 "dist1"
    .port_info 1 /INPUT 8 "dist2"
    .port_info 2 /INPUT 8 "dist3"
    .port_info 3 /OUTPUT 8 "minlabel"
v0x7f92d7721a30_0 .net "dist1", 7 0, L_0x7f92d7724d60;  alias, 1 drivers
v0x7f92d7721b20_0 .net "dist2", 7 0, L_0x7f92d7725440;  alias, 1 drivers
v0x7f92d7721bf0_0 .net "dist3", 7 0, L_0x7f92d7725ac0;  alias, 1 drivers
v0x7f92d7721c80_0 .net "minlabel", 7 0, v0x7f92d77212c0_0;  alias, 1 drivers
v0x7f92d7721d30_0 .net "out12", 7 0, v0x7f92d7720d20_0;  1 drivers
v0x7f92d7721e40_0 .net "sel1", 0 0, L_0x7f92d7725bc0;  1 drivers
v0x7f92d7721f10_0 .net "sel2", 0 0, L_0x7f92d7725c60;  1 drivers
v0x7f92d7721fa0_0 .net "temp", 7 0, v0x7f92d7721880_0;  1 drivers
L_0x7f92d7725bc0 .cmp/gt 8, L_0x7f92d7724d60, L_0x7f92d7725440;
L_0x7f92d7725c60 .cmp/gt 8, v0x7f92d7721880_0, L_0x7f92d7725ac0;
S_0x7f92d7720950 .scope module, "check12" "mux2x1" 5 12, 6 1 0, S_0x7f92d7720740;
 .timescale 0 0;
    .port_info 0 /INPUT 8 "a"
    .port_info 1 /INPUT 8 "b"
    .port_info 2 /INPUT 1 "select"
    .port_info 3 /OUTPUT 8 "out"
L_0x10455b050 .functor BUFT 1, C4<00000000>, C4<0>, C4<0>, C4<0>;
v0x7f92d7720bb0_0 .net "a", 7 0, L_0x10455b050;  1 drivers
L_0x10455b098 .functor BUFT 1, C4<00000001>, C4<0>, C4<0>, C4<0>;
v0x7f92d7720c70_0 .net "b", 7 0, L_0x10455b098;  1 drivers
v0x7f92d7720d20_0 .var "out", 7 0;
v0x7f92d7720de0_0 .net "select", 0 0, L_0x7f92d7725bc0;  alias, 1 drivers
E_0x7f92d7720b60 .event edge, v0x7f92d7720de0_0, v0x7f92d7720c70_0, v0x7f92d7720bb0_0;
S_0x7f92d7720ee0 .scope module, "check123" "mux2x1" 5 17, 6 1 0, S_0x7f92d7720740;
 .timescale 0 0;
    .port_info 0 /INPUT 8 "a"
    .port_info 1 /INPUT 8 "b"
    .port_info 2 /INPUT 1 "select"
    .port_info 3 /OUTPUT 8 "out"
v0x7f92d7721150_0 .net "a", 7 0, v0x7f92d7720d20_0;  alias, 1 drivers
L_0x10455b0e0 .functor BUFT 1, C4<00000010>, C4<0>, C4<0>, C4<0>;
v0x7f92d7721220_0 .net "b", 7 0, L_0x10455b0e0;  1 drivers
v0x7f92d77212c0_0 .var "out", 7 0;
v0x7f92d7721380_0 .net "select", 0 0, L_0x7f92d7725c60;  alias, 1 drivers
E_0x7f92d7721100 .event edge, v0x7f92d7721380_0, v0x7f92d7721220_0, v0x7f92d7720d20_0;
S_0x7f92d7721480 .scope module, "checkdis12" "mux2x1" 5 14, 6 1 0, S_0x7f92d7720740;
 .timescale 0 0;
    .port_info 0 /INPUT 8 "a"
    .port_info 1 /INPUT 8 "b"
    .port_info 2 /INPUT 1 "select"
    .port_info 3 /OUTPUT 8 "out"
v0x7f92d7721700_0 .net "a", 7 0, L_0x7f92d7724d60;  alias, 1 drivers
v0x7f92d77217d0_0 .net "b", 7 0, L_0x7f92d7725440;  alias, 1 drivers
v0x7f92d7721880_0 .var "out", 7 0;
v0x7f92d7721930_0 .net "select", 0 0, L_0x7f92d7725bc0;  alias, 1 drivers
E_0x7f92d77216b0 .event edge, v0x7f92d7720de0_0, v0x7f92d771f9b0_0, v0x7f92d771eef0_0;
S_0x7f92d7722050 .scope module, "sum0" "accumulator" 3 104, 3 111 0, S_0x7f92d7701300;
 .timescale 0 0;
    .port_info 0 /INPUT 1 "clk"
    .port_info 1 /INPUT 1 "reset"
    .port_info 2 /INPUT 16 "data"
    .port_info 3 /OUTPUT 16 "rdata"
v0x7f92d7722260_0 .net "clk", 0 0, v0x7f92d77243a0_0;  alias, 1 drivers
v0x7f92d7722300_0 .net "data", 15 0, v0x7f92d7723520_0;  1 drivers
v0x7f92d77223b0_0 .var "rdata", 15 0;
v0x7f92d7722470_0 .net "reset", 0 0, v0x7f92d7724430_0;  alias, 1 drivers
S_0x7f92d7722560 .scope module, "sum1" "accumulator" 3 105, 3 111 0, S_0x7f92d7701300;
 .timescale 0 0;
    .port_info 0 /INPUT 1 "clk"
    .port_info 1 /INPUT 1 "reset"
    .port_info 2 /INPUT 16 "data"
    .port_info 3 /OUTPUT 16 "rdata"
v0x7f92d77227f0_0 .net "clk", 0 0, v0x7f92d77243a0_0;  alias, 1 drivers
v0x7f92d7722910_0 .net "data", 15 0, v0x7f92d77235d0_0;  1 drivers
v0x7f92d77229a0_0 .var "rdata", 15 0;
v0x7f92d7722a30_0 .net "reset", 0 0, v0x7f92d7724430_0;  alias, 1 drivers
S_0x7f92d7722b70 .scope module, "sum2" "accumulator" 3 106, 3 111 0, S_0x7f92d7701300;
 .timescale 0 0;
    .port_info 0 /INPUT 1 "clk"
    .port_info 1 /INPUT 1 "reset"
    .port_info 2 /INPUT 16 "data"
    .port_info 3 /OUTPUT 16 "rdata"
v0x7f92d7722d80_0 .net "clk", 0 0, v0x7f92d77243a0_0;  alias, 1 drivers
v0x7f92d7722e10_0 .net "data", 15 0, v0x7f92d7723700_0;  1 drivers
v0x7f92d7722ea0_0 .var "rdata", 15 0;
v0x7f92d7722f50_0 .net "reset", 0 0, v0x7f92d7724430_0;  alias, 1 drivers
    .scope S_0x7f92d771e6c0;
T_0 ;
    %wait E_0x7f92d771e8c0;
    %load/vec4 v0x7f92d771ebf0_0;
    %pad/s 32;
    %cmpi/s 0, 0, 32;
    %jmp/0xz  T_0.0, 5;
    %load/vec4 v0x7f92d771ebf0_0;
    %inv;
    %addi 1, 0, 8;
    %store/vec4 v0x7f92d771ece0_0, 0, 8;
    %jmp T_0.1;
T_0.0 ;
    %load/vec4 v0x7f92d771ebf0_0;
    %store/vec4 v0x7f92d771ece0_0, 0, 8;
T_0.1 ;
    %load/vec4 v0x7f92d771ed90_0;
    %pad/s 32;
    %cmpi/s 0, 0, 32;
    %jmp/0xz  T_0.2, 5;
    %load/vec4 v0x7f92d771ed90_0;
    %inv;
    %addi 1, 0, 8;
    %store/vec4 v0x7f92d771f000_0, 0, 8;
    %jmp T_0.3;
T_0.2 ;
    %load/vec4 v0x7f92d771ed90_0;
    %store/vec4 v0x7f92d771f000_0, 0, 8;
T_0.3 ;
    %jmp T_0;
    .thread T_0, $push;
    .scope S_0x7f92d771f1b0;
T_1 ;
    %wait E_0x7f92d771f3b0;
    %load/vec4 v0x7f92d771f6c0_0;
    %pad/s 32;
    %cmpi/s 0, 0, 32;
    %jmp/0xz  T_1.0, 5;
    %load/vec4 v0x7f92d771f6c0_0;
    %inv;
    %addi 1, 0, 8;
    %store/vec4 v0x7f92d771f7b0_0, 0, 8;
    %jmp T_1.1;
T_1.0 ;
    %load/vec4 v0x7f92d771f6c0_0;
    %store/vec4 v0x7f92d771f7b0_0, 0, 8;
T_1.1 ;
    %load/vec4 v0x7f92d771f860_0;
    %pad/s 32;
    %cmpi/s 0, 0, 32;
    %jmp/0xz  T_1.2, 5;
    %load/vec4 v0x7f92d771f860_0;
    %inv;
    %addi 1, 0, 8;
    %store/vec4 v0x7f92d771fad0_0, 0, 8;
    %jmp T_1.3;
T_1.2 ;
    %load/vec4 v0x7f92d771f860_0;
    %store/vec4 v0x7f92d771fad0_0, 0, 8;
T_1.3 ;
    %jmp T_1;
    .thread T_1, $push;
    .scope S_0x7f92d771fc80;
T_2 ;
    %wait E_0x7f92d771f750;
    %load/vec4 v0x7f92d7720170_0;
    %pad/s 32;
    %cmpi/s 0, 0, 32;
    %jmp/0xz  T_2.0, 5;
    %load/vec4 v0x7f92d7720170_0;
    %inv;
    %addi 1, 0, 8;
    %store/vec4 v0x7f92d7720260_0, 0, 8;
    %jmp T_2.1;
T_2.0 ;
    %load/vec4 v0x7f92d7720170_0;
    %store/vec4 v0x7f92d7720260_0, 0, 8;
T_2.1 ;
    %load/vec4 v0x7f92d7720310_0;
    %pad/s 32;
    %cmpi/s 0, 0, 32;
    %jmp/0xz  T_2.2, 5;
    %load/vec4 v0x7f92d7720310_0;
    %inv;
    %addi 1, 0, 8;
    %store/vec4 v0x7f92d77205b0_0, 0, 8;
    %jmp T_2.3;
T_2.2 ;
    %load/vec4 v0x7f92d7720310_0;
    %store/vec4 v0x7f92d77205b0_0, 0, 8;
T_2.3 ;
    %jmp T_2;
    .thread T_2, $push;
    .scope S_0x7f92d7720950;
T_3 ;
    %wait E_0x7f92d7720b60;
    %load/vec4 v0x7f92d7720de0_0;
    %pad/u 32;
    %cmpi/e 0, 0, 32;
    %jmp/0xz  T_3.0, 4;
    %load/vec4 v0x7f92d7720bb0_0;
    %store/vec4 v0x7f92d7720d20_0, 0, 8;
    %jmp T_3.1;
T_3.0 ;
    %load/vec4 v0x7f92d7720c70_0;
    %store/vec4 v0x7f92d7720d20_0, 0, 8;
T_3.1 ;
    %jmp T_3;
    .thread T_3, $push;
    .scope S_0x7f92d7721480;
T_4 ;
    %wait E_0x7f92d77216b0;
    %load/vec4 v0x7f92d7721930_0;
    %pad/u 32;
    %cmpi/e 0, 0, 32;
    %jmp/0xz  T_4.0, 4;
    %load/vec4 v0x7f92d7721700_0;
    %store/vec4 v0x7f92d7721880_0, 0, 8;
    %jmp T_4.1;
T_4.0 ;
    %load/vec4 v0x7f92d77217d0_0;
    %store/vec4 v0x7f92d7721880_0, 0, 8;
T_4.1 ;
    %jmp T_4;
    .thread T_4, $push;
    .scope S_0x7f92d7720ee0;
T_5 ;
    %wait E_0x7f92d7721100;
    %load/vec4 v0x7f92d7721380_0;
    %pad/u 32;
    %cmpi/e 0, 0, 32;
    %jmp/0xz  T_5.0, 4;
    %load/vec4 v0x7f92d7721150_0;
    %store/vec4 v0x7f92d77212c0_0, 0, 8;
    %jmp T_5.1;
T_5.0 ;
    %load/vec4 v0x7f92d7721220_0;
    %store/vec4 v0x7f92d77212c0_0, 0, 8;
T_5.1 ;
    %jmp T_5;
    .thread T_5, $push;
    .scope S_0x7f92d770dd50;
T_6 ;
    %wait E_0x7f92d7701fb0;
    %load/vec4 v0x7f92d771db30_0;
    %pad/u 32;
    %cmpi/e 0, 0, 32;
    %jmp/0xz  T_6.0, 4;
    %pushi/vec4 0, 0, 8;
    %store/vec4 v0x7f92d771da70_0, 0, 8;
    %jmp T_6.1;
T_6.0 ;
    %load/vec4 v0x7f92d771da70_0;
    %load/vec4 v0x7f92d771d9c0_0;
    %add;
    %store/vec4 v0x7f92d771da70_0, 0, 8;
T_6.1 ;
    %jmp T_6;
    .thread T_6;
    .scope S_0x7f92d771dc30;
T_7 ;
    %wait E_0x7f92d7701fb0;
    %load/vec4 v0x7f92d771e060_0;
    %pad/u 32;
    %cmpi/e 0, 0, 32;
    %jmp/0xz  T_7.0, 4;
    %pushi/vec4 0, 0, 8;
    %store/vec4 v0x7f92d771dfa0_0, 0, 8;
    %jmp T_7.1;
T_7.0 ;
    %load/vec4 v0x7f92d771dfa0_0;
    %load/vec4 v0x7f92d771df00_0;
    %add;
    %store/vec4 v0x7f92d771dfa0_0, 0, 8;
T_7.1 ;
    %jmp T_7;
    .thread T_7;
    .scope S_0x7f92d771e160;
T_8 ;
    %wait E_0x7f92d7701fb0;
    %load/vec4 v0x7f92d771e5b0_0;
    %pad/u 32;
    %cmpi/e 0, 0, 32;
    %jmp/0xz  T_8.0, 4;
    %pushi/vec4 0, 0, 8;
    %store/vec4 v0x7f92d771e500_0, 0, 8;
    %jmp T_8.1;
T_8.0 ;
    %load/vec4 v0x7f92d771e500_0;
    %load/vec4 v0x7f92d771e460_0;
    %add;
    %store/vec4 v0x7f92d771e500_0, 0, 8;
T_8.1 ;
    %jmp T_8;
    .thread T_8;
    .scope S_0x7f92d7722050;
T_9 ;
    %wait E_0x7f92d7701fb0;
    %load/vec4 v0x7f92d7722470_0;
    %pad/u 32;
    %cmpi/e 0, 0, 32;
    %jmp/0xz  T_9.0, 4;
    %pushi/vec4 0, 0, 16;
    %store/vec4 v0x7f92d77223b0_0, 0, 16;
    %jmp T_9.1;
T_9.0 ;
    %load/vec4 v0x7f92d77223b0_0;
    %load/vec4 v0x7f92d7722300_0;
    %add;
    %store/vec4 v0x7f92d77223b0_0, 0, 16;
T_9.1 ;
    %jmp T_9;
    .thread T_9;
    .scope S_0x7f92d7722560;
T_10 ;
    %wait E_0x7f92d7701fb0;
    %load/vec4 v0x7f92d7722a30_0;
    %pad/u 32;
    %cmpi/e 0, 0, 32;
    %jmp/0xz  T_10.0, 4;
    %pushi/vec4 0, 0, 16;
    %store/vec4 v0x7f92d77229a0_0, 0, 16;
    %jmp T_10.1;
T_10.0 ;
    %load/vec4 v0x7f92d77229a0_0;
    %load/vec4 v0x7f92d7722910_0;
    %add;
    %store/vec4 v0x7f92d77229a0_0, 0, 16;
T_10.1 ;
    %jmp T_10;
    .thread T_10;
    .scope S_0x7f92d7722b70;
T_11 ;
    %wait E_0x7f92d7701fb0;
    %load/vec4 v0x7f92d7722f50_0;
    %pad/u 32;
    %cmpi/e 0, 0, 32;
    %jmp/0xz  T_11.0, 4;
    %pushi/vec4 0, 0, 16;
    %store/vec4 v0x7f92d7722ea0_0, 0, 16;
    %jmp T_11.1;
T_11.0 ;
    %load/vec4 v0x7f92d7722ea0_0;
    %load/vec4 v0x7f92d7722e10_0;
    %add;
    %store/vec4 v0x7f92d7722ea0_0, 0, 16;
T_11.1 ;
    %jmp T_11;
    .thread T_11;
    .scope S_0x7f92d7701300;
T_12 ;
    %pushi/vec4 1, 0, 16;
    %store/vec4 v0x7f92d7723250_0, 0, 16;
    %pushi/vec4 2050, 0, 16;
    %store/vec4 v0x7f92d7723310_0, 0, 16;
    %pushi/vec4 3, 0, 16;
    %store/vec4 v0x7f92d77233e0_0, 0, 16;
    %pushi/vec4 514, 0, 16;
    %ix/load 4, 0, 0;
    %flag_set/imm 4, 0;
    %store/vec4a v0x7f92d7723790, 4, 0;
    %pushi/vec4 2305, 0, 16;
    %ix/load 4, 1, 0;
    %flag_set/imm 4, 0;
    %store/vec4a v0x7f92d7723790, 4, 0;
    %pushi/vec4 1028, 0, 16;
    %ix/load 4, 2, 0;
    %flag_set/imm 4, 0;
    %store/vec4a v0x7f92d7723790, 4, 0;
    %pushi/vec4 64, 0, 16;
    %ix/load 4, 3, 0;
    %flag_set/imm 4, 0;
    %store/vec4a v0x7f92d7723790, 4, 0;
    %pushi/vec4 1024, 0, 16;
    %ix/load 4, 4, 0;
    %flag_set/imm 4, 0;
    %store/vec4a v0x7f92d7723790, 4, 0;
    %pushi/vec4 80, 0, 16;
    %ix/load 4, 5, 0;
    %flag_set/imm 4, 0;
    %store/vec4a v0x7f92d7723790, 4, 0;
    %pushi/vec4 0, 0, 16;
    %ix/load 4, 6, 0;
    %flag_set/imm 4, 0;
    %store/vec4a v0x7f92d7723790, 4, 0;
    %pushi/vec4 4352, 0, 16;
    %ix/load 4, 7, 0;
    %flag_set/imm 4, 0;
    %store/vec4a v0x7f92d7723790, 4, 0;
    %pushi/vec4 0, 0, 16;
    %ix/load 4, 8, 0;
    %flag_set/imm 4, 0;
    %store/vec4a v0x7f92d7723790, 4, 0;
    %pushi/vec4 8192, 0, 16;
    %ix/load 4, 9, 0;
    %flag_set/imm 4, 0;
    %store/vec4a v0x7f92d7723790, 4, 0;
    %pushi/vec4 1040, 0, 16;
    %ix/load 4, 10, 0;
    %flag_set/imm 4, 0;
    %store/vec4a v0x7f92d7723790, 4, 0;
    %pushi/vec4 10, 0, 16;
    %ix/load 4, 11, 0;
    %flag_set/imm 4, 0;
    %store/vec4a v0x7f92d7723790, 4, 0;
    %pushi/vec4 8720, 0, 16;
    %ix/load 4, 12, 0;
    %flag_set/imm 4, 0;
    %store/vec4a v0x7f92d7723790, 4, 0;
    %pushi/vec4 4100, 0, 16;
    %ix/load 4, 13, 0;
    %flag_set/imm 4, 0;
    %store/vec4a v0x7f92d7723790, 4, 0;
    %pushi/vec4 6400, 0, 16;
    %ix/load 4, 14, 0;
    %flag_set/imm 4, 0;
    %store/vec4a v0x7f92d7723790, 4, 0;
    %pushi/vec4 4112, 0, 16;
    %ix/load 4, 15, 0;
    %flag_set/imm 4, 0;
    %store/vec4a v0x7f92d7723790, 4, 0;
    %end;
    .thread T_12;
    .scope S_0x7f92d7701300;
T_13 ;
    %wait E_0x7f92d7701fb0;
    %load/vec4 v0x7f92d77242f0_0;
    %pad/u 32;
    %cmpi/e 0, 0, 32;
    %jmp/0xz  T_13.0, 4;
    %pushi/vec4 0, 0, 4;
    %store/vec4 v0x7f92d7723d20_0, 0, 4;
    %jmp T_13.1;
T_13.0 ;
    %load/vec4 v0x7f92d7723d20_0;
    %addi 1, 0, 4;
    %store/vec4 v0x7f92d7723d20_0, 0, 4;
    %load/vec4 v0x7f92d7723d20_0;
    %pad/u 32;
    %cmpi/e 15, 0, 32;
    %jmp/0xz  T_13.2, 4;
    %vpi_call 3 47 "$monitor", "count %d", v0x7f92d7723e40_0, v0x7f92d7723f60_0, v0x7f92d77240c0_0 {0 0 0};
    %vpi_call 3 48 "$finish" {0 0 0};
    %jmp T_13.3;
T_13.2 ;
    %vpi_call 3 51 "$monitor", "distance %d", v0x7f92d7723d20_0, v0x7f92d7723820_0, v0x7f92d77238b0_0, v0x7f92d7723940_0, v0x7f92d7724220_0 {0 0 0};
T_13.3 ;
T_13.1 ;
    %jmp T_13;
    .thread T_13;
    .scope S_0x7f92d7701300;
T_14 ;
    %wait E_0x7f92d7707700;
    %load/vec4 v0x7f92d7724220_0;
    %pad/u 32;
    %cmpi/e 0, 0, 32;
    %jmp/0xz  T_14.0, 4;
    %pushi/vec4 1, 0, 8;
    %store/vec4 v0x7f92d7723a20_0, 0, 8;
    %pushi/vec4 0, 0, 8;
    %store/vec4 v0x7f92d7723ac0_0, 0, 8;
    %pushi/vec4 0, 0, 8;
    %store/vec4 v0x7f92d7723b70_0, 0, 8;
    %load/vec4 v0x7f92d7723db0_0;
    %store/vec4 v0x7f92d7723520_0, 0, 16;
    %pushi/vec4 0, 0, 16;
    %store/vec4 v0x7f92d77235d0_0, 0, 16;
    %pushi/vec4 0, 0, 16;
    %store/vec4 v0x7f92d7723700_0, 0, 16;
    %jmp T_14.1;
T_14.0 ;
    %load/vec4 v0x7f92d7724220_0;
    %pad/u 32;
    %cmpi/e 1, 0, 32;
    %jmp/0xz  T_14.2, 4;
    %pushi/vec4 0, 0, 8;
    %store/vec4 v0x7f92d7723a20_0, 0, 8;
    %pushi/vec4 1, 0, 8;
    %store/vec4 v0x7f92d7723ac0_0, 0, 8;
    %pushi/vec4 0, 0, 8;
    %store/vec4 v0x7f92d7723b70_0, 0, 8;
    %pushi/vec4 0, 0, 16;
    %store/vec4 v0x7f92d7723520_0, 0, 16;
    %load/vec4 v0x7f92d7723db0_0;
    %store/vec4 v0x7f92d77235d0_0, 0, 16;
    %pushi/vec4 0, 0, 16;
    %store/vec4 v0x7f92d7723700_0, 0, 16;
    %jmp T_14.3;
T_14.2 ;
    %pushi/vec4 0, 0, 8;
    %store/vec4 v0x7f92d7723a20_0, 0, 8;
    %pushi/vec4 0, 0, 8;
    %store/vec4 v0x7f92d7723ac0_0, 0, 8;
    %pushi/vec4 1, 0, 8;
    %store/vec4 v0x7f92d7723b70_0, 0, 8;
    %pushi/vec4 0, 0, 16;
    %store/vec4 v0x7f92d7723520_0, 0, 16;
    %pushi/vec4 0, 0, 16;
    %store/vec4 v0x7f92d77235d0_0, 0, 16;
    %load/vec4 v0x7f92d7723db0_0;
    %store/vec4 v0x7f92d7723700_0, 0, 16;
T_14.3 ;
T_14.1 ;
    %jmp T_14;
    .thread T_14, $push;
    .scope S_0x7f92d77011a0;
T_15 ;
    %pushi/vec4 1, 0, 1;
    %store/vec4 v0x7f92d7724430_0, 0, 1;
    %pushi/vec4 1, 0, 1;
    %store/vec4 v0x7f92d77243a0_0, 0, 1;
    %delay 1, 0;
    %pushi/vec4 0, 0, 1;
    %store/vec4 v0x7f92d7724430_0, 0, 1;
    %delay 1, 0;
    %pushi/vec4 1, 0, 1;
    %store/vec4 v0x7f92d7724430_0, 0, 1;
    %vpi_call 2 17 "$dumpfile", "kmeancluster.vcd" {0 0 0};
    %vpi_call 2 18 "$dumpvars", 32'sb00000000000000000000000000000000, S_0x7f92d77011a0 {0 0 0};
    %end;
    .thread T_15;
    .scope S_0x7f92d77011a0;
T_16 ;
    %delay 5, 0;
    %load/vec4 v0x7f92d77243a0_0;
    %nor/r;
    %store/vec4 v0x7f92d77243a0_0, 0, 1;
    %jmp T_16;
    .thread T_16;
# The file index is used to find the file name in the following table.
:file_names 7;
    "N/A";
    "<interactive>";
    "kmeancluster_tb.v";
    "./kmeancluster.v";
    "./distance.v";
    "./minimum.v";
    "./mux2x1.v";
