#! /usr/local/bin/vvp
:ivl_version "10.3 (stable)" "(v10_3-10-g756674aa)";
:ivl_delay_selection "TYPICAL";
:vpi_time_precision + 0;
:vpi_module "system";
:vpi_module "vhdl_sys";
:vpi_module "v2005_math";
:vpi_module "va_math";
S_0x7ff70d5004a0 .scope module, "task4_tb" "task4_tb" 2 3;
 .timescale 0 0;
v0x7ff70d5010b0_0 .var "clk", 0 0;
v0x7ff70d501170_0 .var "in", 15 0;
v0x7ff70d501210_0 .net "out", 15 0, v0x7ff70d41bf30_0;  1 drivers
v0x7ff70d5012e0_0 .var "reset", 0 0;
v0x7ff70d501390_0 .var "sel_12", 0 0;
v0x7ff70d501460_0 .var "sel_3", 0 0;
S_0x7ff70d500600 .scope module, "obj" "task4" 2 8, 3 19 0, S_0x7ff70d5004a0;
 .timescale 0 0;
    .port_info 0 /INPUT 16 "in"
    .port_info 1 /INPUT 1 "clk"
    .port_info 2 /INPUT 1 "reset"
    .port_info 3 /INPUT 1 "sel_12"
    .port_info 4 /INPUT 1 "sel_3"
    .port_info 5 /OUTPUT 16 "out"
v0x7ff70d41bb90_0 .net "clk", 0 0, v0x7ff70d5010b0_0;  1 drivers
v0x7ff70d41bc40_0 .net "in", 15 0, v0x7ff70d501170_0;  1 drivers
v0x7ff70d41bce0_0 .net "mux_out_1", 15 0, v0x7ff70d41af10_0;  1 drivers
v0x7ff70d41bdb0_0 .net "mux_out_2", 15 0, v0x7ff70d41b430_0;  1 drivers
v0x7ff70d41be60_0 .net "mux_out_3", 15 0, v0x7ff70d41b9d0_0;  1 drivers
v0x7ff70d41bf30_0 .var "out", 15 0;
v0x7ff70d41bfc0_0 .var "reg_a", 15 0;
v0x7ff70d500b50_0 .var "reg_b", 15 0;
v0x7ff70d500c20_0 .net "reset", 0 0, v0x7ff70d5012e0_0;  1 drivers
v0x7ff70d500d30_0 .net "sel_12", 0 0, v0x7ff70d501390_0;  1 drivers
v0x7ff70d500e00_0 .net "sel_3", 0 0, v0x7ff70d501460_0;  1 drivers
v0x7ff70d500eb0_0 .net "sub_out", 15 0, L_0x7ff70d7001d0;  1 drivers
v0x7ff70d500f60_0 .net "sum_out", 15 0, L_0x7ff70d700000;  1 drivers
E_0x7ff70d5000d0/0 .event negedge, v0x7ff70d500c20_0;
E_0x7ff70d5000d0/1 .event posedge, v0x7ff70d41bb90_0;
E_0x7ff70d5000d0 .event/or E_0x7ff70d5000d0/0, E_0x7ff70d5000d0/1;
L_0x7ff70d700000 .arith/sum 16, v0x7ff70d41af10_0, v0x7ff70d41b430_0;
L_0x7ff70d7001d0 .arith/sub 16, v0x7ff70d41af10_0, v0x7ff70d41b430_0;
S_0x7ff70d5007f0 .scope module, "obj0" "mux16b_2x1" 3 26, 3 1 0, S_0x7ff70d500600;
 .timescale 0 0;
    .port_info 0 /INPUT 16 "a"
    .port_info 1 /INPUT 16 "b"
    .port_info 2 /INPUT 1 "select"
    .port_info 3 /OUTPUT 16 "out"
v0x7ff70d500a60_0 .net "a", 15 0, v0x7ff70d41bfc0_0;  1 drivers
v0x7ff70d41ae50_0 .net "b", 15 0, v0x7ff70d500b50_0;  1 drivers
v0x7ff70d41af10_0 .var "out", 15 0;
v0x7ff70d41afc0_0 .net "select", 0 0, v0x7ff70d501390_0;  alias, 1 drivers
E_0x7ff70d500a00 .event edge, v0x7ff70d41afc0_0, v0x7ff70d41ae50_0, v0x7ff70d500a60_0;
S_0x7ff70d41b070 .scope module, "obj1" "mux16b_2x1" 3 27, 3 1 0, S_0x7ff70d500600;
 .timescale 0 0;
    .port_info 0 /INPUT 16 "a"
    .port_info 1 /INPUT 16 "b"
    .port_info 2 /INPUT 1 "select"
    .port_info 3 /OUTPUT 16 "out"
v0x7ff70d41b2b0_0 .net "a", 15 0, v0x7ff70d41bfc0_0;  alias, 1 drivers
v0x7ff70d41b380_0 .net "b", 15 0, v0x7ff70d500b50_0;  alias, 1 drivers
v0x7ff70d41b430_0 .var "out", 15 0;
v0x7ff70d41b4e0_0 .net "select", 0 0, v0x7ff70d501390_0;  alias, 1 drivers
S_0x7ff70d41b5e0 .scope module, "obj2" "mux16b_2x1" 3 30, 3 1 0, S_0x7ff70d500600;
 .timescale 0 0;
    .port_info 0 /INPUT 16 "a"
    .port_info 1 /INPUT 16 "b"
    .port_info 2 /INPUT 1 "select"
    .port_info 3 /OUTPUT 16 "out"
v0x7ff70d41b860_0 .net "a", 15 0, L_0x7ff70d700000;  alias, 1 drivers
v0x7ff70d41b920_0 .net "b", 15 0, L_0x7ff70d7001d0;  alias, 1 drivers
v0x7ff70d41b9d0_0 .var "out", 15 0;
v0x7ff70d41ba90_0 .net "select", 0 0, v0x7ff70d501460_0;  alias, 1 drivers
E_0x7ff70d41b810 .event edge, v0x7ff70d41ba90_0, v0x7ff70d41b920_0, v0x7ff70d41b860_0;
    .scope S_0x7ff70d5007f0;
T_0 ;
    %wait E_0x7ff70d500a00;
    %load/vec4 v0x7ff70d41afc0_0;
    %pad/u 32;
    %cmpi/e 0, 0, 32;
    %jmp/0xz  T_0.0, 4;
    %load/vec4 v0x7ff70d500a60_0;
    %store/vec4 v0x7ff70d41af10_0, 0, 16;
    %jmp T_0.1;
T_0.0 ;
    %load/vec4 v0x7ff70d41ae50_0;
    %store/vec4 v0x7ff70d41af10_0, 0, 16;
T_0.1 ;
    %jmp T_0;
    .thread T_0, $push;
    .scope S_0x7ff70d41b070;
T_1 ;
    %wait E_0x7ff70d500a00;
    %load/vec4 v0x7ff70d41b4e0_0;
    %pad/u 32;
    %cmpi/e 0, 0, 32;
    %jmp/0xz  T_1.0, 4;
    %load/vec4 v0x7ff70d41b2b0_0;
    %store/vec4 v0x7ff70d41b430_0, 0, 16;
    %jmp T_1.1;
T_1.0 ;
    %load/vec4 v0x7ff70d41b380_0;
    %store/vec4 v0x7ff70d41b430_0, 0, 16;
T_1.1 ;
    %jmp T_1;
    .thread T_1, $push;
    .scope S_0x7ff70d41b5e0;
T_2 ;
    %wait E_0x7ff70d41b810;
    %load/vec4 v0x7ff70d41ba90_0;
    %pad/u 32;
    %cmpi/e 0, 0, 32;
    %jmp/0xz  T_2.0, 4;
    %load/vec4 v0x7ff70d41b860_0;
    %store/vec4 v0x7ff70d41b9d0_0, 0, 16;
    %jmp T_2.1;
T_2.0 ;
    %load/vec4 v0x7ff70d41b920_0;
    %store/vec4 v0x7ff70d41b9d0_0, 0, 16;
T_2.1 ;
    %jmp T_2;
    .thread T_2, $push;
    .scope S_0x7ff70d500600;
T_3 ;
    %wait E_0x7ff70d5000d0;
    %load/vec4 v0x7ff70d500c20_0;
    %pad/u 32;
    %cmpi/e 0, 0, 32;
    %jmp/0xz  T_3.0, 4;
    %pushi/vec4 0, 0, 16;
    %assign/vec4 v0x7ff70d41bf30_0, 0;
    %pushi/vec4 0, 0, 16;
    %assign/vec4 v0x7ff70d41bfc0_0, 0;
    %pushi/vec4 0, 0, 16;
    %assign/vec4 v0x7ff70d500b50_0, 0;
    %jmp T_3.1;
T_3.0 ;
    %load/vec4 v0x7ff70d41bc40_0;
    %assign/vec4 v0x7ff70d41bfc0_0, 0;
    %load/vec4 v0x7ff70d41bf30_0;
    %assign/vec4 v0x7ff70d500b50_0, 0;
    %load/vec4 v0x7ff70d41be60_0;
    %assign/vec4 v0x7ff70d41bf30_0, 0;
T_3.1 ;
    %jmp T_3;
    .thread T_3;
    .scope S_0x7ff70d5004a0;
T_4 ;
    %vpi_call 2 11 "$dumpfile", "task4.vcd" {0 0 0};
    %vpi_call 2 12 "$dumpvars", 32'sb00000000000000000000000000000000, S_0x7ff70d5004a0 {0 0 0};
    %vpi_call 2 13 "$display", "done testing case %d", v0x7ff70d501210_0 {0 0 0};
    %pushi/vec4 0, 0, 1;
    %store/vec4 v0x7ff70d5010b0_0, 0, 1;
    %pushi/vec4 0, 0, 1;
    %store/vec4 v0x7ff70d5012e0_0, 0, 1;
    %pushi/vec4 0, 0, 16;
    %store/vec4 v0x7ff70d501170_0, 0, 16;
    %pushi/vec4 0, 0, 1;
    %store/vec4 v0x7ff70d501390_0, 0, 1;
    %pushi/vec4 0, 0, 1;
    %store/vec4 v0x7ff70d501460_0, 0, 1;
    %delay 10, 0;
    %pushi/vec4 1, 0, 1;
    %store/vec4 v0x7ff70d5012e0_0, 0, 1;
    %delay 10, 0;
    %vpi_call 2 19 "$finish" {0 0 0};
    %end;
    .thread T_4;
    .scope S_0x7ff70d5004a0;
T_5 ;
    %delay 5, 0;
    %load/vec4 v0x7ff70d5010b0_0;
    %nor/r;
    %store/vec4 v0x7ff70d5010b0_0, 0, 1;
    %jmp T_5;
    .thread T_5;
# The file index is used to find the file name in the following table.
:file_names 4;
    "N/A";
    "<interactive>";
    "task4_tb.v";
    "./task4.v";
