#! /usr/local/bin/vvp
:ivl_version "10.3 (stable)" "(v10_3-10-g756674aa)";
:ivl_delay_selection "TYPICAL";
:vpi_time_precision + 0;
:vpi_module "system";
:vpi_module "vhdl_sys";
:vpi_module "v2005_math";
:vpi_module "va_math";
S_0x7fe9bfd00170 .scope module, "task2" "task2" 2 2;
 .timescale 0 0;
    .port_info 0 /INPUT 1 "a"
    .port_info 1 /INPUT 1 "b"
    .port_info 2 /INPUT 1 "c"
    .port_info 3 /INPUT 1 "d"
    .port_info 4 /INPUT 1 "select0"
    .port_info 5 /INPUT 1 "select1"
    .port_info 6 /OUTPUT 1 "out"
o0x10867d008 .functor BUFZ 1, C4<z>; HiZ drive
v0x7fe9bfd18400_0 .net "a", 0 0, o0x10867d008;  0 drivers
o0x10867d038 .functor BUFZ 1, C4<z>; HiZ drive
v0x7fe9bfd184a0_0 .net "b", 0 0, o0x10867d038;  0 drivers
o0x10867d188 .functor BUFZ 1, C4<z>; HiZ drive
v0x7fe9bfd18550_0 .net "c", 0 0, o0x10867d188;  0 drivers
o0x10867d1b8 .functor BUFZ 1, C4<z>; HiZ drive
v0x7fe9bfd18620_0 .net "d", 0 0, o0x10867d1b8;  0 drivers
v0x7fe9bfd186d0_0 .net "out", 0 0, v0x7fe9bfd18270_0;  1 drivers
v0x7fe9bfd187a0_0 .net "out0", 0 0, v0x7fe9bfd17760_0;  1 drivers
v0x7fe9bfd18870_0 .net "out1", 0 0, v0x7fe9bfd17cd0_0;  1 drivers
o0x10867d098 .functor BUFZ 1, C4<z>; HiZ drive
v0x7fe9bfd18940_0 .net "select0", 0 0, o0x10867d098;  0 drivers
o0x10867d308 .functor BUFZ 1, C4<z>; HiZ drive
v0x7fe9bfd18a10_0 .net "select1", 0 0, o0x10867d308;  0 drivers
S_0x7fe9bfd077a0 .scope module, "obj0" "task1" 2 13, 3 1 0, S_0x7fe9bfd00170;
 .timescale 0 0;
    .port_info 0 /INPUT 1 "a"
    .port_info 1 /INPUT 1 "b"
    .port_info 2 /INPUT 1 "select"
    .port_info 3 /OUTPUT 1 "out"
v0x7fe9bfd012e0_0 .net "a", 0 0, o0x10867d008;  alias, 0 drivers
v0x7fe9bfd176c0_0 .net "b", 0 0, o0x10867d038;  alias, 0 drivers
v0x7fe9bfd17760_0 .var "out", 0 0;
v0x7fe9bfd17810_0 .net "select", 0 0, o0x10867d098;  alias, 0 drivers
E_0x7fe9bfd01f30 .event edge, v0x7fe9bfd17810_0, v0x7fe9bfd176c0_0, v0x7fe9bfd012e0_0;
S_0x7fe9bfd17910 .scope module, "obj1" "task1" 2 14, 3 1 0, S_0x7fe9bfd00170;
 .timescale 0 0;
    .port_info 0 /INPUT 1 "a"
    .port_info 1 /INPUT 1 "b"
    .port_info 2 /INPUT 1 "select"
    .port_info 3 /OUTPUT 1 "out"
v0x7fe9bfd17b80_0 .net "a", 0 0, o0x10867d188;  alias, 0 drivers
v0x7fe9bfd17c30_0 .net "b", 0 0, o0x10867d1b8;  alias, 0 drivers
v0x7fe9bfd17cd0_0 .var "out", 0 0;
v0x7fe9bfd17d80_0 .net "select", 0 0, o0x10867d098;  alias, 0 drivers
E_0x7fe9bfd17b30 .event edge, v0x7fe9bfd17810_0, v0x7fe9bfd17c30_0, v0x7fe9bfd17b80_0;
S_0x7fe9bfd17e80 .scope module, "obj2" "task1" 2 15, 3 1 0, S_0x7fe9bfd00170;
 .timescale 0 0;
    .port_info 0 /INPUT 1 "a"
    .port_info 1 /INPUT 1 "b"
    .port_info 2 /INPUT 1 "select"
    .port_info 3 /OUTPUT 1 "out"
v0x7fe9bfd18100_0 .net "a", 0 0, v0x7fe9bfd17760_0;  alias, 1 drivers
v0x7fe9bfd181c0_0 .net "b", 0 0, v0x7fe9bfd17cd0_0;  alias, 1 drivers
v0x7fe9bfd18270_0 .var "out", 0 0;
v0x7fe9bfd18320_0 .net "select", 0 0, o0x10867d308;  alias, 0 drivers
E_0x7fe9bfd180b0 .event edge, v0x7fe9bfd18320_0, v0x7fe9bfd17cd0_0, v0x7fe9bfd17760_0;
    .scope S_0x7fe9bfd077a0;
T_0 ;
    %wait E_0x7fe9bfd01f30;
    %load/vec4 v0x7fe9bfd17810_0;
    %pad/u 32;
    %cmpi/e 0, 0, 32;
    %jmp/0xz  T_0.0, 4;
    %load/vec4 v0x7fe9bfd012e0_0;
    %store/vec4 v0x7fe9bfd17760_0, 0, 1;
    %jmp T_0.1;
T_0.0 ;
    %load/vec4 v0x7fe9bfd176c0_0;
    %store/vec4 v0x7fe9bfd17760_0, 0, 1;
T_0.1 ;
    %jmp T_0;
    .thread T_0, $push;
    .scope S_0x7fe9bfd17910;
T_1 ;
    %wait E_0x7fe9bfd17b30;
    %load/vec4 v0x7fe9bfd17d80_0;
    %pad/u 32;
    %cmpi/e 0, 0, 32;
    %jmp/0xz  T_1.0, 4;
    %load/vec4 v0x7fe9bfd17b80_0;
    %store/vec4 v0x7fe9bfd17cd0_0, 0, 1;
    %jmp T_1.1;
T_1.0 ;
    %load/vec4 v0x7fe9bfd17c30_0;
    %store/vec4 v0x7fe9bfd17cd0_0, 0, 1;
T_1.1 ;
    %jmp T_1;
    .thread T_1, $push;
    .scope S_0x7fe9bfd17e80;
T_2 ;
    %wait E_0x7fe9bfd180b0;
    %load/vec4 v0x7fe9bfd18320_0;
    %pad/u 32;
    %cmpi/e 0, 0, 32;
    %jmp/0xz  T_2.0, 4;
    %load/vec4 v0x7fe9bfd18100_0;
    %store/vec4 v0x7fe9bfd18270_0, 0, 1;
    %jmp T_2.1;
T_2.0 ;
    %load/vec4 v0x7fe9bfd181c0_0;
    %store/vec4 v0x7fe9bfd18270_0, 0, 1;
T_2.1 ;
    %jmp T_2;
    .thread T_2, $push;
# The file index is used to find the file name in the following table.
:file_names 4;
    "N/A";
    "<interactive>";
    "task2.v";
    "./task1.v";
