#! /usr/local/bin/vvp
:ivl_version "10.3 (stable)" "(v10_3-10-g756674aa)";
:ivl_delay_selection "TYPICAL";
:vpi_time_precision + 0;
:vpi_module "system";
:vpi_module "vhdl_sys";
:vpi_module "v2005_math";
:vpi_module "va_math";
S_0x7f8711504810 .scope module, "task3_tb" "task3_tb" 2 3;
 .timescale 0 0;
v0x7f8711404be0_0 .var "a", 0 0;
v0x7f8711404c80_0 .var "b", 0 0;
v0x7f8711404d20_0 .var "c", 0 0;
v0x7f8711404dd0_0 .var "d", 0 0;
v0x7f8711404e60_0 .var "e", 0 0;
v0x7f8711404f30_0 .var "f", 0 0;
v0x7f8711404fc0_0 .var "g", 0 0;
v0x7f8711405050_0 .var "h", 0 0;
v0x7f87114050e0_0 .net "out", 0 0, v0x7f8711403e80_0;  1 drivers
v0x7f87114051f0_0 .var "s0", 0 0;
v0x7f8711405280_0 .var "s1", 0 0;
v0x7f8711405310_0 .var "s2", 0 0;
S_0x7f87115023d0 .scope module, "obj" "task3" 2 7, 3 4 0, S_0x7f8711504810;
 .timescale 0 0;
    .port_info 0 /INPUT 1 "a"
    .port_info 1 /INPUT 1 "b"
    .port_info 2 /INPUT 1 "c"
    .port_info 3 /INPUT 1 "d"
    .port_info 4 /INPUT 1 "e"
    .port_info 5 /INPUT 1 "f"
    .port_info 6 /INPUT 1 "g"
    .port_info 7 /INPUT 1 "h"
    .port_info 8 /INPUT 1 "s0"
    .port_info 9 /INPUT 1 "s1"
    .port_info 10 /INPUT 1 "s2"
    .port_info 11 /OUTPUT 1 "out"
v0x7f8711403fe0_0 .net "a", 0 0, v0x7f8711404be0_0;  1 drivers
v0x7f87114040c0_0 .net "b", 0 0, v0x7f8711404c80_0;  1 drivers
v0x7f87114041a0_0 .net "c", 0 0, v0x7f8711404d20_0;  1 drivers
v0x7f8711404270_0 .net "d", 0 0, v0x7f8711404dd0_0;  1 drivers
v0x7f8711404340_0 .net "e", 0 0, v0x7f8711404e60_0;  1 drivers
v0x7f8711404450_0 .net "f", 0 0, v0x7f8711404f30_0;  1 drivers
v0x7f8711404520_0 .net "g", 0 0, v0x7f8711404fc0_0;  1 drivers
v0x7f87114045f0_0 .net "h", 0 0, v0x7f8711405050_0;  1 drivers
v0x7f87114046c0_0 .net "out", 0 0, v0x7f8711403e80_0;  alias, 1 drivers
v0x7f87114047d0_0 .net "out0", 0 0, v0x7f8711520f50_0;  1 drivers
v0x7f8711404860_0 .net "out1", 0 0, v0x7f8711522940_0;  1 drivers
v0x7f87114048f0_0 .net "s0", 0 0, v0x7f87114051f0_0;  1 drivers
v0x7f8711404980_0 .net "s1", 0 0, v0x7f8711405280_0;  1 drivers
v0x7f8711404a90_0 .net "s2", 0 0, v0x7f8711405310_0;  1 drivers
S_0x7f8711500930 .scope module, "obj0" "task2" 3 20, 4 2 0, S_0x7f87115023d0;
 .timescale 0 0;
    .port_info 0 /INPUT 1 "a"
    .port_info 1 /INPUT 1 "b"
    .port_info 2 /INPUT 1 "c"
    .port_info 3 /INPUT 1 "d"
    .port_info 4 /INPUT 1 "select0"
    .port_info 5 /INPUT 1 "select1"
    .port_info 6 /OUTPUT 1 "out"
v0x7f87115210e0_0 .net "a", 0 0, v0x7f8711404be0_0;  alias, 1 drivers
v0x7f8711521180_0 .net "b", 0 0, v0x7f8711404c80_0;  alias, 1 drivers
v0x7f8711521230_0 .net "c", 0 0, v0x7f8711404d20_0;  alias, 1 drivers
v0x7f8711521300_0 .net "d", 0 0, v0x7f8711404dd0_0;  alias, 1 drivers
v0x7f87115213b0_0 .net "out", 0 0, v0x7f8711520f50_0;  alias, 1 drivers
v0x7f8711521480_0 .net "out0", 0 0, v0x7f8711520440_0;  1 drivers
v0x7f8711521550_0 .net "out1", 0 0, v0x7f87115209b0_0;  1 drivers
v0x7f8711521620_0 .net "select0", 0 0, v0x7f87114051f0_0;  alias, 1 drivers
v0x7f87115216f0_0 .net "select1", 0 0, v0x7f8711405280_0;  alias, 1 drivers
S_0x7f87115108a0 .scope module, "obj0" "task1" 4 13, 5 1 0, S_0x7f8711500930;
 .timescale 0 0;
    .port_info 0 /INPUT 1 "a"
    .port_info 1 /INPUT 1 "b"
    .port_info 2 /INPUT 1 "select"
    .port_info 3 /OUTPUT 1 "out"
v0x7f87115049d0_0 .net "a", 0 0, v0x7f8711404be0_0;  alias, 1 drivers
v0x7f87115203a0_0 .net "b", 0 0, v0x7f8711404c80_0;  alias, 1 drivers
v0x7f8711520440_0 .var "out", 0 0;
v0x7f87115204f0_0 .net "select", 0 0, v0x7f87114051f0_0;  alias, 1 drivers
E_0x7f8711502650 .event edge, v0x7f87115204f0_0, v0x7f87115203a0_0, v0x7f87115049d0_0;
S_0x7f87115205f0 .scope module, "obj1" "task1" 4 14, 5 1 0, S_0x7f8711500930;
 .timescale 0 0;
    .port_info 0 /INPUT 1 "a"
    .port_info 1 /INPUT 1 "b"
    .port_info 2 /INPUT 1 "select"
    .port_info 3 /OUTPUT 1 "out"
v0x7f8711520860_0 .net "a", 0 0, v0x7f8711404d20_0;  alias, 1 drivers
v0x7f8711520910_0 .net "b", 0 0, v0x7f8711404dd0_0;  alias, 1 drivers
v0x7f87115209b0_0 .var "out", 0 0;
v0x7f8711520a60_0 .net "select", 0 0, v0x7f87114051f0_0;  alias, 1 drivers
E_0x7f8711520810 .event edge, v0x7f87115204f0_0, v0x7f8711520910_0, v0x7f8711520860_0;
S_0x7f8711520b60 .scope module, "obj2" "task1" 4 15, 5 1 0, S_0x7f8711500930;
 .timescale 0 0;
    .port_info 0 /INPUT 1 "a"
    .port_info 1 /INPUT 1 "b"
    .port_info 2 /INPUT 1 "select"
    .port_info 3 /OUTPUT 1 "out"
v0x7f8711520de0_0 .net "a", 0 0, v0x7f8711520440_0;  alias, 1 drivers
v0x7f8711520ea0_0 .net "b", 0 0, v0x7f87115209b0_0;  alias, 1 drivers
v0x7f8711520f50_0 .var "out", 0 0;
v0x7f8711521000_0 .net "select", 0 0, v0x7f8711405280_0;  alias, 1 drivers
E_0x7f8711520d90 .event edge, v0x7f8711521000_0, v0x7f87115209b0_0, v0x7f8711520440_0;
S_0x7f8711521800 .scope module, "obj1" "task2" 3 21, 4 2 0, S_0x7f87115023d0;
 .timescale 0 0;
    .port_info 0 /INPUT 1 "a"
    .port_info 1 /INPUT 1 "b"
    .port_info 2 /INPUT 1 "c"
    .port_info 3 /INPUT 1 "d"
    .port_info 4 /INPUT 1 "select0"
    .port_info 5 /INPUT 1 "select1"
    .port_info 6 /OUTPUT 1 "out"
v0x7f8711522ae0_0 .net "a", 0 0, v0x7f8711404e60_0;  alias, 1 drivers
v0x7f8711522b80_0 .net "b", 0 0, v0x7f8711404f30_0;  alias, 1 drivers
v0x7f8711522c30_0 .net "c", 0 0, v0x7f8711404fc0_0;  alias, 1 drivers
v0x7f8711522d00_0 .net "d", 0 0, v0x7f8711405050_0;  alias, 1 drivers
v0x7f8711522d90_0 .net "out", 0 0, v0x7f8711522940_0;  alias, 1 drivers
v0x7f8711522e60_0 .net "out0", 0 0, v0x7f8711521e10_0;  1 drivers
v0x7f8711522f30_0 .net "out1", 0 0, v0x7f8711522370_0;  1 drivers
v0x7f8711523000_0 .net "select0", 0 0, v0x7f87114051f0_0;  alias, 1 drivers
v0x7f87114038a0_0 .net "select1", 0 0, v0x7f8711405280_0;  alias, 1 drivers
S_0x7f8711521a60 .scope module, "obj0" "task1" 4 13, 5 1 0, S_0x7f8711521800;
 .timescale 0 0;
    .port_info 0 /INPUT 1 "a"
    .port_info 1 /INPUT 1 "b"
    .port_info 2 /INPUT 1 "select"
    .port_info 3 /OUTPUT 1 "out"
v0x7f8711521cc0_0 .net "a", 0 0, v0x7f8711404e60_0;  alias, 1 drivers
v0x7f8711521d70_0 .net "b", 0 0, v0x7f8711404f30_0;  alias, 1 drivers
v0x7f8711521e10_0 .var "out", 0 0;
v0x7f8711521ec0_0 .net "select", 0 0, v0x7f87114051f0_0;  alias, 1 drivers
E_0x7f8711521c70 .event edge, v0x7f87115204f0_0, v0x7f8711521d70_0, v0x7f8711521cc0_0;
S_0x7f8711521fb0 .scope module, "obj1" "task1" 4 14, 5 1 0, S_0x7f8711521800;
 .timescale 0 0;
    .port_info 0 /INPUT 1 "a"
    .port_info 1 /INPUT 1 "b"
    .port_info 2 /INPUT 1 "select"
    .port_info 3 /OUTPUT 1 "out"
v0x7f8711522220_0 .net "a", 0 0, v0x7f8711404fc0_0;  alias, 1 drivers
v0x7f87115222d0_0 .net "b", 0 0, v0x7f8711405050_0;  alias, 1 drivers
v0x7f8711522370_0 .var "out", 0 0;
v0x7f8711522420_0 .net "select", 0 0, v0x7f87114051f0_0;  alias, 1 drivers
E_0x7f87115221d0 .event edge, v0x7f87115204f0_0, v0x7f87115222d0_0, v0x7f8711522220_0;
S_0x7f8711522590 .scope module, "obj2" "task1" 4 15, 5 1 0, S_0x7f8711521800;
 .timescale 0 0;
    .port_info 0 /INPUT 1 "a"
    .port_info 1 /INPUT 1 "b"
    .port_info 2 /INPUT 1 "select"
    .port_info 3 /OUTPUT 1 "out"
v0x7f87115227d0_0 .net "a", 0 0, v0x7f8711521e10_0;  alias, 1 drivers
v0x7f8711522890_0 .net "b", 0 0, v0x7f8711522370_0;  alias, 1 drivers
v0x7f8711522940_0 .var "out", 0 0;
v0x7f87115229f0_0 .net "select", 0 0, v0x7f8711405280_0;  alias, 1 drivers
E_0x7f87115227a0 .event edge, v0x7f8711521000_0, v0x7f8711522370_0, v0x7f8711521e10_0;
S_0x7f8711403370 .scope module, "obj2" "task1" 3 22, 5 1 0, S_0x7f87115023d0;
 .timescale 0 0;
    .port_info 0 /INPUT 1 "a"
    .port_info 1 /INPUT 1 "b"
    .port_info 2 /INPUT 1 "select"
    .port_info 3 /OUTPUT 1 "out"
v0x7f8711403ce0_0 .net "a", 0 0, v0x7f8711520f50_0;  alias, 1 drivers
v0x7f8711403db0_0 .net "b", 0 0, v0x7f8711522940_0;  alias, 1 drivers
v0x7f8711403e80_0 .var "out", 0 0;
v0x7f8711403f10_0 .net "select", 0 0, v0x7f8711405310_0;  alias, 1 drivers
E_0x7f8711403ae0 .event edge, v0x7f8711403f10_0, v0x7f8711522940_0, v0x7f8711520f50_0;
    .scope S_0x7f87115108a0;
T_0 ;
    %wait E_0x7f8711502650;
    %load/vec4 v0x7f87115204f0_0;
    %pad/u 32;
    %cmpi/e 0, 0, 32;
    %jmp/0xz  T_0.0, 4;
    %load/vec4 v0x7f87115049d0_0;
    %store/vec4 v0x7f8711520440_0, 0, 1;
    %jmp T_0.1;
T_0.0 ;
    %load/vec4 v0x7f87115203a0_0;
    %store/vec4 v0x7f8711520440_0, 0, 1;
T_0.1 ;
    %jmp T_0;
    .thread T_0, $push;
    .scope S_0x7f87115205f0;
T_1 ;
    %wait E_0x7f8711520810;
    %load/vec4 v0x7f8711520a60_0;
    %pad/u 32;
    %cmpi/e 0, 0, 32;
    %jmp/0xz  T_1.0, 4;
    %load/vec4 v0x7f8711520860_0;
    %store/vec4 v0x7f87115209b0_0, 0, 1;
    %jmp T_1.1;
T_1.0 ;
    %load/vec4 v0x7f8711520910_0;
    %store/vec4 v0x7f87115209b0_0, 0, 1;
T_1.1 ;
    %jmp T_1;
    .thread T_1, $push;
    .scope S_0x7f8711520b60;
T_2 ;
    %wait E_0x7f8711520d90;
    %load/vec4 v0x7f8711521000_0;
    %pad/u 32;
    %cmpi/e 0, 0, 32;
    %jmp/0xz  T_2.0, 4;
    %load/vec4 v0x7f8711520de0_0;
    %store/vec4 v0x7f8711520f50_0, 0, 1;
    %jmp T_2.1;
T_2.0 ;
    %load/vec4 v0x7f8711520ea0_0;
    %store/vec4 v0x7f8711520f50_0, 0, 1;
T_2.1 ;
    %jmp T_2;
    .thread T_2, $push;
    .scope S_0x7f8711521a60;
T_3 ;
    %wait E_0x7f8711521c70;
    %load/vec4 v0x7f8711521ec0_0;
    %pad/u 32;
    %cmpi/e 0, 0, 32;
    %jmp/0xz  T_3.0, 4;
    %load/vec4 v0x7f8711521cc0_0;
    %store/vec4 v0x7f8711521e10_0, 0, 1;
    %jmp T_3.1;
T_3.0 ;
    %load/vec4 v0x7f8711521d70_0;
    %store/vec4 v0x7f8711521e10_0, 0, 1;
T_3.1 ;
    %jmp T_3;
    .thread T_3, $push;
    .scope S_0x7f8711521fb0;
T_4 ;
    %wait E_0x7f87115221d0;
    %load/vec4 v0x7f8711522420_0;
    %pad/u 32;
    %cmpi/e 0, 0, 32;
    %jmp/0xz  T_4.0, 4;
    %load/vec4 v0x7f8711522220_0;
    %store/vec4 v0x7f8711522370_0, 0, 1;
    %jmp T_4.1;
T_4.0 ;
    %load/vec4 v0x7f87115222d0_0;
    %store/vec4 v0x7f8711522370_0, 0, 1;
T_4.1 ;
    %jmp T_4;
    .thread T_4, $push;
    .scope S_0x7f8711522590;
T_5 ;
    %wait E_0x7f87115227a0;
    %load/vec4 v0x7f87115229f0_0;
    %pad/u 32;
    %cmpi/e 0, 0, 32;
    %jmp/0xz  T_5.0, 4;
    %load/vec4 v0x7f87115227d0_0;
    %store/vec4 v0x7f8711522940_0, 0, 1;
    %jmp T_5.1;
T_5.0 ;
    %load/vec4 v0x7f8711522890_0;
    %store/vec4 v0x7f8711522940_0, 0, 1;
T_5.1 ;
    %jmp T_5;
    .thread T_5, $push;
    .scope S_0x7f8711403370;
T_6 ;
    %wait E_0x7f8711403ae0;
    %load/vec4 v0x7f8711403f10_0;
    %pad/u 32;
    %cmpi/e 0, 0, 32;
    %jmp/0xz  T_6.0, 4;
    %load/vec4 v0x7f8711403ce0_0;
    %store/vec4 v0x7f8711403e80_0, 0, 1;
    %jmp T_6.1;
T_6.0 ;
    %load/vec4 v0x7f8711403db0_0;
    %store/vec4 v0x7f8711403e80_0, 0, 1;
T_6.1 ;
    %jmp T_6;
    .thread T_6, $push;
    .scope S_0x7f8711504810;
T_7 ;
    %vpi_call 2 11 "$dumpfile", "task3.vcd" {0 0 0};
    %vpi_call 2 12 "$dumpvars", 32'sb00000000000000000000000000000000, S_0x7f8711504810 {0 0 0};
    %vpi_call 2 13 "$display", "done testing case %d", v0x7f87114050e0_0 {0 0 0};
    %pushi/vec4 0, 0, 1;
    %store/vec4 v0x7f8711404be0_0, 0, 1;
    %pushi/vec4 0, 0, 1;
    %store/vec4 v0x7f8711404c80_0, 0, 1;
    %pushi/vec4 0, 0, 1;
    %store/vec4 v0x7f8711404d20_0, 0, 1;
    %pushi/vec4 0, 0, 1;
    %store/vec4 v0x7f8711404dd0_0, 0, 1;
    %pushi/vec4 0, 0, 1;
    %store/vec4 v0x7f8711404e60_0, 0, 1;
    %pushi/vec4 0, 0, 1;
    %store/vec4 v0x7f8711404f30_0, 0, 1;
    %pushi/vec4 0, 0, 1;
    %store/vec4 v0x7f8711404fc0_0, 0, 1;
    %pushi/vec4 0, 0, 1;
    %store/vec4 v0x7f8711405050_0, 0, 1;
    %pushi/vec4 0, 0, 1;
    %store/vec4 v0x7f87114051f0_0, 0, 1;
    %pushi/vec4 0, 0, 1;
    %store/vec4 v0x7f8711405280_0, 0, 1;
    %pushi/vec4 0, 0, 1;
    %store/vec4 v0x7f8711405310_0, 0, 1;
    %delay 10, 0;
    %pushi/vec4 0, 0, 1;
    %store/vec4 v0x7f8711404be0_0, 0, 1;
    %pushi/vec4 0, 0, 1;
    %store/vec4 v0x7f8711404c80_0, 0, 1;
    %pushi/vec4 0, 0, 1;
    %store/vec4 v0x7f8711404d20_0, 0, 1;
    %pushi/vec4 0, 0, 1;
    %store/vec4 v0x7f8711404dd0_0, 0, 1;
    %pushi/vec4 0, 0, 1;
    %store/vec4 v0x7f8711404e60_0, 0, 1;
    %pushi/vec4 0, 0, 1;
    %store/vec4 v0x7f8711404f30_0, 0, 1;
    %pushi/vec4 0, 0, 1;
    %store/vec4 v0x7f8711404fc0_0, 0, 1;
    %pushi/vec4 0, 0, 1;
    %store/vec4 v0x7f8711405050_0, 0, 1;
    %pushi/vec4 0, 0, 1;
    %store/vec4 v0x7f87114051f0_0, 0, 1;
    %pushi/vec4 0, 0, 1;
    %store/vec4 v0x7f8711405280_0, 0, 1;
    %pushi/vec4 0, 0, 1;
    %store/vec4 v0x7f8711405310_0, 0, 1;
    %delay 10, 0;
    %pushi/vec4 0, 0, 1;
    %store/vec4 v0x7f8711404be0_0, 0, 1;
    %pushi/vec4 0, 0, 1;
    %store/vec4 v0x7f8711404c80_0, 0, 1;
    %pushi/vec4 0, 0, 1;
    %store/vec4 v0x7f8711404d20_0, 0, 1;
    %pushi/vec4 0, 0, 1;
    %store/vec4 v0x7f8711404dd0_0, 0, 1;
    %pushi/vec4 0, 0, 1;
    %store/vec4 v0x7f8711404e60_0, 0, 1;
    %pushi/vec4 0, 0, 1;
    %store/vec4 v0x7f8711404f30_0, 0, 1;
    %pushi/vec4 0, 0, 1;
    %store/vec4 v0x7f8711404fc0_0, 0, 1;
    %pushi/vec4 0, 0, 1;
    %store/vec4 v0x7f8711405050_0, 0, 1;
    %pushi/vec4 0, 0, 1;
    %store/vec4 v0x7f87114051f0_0, 0, 1;
    %pushi/vec4 0, 0, 1;
    %store/vec4 v0x7f8711405280_0, 0, 1;
    %pushi/vec4 0, 0, 1;
    %store/vec4 v0x7f8711405310_0, 0, 1;
    %delay 10, 0;
    %pushi/vec4 0, 0, 1;
    %store/vec4 v0x7f8711404be0_0, 0, 1;
    %pushi/vec4 0, 0, 1;
    %store/vec4 v0x7f8711404c80_0, 0, 1;
    %pushi/vec4 0, 0, 1;
    %store/vec4 v0x7f8711404d20_0, 0, 1;
    %pushi/vec4 0, 0, 1;
    %store/vec4 v0x7f8711404dd0_0, 0, 1;
    %pushi/vec4 0, 0, 1;
    %store/vec4 v0x7f8711404e60_0, 0, 1;
    %pushi/vec4 0, 0, 1;
    %store/vec4 v0x7f8711404f30_0, 0, 1;
    %pushi/vec4 0, 0, 1;
    %store/vec4 v0x7f8711404fc0_0, 0, 1;
    %pushi/vec4 0, 0, 1;
    %store/vec4 v0x7f8711405050_0, 0, 1;
    %pushi/vec4 0, 0, 1;
    %store/vec4 v0x7f87114051f0_0, 0, 1;
    %pushi/vec4 0, 0, 1;
    %store/vec4 v0x7f8711405280_0, 0, 1;
    %pushi/vec4 0, 0, 1;
    %store/vec4 v0x7f8711405310_0, 0, 1;
    %delay 10, 0;
    %pushi/vec4 0, 0, 1;
    %store/vec4 v0x7f8711404be0_0, 0, 1;
    %pushi/vec4 0, 0, 1;
    %store/vec4 v0x7f8711404c80_0, 0, 1;
    %pushi/vec4 0, 0, 1;
    %store/vec4 v0x7f8711404d20_0, 0, 1;
    %pushi/vec4 0, 0, 1;
    %store/vec4 v0x7f8711404dd0_0, 0, 1;
    %pushi/vec4 0, 0, 1;
    %store/vec4 v0x7f8711404e60_0, 0, 1;
    %pushi/vec4 0, 0, 1;
    %store/vec4 v0x7f8711404f30_0, 0, 1;
    %pushi/vec4 0, 0, 1;
    %store/vec4 v0x7f8711404fc0_0, 0, 1;
    %pushi/vec4 0, 0, 1;
    %store/vec4 v0x7f8711405050_0, 0, 1;
    %pushi/vec4 0, 0, 1;
    %store/vec4 v0x7f87114051f0_0, 0, 1;
    %pushi/vec4 0, 0, 1;
    %store/vec4 v0x7f8711405280_0, 0, 1;
    %pushi/vec4 0, 0, 1;
    %store/vec4 v0x7f8711405310_0, 0, 1;
    %delay 10, 0;
    %pushi/vec4 0, 0, 1;
    %store/vec4 v0x7f8711404be0_0, 0, 1;
    %pushi/vec4 0, 0, 1;
    %store/vec4 v0x7f8711404c80_0, 0, 1;
    %pushi/vec4 0, 0, 1;
    %store/vec4 v0x7f8711404d20_0, 0, 1;
    %pushi/vec4 0, 0, 1;
    %store/vec4 v0x7f8711404dd0_0, 0, 1;
    %pushi/vec4 0, 0, 1;
    %store/vec4 v0x7f8711404e60_0, 0, 1;
    %pushi/vec4 0, 0, 1;
    %store/vec4 v0x7f8711404f30_0, 0, 1;
    %pushi/vec4 0, 0, 1;
    %store/vec4 v0x7f8711404fc0_0, 0, 1;
    %pushi/vec4 0, 0, 1;
    %store/vec4 v0x7f8711405050_0, 0, 1;
    %pushi/vec4 0, 0, 1;
    %store/vec4 v0x7f87114051f0_0, 0, 1;
    %pushi/vec4 0, 0, 1;
    %store/vec4 v0x7f8711405280_0, 0, 1;
    %pushi/vec4 0, 0, 1;
    %store/vec4 v0x7f8711405310_0, 0, 1;
    %delay 10, 0;
    %pushi/vec4 0, 0, 1;
    %store/vec4 v0x7f8711404be0_0, 0, 1;
    %pushi/vec4 0, 0, 1;
    %store/vec4 v0x7f8711404c80_0, 0, 1;
    %pushi/vec4 0, 0, 1;
    %store/vec4 v0x7f8711404d20_0, 0, 1;
    %pushi/vec4 0, 0, 1;
    %store/vec4 v0x7f8711404dd0_0, 0, 1;
    %pushi/vec4 0, 0, 1;
    %store/vec4 v0x7f8711404e60_0, 0, 1;
    %pushi/vec4 0, 0, 1;
    %store/vec4 v0x7f8711404f30_0, 0, 1;
    %pushi/vec4 0, 0, 1;
    %store/vec4 v0x7f8711404fc0_0, 0, 1;
    %pushi/vec4 0, 0, 1;
    %store/vec4 v0x7f8711405050_0, 0, 1;
    %pushi/vec4 0, 0, 1;
    %store/vec4 v0x7f87114051f0_0, 0, 1;
    %pushi/vec4 0, 0, 1;
    %store/vec4 v0x7f8711405280_0, 0, 1;
    %pushi/vec4 0, 0, 1;
    %store/vec4 v0x7f8711405310_0, 0, 1;
    %delay 10, 0;
    %pushi/vec4 0, 0, 1;
    %store/vec4 v0x7f8711404be0_0, 0, 1;
    %pushi/vec4 0, 0, 1;
    %store/vec4 v0x7f8711404c80_0, 0, 1;
    %pushi/vec4 0, 0, 1;
    %store/vec4 v0x7f8711404d20_0, 0, 1;
    %pushi/vec4 0, 0, 1;
    %store/vec4 v0x7f8711404dd0_0, 0, 1;
    %pushi/vec4 0, 0, 1;
    %store/vec4 v0x7f8711404e60_0, 0, 1;
    %pushi/vec4 0, 0, 1;
    %store/vec4 v0x7f8711404f30_0, 0, 1;
    %pushi/vec4 0, 0, 1;
    %store/vec4 v0x7f8711404fc0_0, 0, 1;
    %pushi/vec4 0, 0, 1;
    %store/vec4 v0x7f8711405050_0, 0, 1;
    %pushi/vec4 0, 0, 1;
    %store/vec4 v0x7f87114051f0_0, 0, 1;
    %pushi/vec4 0, 0, 1;
    %store/vec4 v0x7f8711405280_0, 0, 1;
    %pushi/vec4 0, 0, 1;
    %store/vec4 v0x7f8711405310_0, 0, 1;
    %delay 10, 0;
    %pushi/vec4 0, 0, 1;
    %store/vec4 v0x7f8711404be0_0, 0, 1;
    %pushi/vec4 0, 0, 1;
    %store/vec4 v0x7f8711404c80_0, 0, 1;
    %pushi/vec4 0, 0, 1;
    %store/vec4 v0x7f8711404d20_0, 0, 1;
    %pushi/vec4 0, 0, 1;
    %store/vec4 v0x7f8711404dd0_0, 0, 1;
    %pushi/vec4 0, 0, 1;
    %store/vec4 v0x7f8711404e60_0, 0, 1;
    %pushi/vec4 0, 0, 1;
    %store/vec4 v0x7f8711404f30_0, 0, 1;
    %pushi/vec4 0, 0, 1;
    %store/vec4 v0x7f8711404fc0_0, 0, 1;
    %pushi/vec4 0, 0, 1;
    %store/vec4 v0x7f8711405050_0, 0, 1;
    %pushi/vec4 0, 0, 1;
    %store/vec4 v0x7f87114051f0_0, 0, 1;
    %pushi/vec4 0, 0, 1;
    %store/vec4 v0x7f8711405280_0, 0, 1;
    %pushi/vec4 0, 0, 1;
    %store/vec4 v0x7f8711405310_0, 0, 1;
    %delay 10, 0;
    %pushi/vec4 0, 0, 1;
    %store/vec4 v0x7f8711404be0_0, 0, 1;
    %pushi/vec4 0, 0, 1;
    %store/vec4 v0x7f8711404c80_0, 0, 1;
    %pushi/vec4 0, 0, 1;
    %store/vec4 v0x7f8711404d20_0, 0, 1;
    %pushi/vec4 0, 0, 1;
    %store/vec4 v0x7f8711404dd0_0, 0, 1;
    %pushi/vec4 0, 0, 1;
    %store/vec4 v0x7f8711404e60_0, 0, 1;
    %pushi/vec4 0, 0, 1;
    %store/vec4 v0x7f8711404f30_0, 0, 1;
    %pushi/vec4 0, 0, 1;
    %store/vec4 v0x7f8711404fc0_0, 0, 1;
    %pushi/vec4 0, 0, 1;
    %store/vec4 v0x7f8711405050_0, 0, 1;
    %pushi/vec4 0, 0, 1;
    %store/vec4 v0x7f87114051f0_0, 0, 1;
    %pushi/vec4 0, 0, 1;
    %store/vec4 v0x7f8711405280_0, 0, 1;
    %pushi/vec4 0, 0, 1;
    %store/vec4 v0x7f8711405310_0, 0, 1;
    %delay 10, 0;
    %pushi/vec4 0, 0, 1;
    %store/vec4 v0x7f8711404be0_0, 0, 1;
    %pushi/vec4 0, 0, 1;
    %store/vec4 v0x7f8711404c80_0, 0, 1;
    %pushi/vec4 0, 0, 1;
    %store/vec4 v0x7f8711404d20_0, 0, 1;
    %pushi/vec4 0, 0, 1;
    %store/vec4 v0x7f8711404dd0_0, 0, 1;
    %pushi/vec4 0, 0, 1;
    %store/vec4 v0x7f8711404e60_0, 0, 1;
    %pushi/vec4 0, 0, 1;
    %store/vec4 v0x7f8711404f30_0, 0, 1;
    %pushi/vec4 0, 0, 1;
    %store/vec4 v0x7f8711404fc0_0, 0, 1;
    %pushi/vec4 0, 0, 1;
    %store/vec4 v0x7f8711405050_0, 0, 1;
    %pushi/vec4 0, 0, 1;
    %store/vec4 v0x7f87114051f0_0, 0, 1;
    %pushi/vec4 0, 0, 1;
    %store/vec4 v0x7f8711405280_0, 0, 1;
    %pushi/vec4 0, 0, 1;
    %store/vec4 v0x7f8711405310_0, 0, 1;
    %delay 10, 0;
    %pushi/vec4 0, 0, 1;
    %store/vec4 v0x7f8711404be0_0, 0, 1;
    %pushi/vec4 0, 0, 1;
    %store/vec4 v0x7f8711404c80_0, 0, 1;
    %pushi/vec4 0, 0, 1;
    %store/vec4 v0x7f8711404d20_0, 0, 1;
    %pushi/vec4 0, 0, 1;
    %store/vec4 v0x7f8711404dd0_0, 0, 1;
    %pushi/vec4 0, 0, 1;
    %store/vec4 v0x7f8711404e60_0, 0, 1;
    %pushi/vec4 0, 0, 1;
    %store/vec4 v0x7f8711404f30_0, 0, 1;
    %pushi/vec4 0, 0, 1;
    %store/vec4 v0x7f8711404fc0_0, 0, 1;
    %pushi/vec4 0, 0, 1;
    %store/vec4 v0x7f8711405050_0, 0, 1;
    %pushi/vec4 0, 0, 1;
    %store/vec4 v0x7f87114051f0_0, 0, 1;
    %pushi/vec4 0, 0, 1;
    %store/vec4 v0x7f8711405280_0, 0, 1;
    %pushi/vec4 0, 0, 1;
    %store/vec4 v0x7f8711405310_0, 0, 1;
    %delay 10, 0;
    %vpi_call 2 38 "$finish" {0 0 0};
    %end;
    .thread T_7;
# The file index is used to find the file name in the following table.
:file_names 6;
    "N/A";
    "<interactive>";
    "task3_tb.v";
    "./task3.v";
    "./task2.v";
    "./task1.v";
