#! /usr/local/bin/vvp
:ivl_version "10.3 (stable)" "(v10_3-10-g756674aa)";
:ivl_delay_selection "TYPICAL";
:vpi_time_precision + 0;
:vpi_module "system";
:vpi_module "vhdl_sys";
:vpi_module "v2005_math";
:vpi_module "va_math";
S_0x7fa06d604a10 .scope module, "task4" "task4" 2 19;
 .timescale 0 0;
    .port_info 0 /INPUT 16 "in"
    .port_info 1 /INPUT 1 "clk"
    .port_info 2 /INPUT 1 "reset"
    .port_info 3 /INPUT 1 "sel_12"
    .port_info 4 /INPUT 1 "sel_3"
    .port_info 5 /OUTPUT 16 "out"
o0x105b163f8 .functor BUFZ 1, C4<z>; HiZ drive
v0x7fa06d6158b0_0 .net "clk", 0 0, o0x105b163f8;  0 drivers
o0x105b16428 .functor BUFZ 16, C4<zzzzzzzzzzzzzzzz>; HiZ drive
v0x7fa06d615960_0 .net "in", 15 0, o0x105b16428;  0 drivers
v0x7fa06d615a00_0 .net "mux_out_1", 15 0, v0x7fa06d614c00_0;  1 drivers
v0x7fa06d615ad0_0 .net "mux_out_2", 15 0, v0x7fa06d615150_0;  1 drivers
v0x7fa06d615b80_0 .net "mux_out_3", 15 0, v0x7fa06d6156f0_0;  1 drivers
v0x7fa06d615c50_0 .var "out", 15 0;
v0x7fa06d615ce0_0 .var "reg_a", 15 0;
v0x7fa06d615dc0_0 .var "reg_b", 15 0;
o0x105b16488 .functor BUFZ 1, C4<z>; HiZ drive
v0x7fa06d615ea0_0 .net "reset", 0 0, o0x105b16488;  0 drivers
o0x105b16098 .functor BUFZ 1, C4<z>; HiZ drive
v0x7fa06d615fb0_0 .net "sel_12", 0 0, o0x105b16098;  0 drivers
o0x105b16308 .functor BUFZ 1, C4<z>; HiZ drive
v0x7fa06d616040_0 .net "sel_3", 0 0, o0x105b16308;  0 drivers
v0x7fa06d6160d0_0 .net "sub_out", 15 0, L_0x7fa06d616400;  1 drivers
v0x7fa06d616160_0 .net "sum_out", 15 0, L_0x7fa06d616280;  1 drivers
E_0x7fa06d601c70/0 .event negedge, v0x7fa06d615ea0_0;
E_0x7fa06d601c70/1 .event posedge, v0x7fa06d6158b0_0;
E_0x7fa06d601c70 .event/or E_0x7fa06d601c70/0, E_0x7fa06d601c70/1;
L_0x7fa06d616280 .arith/sum 16, v0x7fa06d614c00_0, v0x7fa06d615150_0;
L_0x7fa06d616400 .arith/sub 16, v0x7fa06d614c00_0, v0x7fa06d615150_0;
S_0x7fa06d604b70 .scope module, "obj0" "mux16b_2x1" 2 26, 2 1 0, S_0x7fa06d604a10;
 .timescale 0 0;
    .port_info 0 /INPUT 16 "a"
    .port_info 1 /INPUT 16 "b"
    .port_info 2 /INPUT 1 "select"
    .port_info 3 /OUTPUT 16 "out"
v0x7fa06d604cd0_0 .net "a", 15 0, v0x7fa06d615ce0_0;  1 drivers
v0x7fa06d614b50_0 .net "b", 15 0, v0x7fa06d615dc0_0;  1 drivers
v0x7fa06d614c00_0 .var "out", 15 0;
v0x7fa06d614cc0_0 .net "select", 0 0, o0x105b16098;  alias, 0 drivers
E_0x7fa06d602650 .event edge, v0x7fa06d614cc0_0, v0x7fa06d614b50_0, v0x7fa06d604cd0_0;
S_0x7fa06d614dc0 .scope module, "obj1" "mux16b_2x1" 2 27, 2 1 0, S_0x7fa06d604a10;
 .timescale 0 0;
    .port_info 0 /INPUT 16 "a"
    .port_info 1 /INPUT 16 "b"
    .port_info 2 /INPUT 1 "select"
    .port_info 3 /OUTPUT 16 "out"
v0x7fa06d614fe0_0 .net "a", 15 0, v0x7fa06d615ce0_0;  alias, 1 drivers
v0x7fa06d6150a0_0 .net "b", 15 0, v0x7fa06d615dc0_0;  alias, 1 drivers
v0x7fa06d615150_0 .var "out", 15 0;
v0x7fa06d615200_0 .net "select", 0 0, o0x105b16098;  alias, 0 drivers
S_0x7fa06d615300 .scope module, "obj2" "mux16b_2x1" 2 30, 2 1 0, S_0x7fa06d604a10;
 .timescale 0 0;
    .port_info 0 /INPUT 16 "a"
    .port_info 1 /INPUT 16 "b"
    .port_info 2 /INPUT 1 "select"
    .port_info 3 /OUTPUT 16 "out"
v0x7fa06d615580_0 .net "a", 15 0, L_0x7fa06d616280;  alias, 1 drivers
v0x7fa06d615640_0 .net "b", 15 0, L_0x7fa06d616400;  alias, 1 drivers
v0x7fa06d6156f0_0 .var "out", 15 0;
v0x7fa06d6157b0_0 .net "select", 0 0, o0x105b16308;  alias, 0 drivers
E_0x7fa06d615530 .event edge, v0x7fa06d6157b0_0, v0x7fa06d615640_0, v0x7fa06d615580_0;
    .scope S_0x7fa06d604b70;
T_0 ;
    %wait E_0x7fa06d602650;
    %load/vec4 v0x7fa06d614cc0_0;
    %pad/u 32;
    %cmpi/e 0, 0, 32;
    %jmp/0xz  T_0.0, 4;
    %load/vec4 v0x7fa06d604cd0_0;
    %store/vec4 v0x7fa06d614c00_0, 0, 16;
    %jmp T_0.1;
T_0.0 ;
    %load/vec4 v0x7fa06d614b50_0;
    %store/vec4 v0x7fa06d614c00_0, 0, 16;
T_0.1 ;
    %jmp T_0;
    .thread T_0, $push;
    .scope S_0x7fa06d614dc0;
T_1 ;
    %wait E_0x7fa06d602650;
    %load/vec4 v0x7fa06d615200_0;
    %pad/u 32;
    %cmpi/e 0, 0, 32;
    %jmp/0xz  T_1.0, 4;
    %load/vec4 v0x7fa06d614fe0_0;
    %store/vec4 v0x7fa06d615150_0, 0, 16;
    %jmp T_1.1;
T_1.0 ;
    %load/vec4 v0x7fa06d6150a0_0;
    %store/vec4 v0x7fa06d615150_0, 0, 16;
T_1.1 ;
    %jmp T_1;
    .thread T_1, $push;
    .scope S_0x7fa06d615300;
T_2 ;
    %wait E_0x7fa06d615530;
    %load/vec4 v0x7fa06d6157b0_0;
    %pad/u 32;
    %cmpi/e 0, 0, 32;
    %jmp/0xz  T_2.0, 4;
    %load/vec4 v0x7fa06d615580_0;
    %store/vec4 v0x7fa06d6156f0_0, 0, 16;
    %jmp T_2.1;
T_2.0 ;
    %load/vec4 v0x7fa06d615640_0;
    %store/vec4 v0x7fa06d6156f0_0, 0, 16;
T_2.1 ;
    %jmp T_2;
    .thread T_2, $push;
    .scope S_0x7fa06d604a10;
T_3 ;
    %wait E_0x7fa06d601c70;
    %load/vec4 v0x7fa06d615ea0_0;
    %pad/u 32;
    %cmpi/e 0, 0, 32;
    %jmp/0xz  T_3.0, 4;
    %pushi/vec4 0, 0, 16;
    %assign/vec4 v0x7fa06d615c50_0, 0;
    %pushi/vec4 0, 0, 16;
    %assign/vec4 v0x7fa06d615ce0_0, 0;
    %pushi/vec4 0, 0, 16;
    %assign/vec4 v0x7fa06d615dc0_0, 0;
    %jmp T_3.1;
T_3.0 ;
    %load/vec4 v0x7fa06d615960_0;
    %assign/vec4 v0x7fa06d615ce0_0, 0;
    %load/vec4 v0x7fa06d615c50_0;
    %assign/vec4 v0x7fa06d615dc0_0, 0;
    %load/vec4 v0x7fa06d615b80_0;
    %assign/vec4 v0x7fa06d615c50_0, 0;
T_3.1 ;
    %jmp T_3;
    .thread T_3;
# The file index is used to find the file name in the following table.
:file_names 3;
    "N/A";
    "<interactive>";
    "task4.v";
