#! /usr/local/bin/vvp
:ivl_version "10.3 (stable)" "(v10_3-10-g756674aa)";
:ivl_delay_selection "TYPICAL";
:vpi_time_precision + 0;
:vpi_module "system";
:vpi_module "vhdl_sys";
:vpi_module "v2005_math";
:vpi_module "va_math";
S_0x7fdc48e019c0 .scope module, "task1_tb" "task1_tb" 2 3;
 .timescale 0 0;
v0x7fdc48d0e170_0 .var "a", 0 0;
v0x7fdc48d0e220_0 .var "b", 0 0;
v0x7fdc48d0e2d0_0 .net "out", 0 0, v0x7fdc48d0e030_0;  1 drivers
v0x7fdc48d0e3a0_0 .var "select", 0 0;
S_0x7fdc48e01b20 .scope module, "obj" "task1" 2 7, 3 1 0, S_0x7fdc48e019c0;
 .timescale 0 0;
    .port_info 0 /INPUT 1 "a"
    .port_info 1 /INPUT 1 "b"
    .port_info 2 /INPUT 1 "select"
    .port_info 3 /OUTPUT 1 "out"
v0x7fdc48e01d30_0 .net "a", 0 0, v0x7fdc48d0e170_0;  1 drivers
v0x7fdc48d0df80_0 .net "b", 0 0, v0x7fdc48d0e220_0;  1 drivers
v0x7fdc48d0e030_0 .var "out", 0 0;
v0x7fdc48d0e0e0_0 .net "select", 0 0, v0x7fdc48d0e3a0_0;  1 drivers
E_0x7fdc48e01ce0 .event edge, v0x7fdc48d0e0e0_0, v0x7fdc48d0df80_0, v0x7fdc48e01d30_0;
    .scope S_0x7fdc48e01b20;
T_0 ;
    %wait E_0x7fdc48e01ce0;
    %load/vec4 v0x7fdc48d0e0e0_0;
    %pad/u 32;
    %cmpi/e 0, 0, 32;
    %jmp/0xz  T_0.0, 4;
    %load/vec4 v0x7fdc48e01d30_0;
    %store/vec4 v0x7fdc48d0e030_0, 0, 1;
    %jmp T_0.1;
T_0.0 ;
    %load/vec4 v0x7fdc48d0df80_0;
    %store/vec4 v0x7fdc48d0e030_0, 0, 1;
T_0.1 ;
    %jmp T_0;
    .thread T_0, $push;
    .scope S_0x7fdc48e019c0;
T_1 ;
    %vpi_call 2 11 "$dumpfile", "task1.vcd" {0 0 0};
    %vpi_call 2 12 "$dumpvars", 32'sb00000000000000000000000000000000, S_0x7fdc48e019c0 {0 0 0};
    %vpi_call 2 13 "$display", "done testing case %d", v0x7fdc48d0e2d0_0 {0 0 0};
    %pushi/vec4 0, 0, 1;
    %store/vec4 v0x7fdc48d0e170_0, 0, 1;
    %pushi/vec4 0, 0, 1;
    %store/vec4 v0x7fdc48d0e220_0, 0, 1;
    %pushi/vec4 0, 0, 1;
    %store/vec4 v0x7fdc48d0e3a0_0, 0, 1;
    %delay 10, 0;
    %pushi/vec4 0, 0, 1;
    %store/vec4 v0x7fdc48d0e170_0, 0, 1;
    %pushi/vec4 1, 0, 1;
    %store/vec4 v0x7fdc48d0e220_0, 0, 1;
    %pushi/vec4 0, 0, 1;
    %store/vec4 v0x7fdc48d0e3a0_0, 0, 1;
    %delay 10, 0;
    %pushi/vec4 0, 0, 1;
    %store/vec4 v0x7fdc48d0e170_0, 0, 1;
    %pushi/vec4 1, 0, 1;
    %store/vec4 v0x7fdc48d0e220_0, 0, 1;
    %pushi/vec4 1, 0, 1;
    %store/vec4 v0x7fdc48d0e3a0_0, 0, 1;
    %delay 10, 0;
    %pushi/vec4 1, 0, 1;
    %store/vec4 v0x7fdc48d0e170_0, 0, 1;
    %pushi/vec4 1, 0, 1;
    %store/vec4 v0x7fdc48d0e220_0, 0, 1;
    %pushi/vec4 1, 0, 1;
    %store/vec4 v0x7fdc48d0e3a0_0, 0, 1;
    %delay 10, 0;
    %pushi/vec4 1, 0, 1;
    %store/vec4 v0x7fdc48d0e170_0, 0, 1;
    %pushi/vec4 0, 0, 1;
    %store/vec4 v0x7fdc48d0e220_0, 0, 1;
    %pushi/vec4 1, 0, 1;
    %store/vec4 v0x7fdc48d0e3a0_0, 0, 1;
    %vpi_call 2 23 "$finish" {0 0 0};
    %end;
    .thread T_1;
# The file index is used to find the file name in the following table.
:file_names 4;
    "N/A";
    "<interactive>";
    "task1_tb.v";
    "./task1.v";
