#! /usr/local/bin/vvp
:ivl_version "10.3 (stable)" "(v10_3-10-g756674aa)";
:ivl_delay_selection "TYPICAL";
:vpi_time_precision + 0;
:vpi_module "system";
:vpi_module "vhdl_sys";
:vpi_module "v2005_math";
:vpi_module "va_math";
S_0x7fa0f0405550 .scope module, "task_s_tb" "task_s_tb" 2 3;
 .timescale 0 0;
v0x7fa0f04158e0_0 .var/s "in1", 7 0;
v0x7fa0f0415990_0 .var/s "in2", 7 0;
v0x7fa0f0415a40_0 .net/s "out", 7 0, v0x7fa0f0415840_0;  1 drivers
S_0x7fa0f0403080 .scope module, "obj" "task_s" 2 7, 3 1 0, S_0x7fa0f0405550;
 .timescale 0 0;
    .port_info 0 /INPUT 8 "in1"
    .port_info 1 /INPUT 8 "in2"
    .port_info 2 /OUTPUT 8 "out"
P_0x7fa0f04031e0 .param/l "N" 0 3 5, +C4<00000000000000000000000000001000>;
v0x7fa0f0405700_0 .net/s "in1", 7 0, v0x7fa0f04158e0_0;  1 drivers
v0x7fa0f04157a0_0 .net/s "in2", 7 0, v0x7fa0f0415990_0;  1 drivers
v0x7fa0f0415840_0 .var/s "out", 7 0;
E_0x7fa0f04056d0 .event edge, v0x7fa0f04157a0_0, v0x7fa0f0405700_0;
    .scope S_0x7fa0f0403080;
T_0 ;
    %wait E_0x7fa0f04056d0;
    %pushi/vec4 0, 0, 32;
    %load/vec4 v0x7fa0f0405700_0;
    %pad/s 32;
    %cmp/s;
    %flag_get/vec4 5;
    %pushi/vec4 0, 0, 32;
    %load/vec4 v0x7fa0f04157a0_0;
    %pad/s 32;
    %cmp/s;
    %flag_get/vec4 5;
    %and;
    %load/vec4 v0x7fa0f0415840_0;
    %pad/s 32;
    %cmpi/s 0, 0, 32;
    %flag_get/vec4 5;
    %and;
    %flag_set/vec4 8;
    %jmp/0xz  T_0.0, 8;
    %pushi/vec4 127, 0, 8;
    %assign/vec4 v0x7fa0f0415840_0, 0;
    %jmp T_0.1;
T_0.0 ;
    %load/vec4 v0x7fa0f0405700_0;
    %pad/s 32;
    %cmpi/s 0, 0, 32;
    %flag_get/vec4 5;
    %load/vec4 v0x7fa0f04157a0_0;
    %pad/s 32;
    %cmpi/s 0, 0, 32;
    %flag_get/vec4 5;
    %and;
    %pushi/vec4 0, 0, 32;
    %load/vec4 v0x7fa0f0415840_0;
    %pad/s 32;
    %cmp/s;
    %flag_get/vec4 5;
    %and;
    %flag_set/vec4 8;
    %jmp/0xz  T_0.2, 8;
    %pushi/vec4 128, 0, 8;
    %assign/vec4 v0x7fa0f0415840_0, 0;
    %jmp T_0.3;
T_0.2 ;
    %load/vec4 v0x7fa0f0405700_0;
    %load/vec4 v0x7fa0f04157a0_0;
    %add;
    %assign/vec4 v0x7fa0f0415840_0, 0;
T_0.3 ;
T_0.1 ;
    %jmp T_0;
    .thread T_0, $push;
    .scope S_0x7fa0f0405550;
T_1 ;
    %vpi_call 2 10 "$dumpfile", "task.vcd" {0 0 0};
    %vpi_call 2 11 "$dumpvars", 32'sb00000000000000000000000000000000, S_0x7fa0f0405550 {0 0 0};
    %pushi/vec4 3, 0, 8;
    %store/vec4 v0x7fa0f04158e0_0, 0, 8;
    %pushi/vec4 3, 0, 8;
    %store/vec4 v0x7fa0f0415990_0, 0, 8;
    %vpi_call 2 14 "$monitor", "done testing case %d ,  %d,  %d", v0x7fa0f0415a40_0, v0x7fa0f04158e0_0, v0x7fa0f0415990_0 {0 0 0};
    %delay 10, 0;
    %pushi/vec4 129, 0, 8;
    %store/vec4 v0x7fa0f04158e0_0, 0, 8;
    %pushi/vec4 128, 0, 8;
    %store/vec4 v0x7fa0f0415990_0, 0, 8;
    %delay 10, 0;
    %pushi/vec4 97, 0, 8;
    %store/vec4 v0x7fa0f04158e0_0, 0, 8;
    %pushi/vec4 96, 0, 8;
    %store/vec4 v0x7fa0f0415990_0, 0, 8;
    %delay 10, 0;
    %vpi_call 2 22 "$finish" {0 0 0};
    %end;
    .thread T_1;
# The file index is used to find the file name in the following table.
:file_names 4;
    "N/A";
    "<interactive>";
    "task_tb.v";
    "./task.v";
