#! /usr/local/bin/vvp
:ivl_version "10.3 (stable)" "(v10_3-10-g756674aa)";
:ivl_delay_selection "TYPICAL";
:vpi_time_precision + 0;
:vpi_module "system";
:vpi_module "vhdl_sys";
:vpi_module "v2005_math";
:vpi_module "va_math";
S_0x7f8e1b600e40 .scope module, "task_s" "task_s" 2 1;
 .timescale 0 0;
    .port_info 0 /INPUT 8 "in1"
    .port_info 1 /INPUT 8 "in2"
    .port_info 2 /OUTPUT 8 "out"
P_0x7f8e1b600cf0 .param/l "N" 0 2 5, +C4<00000000000000000000000000001000>;
o0x10943d008 .functor BUFZ 8, C4<zzzzzzzz>; HiZ drive
v0x7f8e1b6010b0_0 .net/s "in1", 7 0, o0x10943d008;  0 drivers
o0x10943d038 .functor BUFZ 8, C4<zzzzzzzz>; HiZ drive
v0x7f8e1b704cd0_0 .net/s "in2", 7 0, o0x10943d038;  0 drivers
v0x7f8e1b704d90_0 .var/s "out", 7 0;
E_0x7f8e1b600fe0 .event edge, v0x7f8e1b704cd0_0, v0x7f8e1b6010b0_0;
    .scope S_0x7f8e1b600e40;
T_0 ;
    %wait E_0x7f8e1b600fe0;
    %pushi/vec4 127, 0, 8;
    %assign/vec4 v0x7f8e1b704d90_0, 0;
    %jmp T_0;
    .thread T_0, $push;
# The file index is used to find the file name in the following table.
:file_names 3;
    "N/A";
    "<interactive>";
    "task.v";
