#! /usr/local/bin/vvp
:ivl_version "10.3 (stable)" "(v10_3-10-g756674aa)";
:ivl_delay_selection "TYPICAL";
:vpi_time_precision + 0;
:vpi_module "system";
:vpi_module "vhdl_sys";
:vpi_module "v2005_math";
:vpi_module "va_math";
S_0x7fa90d501b50 .scope module, "ALU" "ALU" 2 1;
 .timescale 0 0;
    .port_info 0 /INPUT 1 "clk"
    .port_info 1 /INPUT 1 "reset"
    .port_info 2 /INPUT 2 "sel_Ri"
    .port_info 3 /INPUT 2 "sel_Rj"
    .port_info 4 /INPUT 2 "sel_Rk"
    .port_info 5 /INPUT 2 "sel_op"
    .port_info 6 /OUTPUT 7 "seg_7"
v0x7fa90d501ea0 .array "R", 0 3, 2 0;
v0x7fa90d501f50_0 .var "Ri", 2 0;
v0x7fa90d511fe0_0 .var "Rj", 2 0;
v0x7fa90d5120a0_0 .var "Rk", 2 0;
o0x1058c4098 .functor BUFZ 1, C4<z>; HiZ drive
v0x7fa90d512150_0 .net "clk", 0 0, o0x1058c4098;  0 drivers
o0x1058c40c8 .functor BUFZ 1, C4<z>; HiZ drive
v0x7fa90d512230_0 .net "reset", 0 0, o0x1058c40c8;  0 drivers
v0x7fa90d5122d0_0 .var "seg_7", 6 0;
o0x1058c4128 .functor BUFZ 2, C4<zz>; HiZ drive
v0x7fa90d512380_0 .net "sel_Ri", 1 0, o0x1058c4128;  0 drivers
o0x1058c4158 .functor BUFZ 2, C4<zz>; HiZ drive
v0x7fa90d512430_0 .net "sel_Rj", 1 0, o0x1058c4158;  0 drivers
o0x1058c4188 .functor BUFZ 2, C4<zz>; HiZ drive
v0x7fa90d512540_0 .net "sel_Rk", 1 0, o0x1058c4188;  0 drivers
o0x1058c41b8 .functor BUFZ 2, C4<zz>; HiZ drive
v0x7fa90d5125f0_0 .net "sel_op", 1 0, o0x1058c41b8;  0 drivers
E_0x7fa90d501d60 .event edge, v0x7fa90d5120a0_0;
E_0x7fa90d501d90 .event edge, v0x7fa90d5125f0_0;
E_0x7fa90d501dc0 .event edge, v0x7fa90d512430_0;
E_0x7fa90d501df0 .event edge, v0x7fa90d512380_0;
E_0x7fa90d501e30/0 .event negedge, v0x7fa90d512230_0;
E_0x7fa90d501e30/1 .event posedge, v0x7fa90d512150_0;
E_0x7fa90d501e30 .event/or E_0x7fa90d501e30/0, E_0x7fa90d501e30/1;
    .scope S_0x7fa90d501b50;
T_0 ;
    %wait E_0x7fa90d501e30;
    %load/vec4 v0x7fa90d512230_0;
    %pad/u 32;
    %cmpi/e 0, 0, 32;
    %jmp/0xz  T_0.0, 4;
    %pushi/vec4 3, 0, 3;
    %ix/load 3, 0, 0;
    %flag_set/imm 4, 0;
    %ix/load 4, 0, 0; Constant delay
    %assign/vec4/a/d v0x7fa90d501ea0, 0, 4;
    %pushi/vec4 5, 0, 3;
    %ix/load 3, 1, 0;
    %flag_set/imm 4, 0;
    %ix/load 4, 0, 0; Constant delay
    %assign/vec4/a/d v0x7fa90d501ea0, 0, 4;
    %pushi/vec4 1, 0, 3;
    %ix/load 3, 2, 0;
    %flag_set/imm 4, 0;
    %ix/load 4, 0, 0; Constant delay
    %assign/vec4/a/d v0x7fa90d501ea0, 0, 4;
    %pushi/vec4 1, 0, 3;
    %ix/load 3, 3, 0;
    %flag_set/imm 4, 0;
    %ix/load 4, 0, 0; Constant delay
    %assign/vec4/a/d v0x7fa90d501ea0, 0, 4;
    %jmp T_0.1;
T_0.0 ;
    %load/vec4 v0x7fa90d5120a0_0;
    %load/vec4 v0x7fa90d512540_0;
    %pad/u 4;
    %ix/vec4 3;
    %ix/load 4, 0, 0; Constant delay
    %assign/vec4/a/d v0x7fa90d501ea0, 0, 4;
T_0.1 ;
    %jmp T_0;
    .thread T_0;
    .scope S_0x7fa90d501b50;
T_1 ;
    %wait E_0x7fa90d501df0;
    %load/vec4 v0x7fa90d512380_0;
    %pad/u 4;
    %ix/vec4 4;
    %load/vec4a v0x7fa90d501ea0, 4;
    %assign/vec4 v0x7fa90d501f50_0, 0;
    %jmp T_1;
    .thread T_1, $push;
    .scope S_0x7fa90d501b50;
T_2 ;
    %wait E_0x7fa90d501dc0;
    %load/vec4 v0x7fa90d512430_0;
    %pad/u 4;
    %ix/vec4 4;
    %load/vec4a v0x7fa90d501ea0, 4;
    %assign/vec4 v0x7fa90d511fe0_0, 0;
    %jmp T_2;
    .thread T_2, $push;
    .scope S_0x7fa90d501b50;
T_3 ;
    %wait E_0x7fa90d501d90;
    %load/vec4 v0x7fa90d5125f0_0;
    %dup/vec4;
    %pushi/vec4 0, 0, 2;
    %cmp/u;
    %jmp/1 T_3.0, 6;
    %dup/vec4;
    %pushi/vec4 1, 0, 2;
    %cmp/u;
    %jmp/1 T_3.1, 6;
    %dup/vec4;
    %pushi/vec4 2, 0, 2;
    %cmp/u;
    %jmp/1 T_3.2, 6;
    %load/vec4 v0x7fa90d501f50_0;
    %load/vec4 v0x7fa90d511fe0_0;
    %or;
    %assign/vec4 v0x7fa90d5120a0_0, 0;
    %jmp T_3.4;
T_3.0 ;
    %load/vec4 v0x7fa90d501f50_0;
    %load/vec4 v0x7fa90d511fe0_0;
    %add;
    %assign/vec4 v0x7fa90d5120a0_0, 0;
    %jmp T_3.4;
T_3.1 ;
    %load/vec4 v0x7fa90d501f50_0;
    %load/vec4 v0x7fa90d511fe0_0;
    %sub;
    %assign/vec4 v0x7fa90d5120a0_0, 0;
    %jmp T_3.4;
T_3.2 ;
    %load/vec4 v0x7fa90d501f50_0;
    %load/vec4 v0x7fa90d511fe0_0;
    %and;
    %assign/vec4 v0x7fa90d5120a0_0, 0;
    %jmp T_3.4;
T_3.4 ;
    %pop/vec4 1;
    %jmp T_3;
    .thread T_3, $push;
    .scope S_0x7fa90d501b50;
T_4 ;
    %wait E_0x7fa90d501d60;
    %load/vec4 v0x7fa90d5120a0_0;
    %pad/u 4;
    %dup/vec4;
    %pushi/vec4 0, 0, 4;
    %cmp/u;
    %jmp/1 T_4.0, 6;
    %dup/vec4;
    %pushi/vec4 1, 0, 4;
    %cmp/u;
    %jmp/1 T_4.1, 6;
    %dup/vec4;
    %pushi/vec4 2, 0, 4;
    %cmp/u;
    %jmp/1 T_4.2, 6;
    %dup/vec4;
    %pushi/vec4 3, 0, 4;
    %cmp/u;
    %jmp/1 T_4.3, 6;
    %dup/vec4;
    %pushi/vec4 4, 0, 4;
    %cmp/u;
    %jmp/1 T_4.4, 6;
    %dup/vec4;
    %pushi/vec4 5, 0, 4;
    %cmp/u;
    %jmp/1 T_4.5, 6;
    %dup/vec4;
    %pushi/vec4 6, 0, 4;
    %cmp/u;
    %jmp/1 T_4.6, 6;
    %dup/vec4;
    %pushi/vec4 7, 0, 4;
    %cmp/u;
    %jmp/1 T_4.7, 6;
    %dup/vec4;
    %pushi/vec4 8, 0, 4;
    %cmp/u;
    %jmp/1 T_4.8, 6;
    %dup/vec4;
    %pushi/vec4 9, 0, 4;
    %cmp/u;
    %jmp/1 T_4.9, 6;
    %pushi/vec4 127, 0, 7;
    %store/vec4 v0x7fa90d5122d0_0, 0, 7;
    %jmp T_4.11;
T_4.0 ;
    %pushi/vec4 1, 0, 7;
    %store/vec4 v0x7fa90d5122d0_0, 0, 7;
    %jmp T_4.11;
T_4.1 ;
    %pushi/vec4 79, 0, 7;
    %store/vec4 v0x7fa90d5122d0_0, 0, 7;
    %jmp T_4.11;
T_4.2 ;
    %pushi/vec4 18, 0, 7;
    %store/vec4 v0x7fa90d5122d0_0, 0, 7;
    %jmp T_4.11;
T_4.3 ;
    %pushi/vec4 6, 0, 7;
    %store/vec4 v0x7fa90d5122d0_0, 0, 7;
    %jmp T_4.11;
T_4.4 ;
    %pushi/vec4 76, 0, 7;
    %store/vec4 v0x7fa90d5122d0_0, 0, 7;
    %jmp T_4.11;
T_4.5 ;
    %pushi/vec4 36, 0, 7;
    %store/vec4 v0x7fa90d5122d0_0, 0, 7;
    %jmp T_4.11;
T_4.6 ;
    %pushi/vec4 32, 0, 7;
    %store/vec4 v0x7fa90d5122d0_0, 0, 7;
    %jmp T_4.11;
T_4.7 ;
    %pushi/vec4 15, 0, 7;
    %store/vec4 v0x7fa90d5122d0_0, 0, 7;
    %jmp T_4.11;
T_4.8 ;
    %pushi/vec4 0, 0, 7;
    %store/vec4 v0x7fa90d5122d0_0, 0, 7;
    %jmp T_4.11;
T_4.9 ;
    %pushi/vec4 12, 0, 7;
    %store/vec4 v0x7fa90d5122d0_0, 0, 7;
    %jmp T_4.11;
T_4.11 ;
    %pop/vec4 1;
    %jmp T_4;
    .thread T_4, $push;
# The file index is used to find the file name in the following table.
:file_names 3;
    "N/A";
    "<interactive>";
    "ALUprocessor.v";
