#! /usr/local/bin/vvp
:ivl_version "10.3 (stable)" "(v10_3-10-g756674aa)";
:ivl_delay_selection "TYPICAL";
:vpi_time_precision + 0;
:vpi_module "system";
:vpi_module "vhdl_sys";
:vpi_module "v2005_math";
:vpi_module "va_math";
S_0x7fcb58d15d10 .scope module, "processor" "processor" 2 2;
 .timescale 0 0;
    .port_info 0 /INPUT 1 "clk"
    .port_info 1 /INPUT 1 "reset"
    .port_info 2 /OUTPUT 7 "seg7"
v0x7fcb58d26590_0 .var "IR", 7 0;
v0x7fcb58d26650 .array "ROM", 15 0, 7 0;
v0x7fcb58d266f0_0 .net *"_s0", 31 0, L_0x7fcb58d27030;  1 drivers
L_0x10660b008 .functor BUFT 1, C4<0000000>, C4<0>, C4<0>, C4<0>;
v0x7fcb58d26780_0 .net *"_s3", 6 0, L_0x10660b008;  1 drivers
L_0x10660b050 .functor BUFT 1, C4<00000000111001001110000111000000>, C4<0>, C4<0>, C4<0>;
v0x7fcb58d26820_0 .net/2u *"_s4", 31 0, L_0x10660b050;  1 drivers
o0x1065da3f8 .functor BUFZ 1, C4<z>; HiZ drive
v0x7fcb58d26910_0 .net "clk", 0 0, o0x1065da3f8;  0 drivers
v0x7fcb58d269b0_0 .var "counter", 24 0;
v0x7fcb58d26a60_0 .net "my_clk", 0 0, L_0x7fcb58d271a0;  1 drivers
v0x7fcb58d26af0_0 .var "p_count", 3 0;
o0x1065da0c8 .functor BUFZ 1, C4<z>; HiZ drive
v0x7fcb58d26c10_0 .net "reset", 0 0, o0x1065da0c8;  0 drivers
v0x7fcb58d26cc0_0 .net "seg7", 6 0, v0x7fcb58d26150_0;  1 drivers
v0x7fcb58d26d50_0 .var "sel_Ri", 1 0;
v0x7fcb58d26de0_0 .var "sel_Rj", 1 0;
v0x7fcb58d26e90_0 .var "sel_Rk", 1 0;
v0x7fcb58d26f40_0 .var "sel_op", 1 0;
E_0x7fcb58d0eee0 .event edge, v0x7fcb58d26af0_0;
E_0x7fcb58d05b00/0 .event negedge, v0x7fcb58d260b0_0;
E_0x7fcb58d05b00/1 .event posedge, v0x7fcb58d26910_0;
E_0x7fcb58d05b00 .event/or E_0x7fcb58d05b00/0, E_0x7fcb58d05b00/1;
L_0x7fcb58d27030 .concat [ 25 7 0 0], v0x7fcb58d269b0_0, L_0x10660b008;
L_0x7fcb58d271a0 .cmp/gt 32, L_0x7fcb58d27030, L_0x10660b050;
S_0x7fcb58d15e70 .scope module, "obj" "ALU" 2 67, 3 1 0, S_0x7fcb58d15d10;
 .timescale 0 0;
    .port_info 0 /INPUT 1 "clk"
    .port_info 1 /INPUT 1 "reset"
    .port_info 2 /INPUT 2 "sel_Ri"
    .port_info 3 /INPUT 2 "sel_Rj"
    .port_info 4 /INPUT 2 "sel_Rk"
    .port_info 5 /INPUT 2 "sel_op"
    .port_info 6 /OUTPUT 7 "seg_7"
v0x7fcb58d16080 .array "R", 0 3, 2 0;
v0x7fcb58d16110_0 .var "Ri", 2 0;
v0x7fcb58d25e60_0 .var "Rj", 2 0;
v0x7fcb58d25f20_0 .var "Rk", 2 0;
v0x7fcb58d25fd0_0 .net "clk", 0 0, L_0x7fcb58d271a0;  alias, 1 drivers
v0x7fcb58d260b0_0 .net "reset", 0 0, o0x1065da0c8;  alias, 0 drivers
v0x7fcb58d26150_0 .var "seg_7", 6 0;
v0x7fcb58d26200_0 .net "sel_Ri", 1 0, v0x7fcb58d26d50_0;  1 drivers
v0x7fcb58d262b0_0 .net "sel_Rj", 1 0, v0x7fcb58d26de0_0;  1 drivers
v0x7fcb58d263c0_0 .net "sel_Rk", 1 0, v0x7fcb58d26e90_0;  1 drivers
v0x7fcb58d26470_0 .net "sel_op", 1 0, v0x7fcb58d26f40_0;  1 drivers
E_0x7fcb58d09d90 .event edge, v0x7fcb58d25f20_0;
E_0x7fcb58d0a0b0 .event edge, v0x7fcb58d26470_0;
E_0x7fcb58d09eb0 .event edge, v0x7fcb58d262b0_0;
E_0x7fcb58d05ca0 .event edge, v0x7fcb58d26200_0;
E_0x7fcb58d05a20/0 .event negedge, v0x7fcb58d260b0_0;
E_0x7fcb58d05a20/1 .event posedge, v0x7fcb58d25fd0_0;
E_0x7fcb58d05a20 .event/or E_0x7fcb58d05a20/0, E_0x7fcb58d05a20/1;
    .scope S_0x7fcb58d15e70;
T_0 ;
    %wait E_0x7fcb58d05a20;
    %load/vec4 v0x7fcb58d260b0_0;
    %pad/u 32;
    %cmpi/e 0, 0, 32;
    %jmp/0xz  T_0.0, 4;
    %pushi/vec4 3, 0, 3;
    %ix/load 3, 0, 0;
    %flag_set/imm 4, 0;
    %ix/load 4, 0, 0; Constant delay
    %assign/vec4/a/d v0x7fcb58d16080, 0, 4;
    %pushi/vec4 5, 0, 3;
    %ix/load 3, 1, 0;
    %flag_set/imm 4, 0;
    %ix/load 4, 0, 0; Constant delay
    %assign/vec4/a/d v0x7fcb58d16080, 0, 4;
    %pushi/vec4 1, 0, 3;
    %ix/load 3, 2, 0;
    %flag_set/imm 4, 0;
    %ix/load 4, 0, 0; Constant delay
    %assign/vec4/a/d v0x7fcb58d16080, 0, 4;
    %pushi/vec4 1, 0, 3;
    %ix/load 3, 3, 0;
    %flag_set/imm 4, 0;
    %ix/load 4, 0, 0; Constant delay
    %assign/vec4/a/d v0x7fcb58d16080, 0, 4;
    %jmp T_0.1;
T_0.0 ;
    %load/vec4 v0x7fcb58d25f20_0;
    %load/vec4 v0x7fcb58d263c0_0;
    %pad/u 4;
    %ix/vec4 3;
    %ix/load 4, 0, 0; Constant delay
    %assign/vec4/a/d v0x7fcb58d16080, 0, 4;
T_0.1 ;
    %jmp T_0;
    .thread T_0;
    .scope S_0x7fcb58d15e70;
T_1 ;
    %wait E_0x7fcb58d05ca0;
    %load/vec4 v0x7fcb58d26200_0;
    %pad/u 4;
    %ix/vec4 4;
    %load/vec4a v0x7fcb58d16080, 4;
    %assign/vec4 v0x7fcb58d16110_0, 0;
    %jmp T_1;
    .thread T_1, $push;
    .scope S_0x7fcb58d15e70;
T_2 ;
    %wait E_0x7fcb58d09eb0;
    %load/vec4 v0x7fcb58d262b0_0;
    %pad/u 4;
    %ix/vec4 4;
    %load/vec4a v0x7fcb58d16080, 4;
    %assign/vec4 v0x7fcb58d25e60_0, 0;
    %jmp T_2;
    .thread T_2, $push;
    .scope S_0x7fcb58d15e70;
T_3 ;
    %wait E_0x7fcb58d0a0b0;
    %load/vec4 v0x7fcb58d26470_0;
    %dup/vec4;
    %pushi/vec4 0, 0, 2;
    %cmp/u;
    %jmp/1 T_3.0, 6;
    %dup/vec4;
    %pushi/vec4 1, 0, 2;
    %cmp/u;
    %jmp/1 T_3.1, 6;
    %dup/vec4;
    %pushi/vec4 2, 0, 2;
    %cmp/u;
    %jmp/1 T_3.2, 6;
    %load/vec4 v0x7fcb58d16110_0;
    %load/vec4 v0x7fcb58d25e60_0;
    %or;
    %assign/vec4 v0x7fcb58d25f20_0, 0;
    %jmp T_3.4;
T_3.0 ;
    %load/vec4 v0x7fcb58d16110_0;
    %load/vec4 v0x7fcb58d25e60_0;
    %add;
    %assign/vec4 v0x7fcb58d25f20_0, 0;
    %jmp T_3.4;
T_3.1 ;
    %load/vec4 v0x7fcb58d16110_0;
    %load/vec4 v0x7fcb58d25e60_0;
    %sub;
    %assign/vec4 v0x7fcb58d25f20_0, 0;
    %jmp T_3.4;
T_3.2 ;
    %load/vec4 v0x7fcb58d16110_0;
    %load/vec4 v0x7fcb58d25e60_0;
    %and;
    %assign/vec4 v0x7fcb58d25f20_0, 0;
    %jmp T_3.4;
T_3.4 ;
    %pop/vec4 1;
    %jmp T_3;
    .thread T_3, $push;
    .scope S_0x7fcb58d15e70;
T_4 ;
    %wait E_0x7fcb58d09d90;
    %load/vec4 v0x7fcb58d25f20_0;
    %pad/u 4;
    %dup/vec4;
    %pushi/vec4 0, 0, 4;
    %cmp/u;
    %jmp/1 T_4.0, 6;
    %dup/vec4;
    %pushi/vec4 1, 0, 4;
    %cmp/u;
    %jmp/1 T_4.1, 6;
    %dup/vec4;
    %pushi/vec4 2, 0, 4;
    %cmp/u;
    %jmp/1 T_4.2, 6;
    %dup/vec4;
    %pushi/vec4 3, 0, 4;
    %cmp/u;
    %jmp/1 T_4.3, 6;
    %dup/vec4;
    %pushi/vec4 4, 0, 4;
    %cmp/u;
    %jmp/1 T_4.4, 6;
    %dup/vec4;
    %pushi/vec4 5, 0, 4;
    %cmp/u;
    %jmp/1 T_4.5, 6;
    %dup/vec4;
    %pushi/vec4 6, 0, 4;
    %cmp/u;
    %jmp/1 T_4.6, 6;
    %dup/vec4;
    %pushi/vec4 7, 0, 4;
    %cmp/u;
    %jmp/1 T_4.7, 6;
    %dup/vec4;
    %pushi/vec4 8, 0, 4;
    %cmp/u;
    %jmp/1 T_4.8, 6;
    %dup/vec4;
    %pushi/vec4 9, 0, 4;
    %cmp/u;
    %jmp/1 T_4.9, 6;
    %pushi/vec4 127, 0, 7;
    %store/vec4 v0x7fcb58d26150_0, 0, 7;
    %jmp T_4.11;
T_4.0 ;
    %pushi/vec4 1, 0, 7;
    %store/vec4 v0x7fcb58d26150_0, 0, 7;
    %jmp T_4.11;
T_4.1 ;
    %pushi/vec4 79, 0, 7;
    %store/vec4 v0x7fcb58d26150_0, 0, 7;
    %jmp T_4.11;
T_4.2 ;
    %pushi/vec4 18, 0, 7;
    %store/vec4 v0x7fcb58d26150_0, 0, 7;
    %jmp T_4.11;
T_4.3 ;
    %pushi/vec4 6, 0, 7;
    %store/vec4 v0x7fcb58d26150_0, 0, 7;
    %jmp T_4.11;
T_4.4 ;
    %pushi/vec4 76, 0, 7;
    %store/vec4 v0x7fcb58d26150_0, 0, 7;
    %jmp T_4.11;
T_4.5 ;
    %pushi/vec4 36, 0, 7;
    %store/vec4 v0x7fcb58d26150_0, 0, 7;
    %jmp T_4.11;
T_4.6 ;
    %pushi/vec4 32, 0, 7;
    %store/vec4 v0x7fcb58d26150_0, 0, 7;
    %jmp T_4.11;
T_4.7 ;
    %pushi/vec4 15, 0, 7;
    %store/vec4 v0x7fcb58d26150_0, 0, 7;
    %jmp T_4.11;
T_4.8 ;
    %pushi/vec4 0, 0, 7;
    %store/vec4 v0x7fcb58d26150_0, 0, 7;
    %jmp T_4.11;
T_4.9 ;
    %pushi/vec4 12, 0, 7;
    %store/vec4 v0x7fcb58d26150_0, 0, 7;
    %jmp T_4.11;
T_4.11 ;
    %pop/vec4 1;
    %jmp T_4;
    .thread T_4, $push;
    .scope S_0x7fcb58d15d10;
T_5 ;
    %pushi/vec4 0, 0, 8;
    %ix/load 4, 0, 0;
    %flag_set/imm 4, 0;
    %store/vec4a v0x7fcb58d26650, 4, 0;
    %pushi/vec4 0, 0, 8;
    %ix/load 4, 1, 0;
    %flag_set/imm 4, 0;
    %store/vec4a v0x7fcb58d26650, 4, 0;
    %pushi/vec4 0, 0, 8;
    %ix/load 4, 2, 0;
    %flag_set/imm 4, 0;
    %store/vec4a v0x7fcb58d26650, 4, 0;
    %pushi/vec4 0, 0, 8;
    %ix/load 4, 3, 0;
    %flag_set/imm 4, 0;
    %store/vec4a v0x7fcb58d26650, 4, 0;
    %pushi/vec4 0, 0, 8;
    %ix/load 4, 4, 0;
    %flag_set/imm 4, 0;
    %store/vec4a v0x7fcb58d26650, 4, 0;
    %pushi/vec4 0, 0, 8;
    %ix/load 4, 5, 0;
    %flag_set/imm 4, 0;
    %store/vec4a v0x7fcb58d26650, 4, 0;
    %pushi/vec4 0, 0, 8;
    %ix/load 4, 6, 0;
    %flag_set/imm 4, 0;
    %store/vec4a v0x7fcb58d26650, 4, 0;
    %pushi/vec4 0, 0, 8;
    %ix/load 4, 7, 0;
    %flag_set/imm 4, 0;
    %store/vec4a v0x7fcb58d26650, 4, 0;
    %pushi/vec4 0, 0, 8;
    %ix/load 4, 8, 0;
    %flag_set/imm 4, 0;
    %store/vec4a v0x7fcb58d26650, 4, 0;
    %pushi/vec4 0, 0, 8;
    %ix/load 4, 9, 0;
    %flag_set/imm 4, 0;
    %store/vec4a v0x7fcb58d26650, 4, 0;
    %pushi/vec4 0, 0, 8;
    %ix/load 4, 10, 0;
    %flag_set/imm 4, 0;
    %store/vec4a v0x7fcb58d26650, 4, 0;
    %pushi/vec4 0, 0, 8;
    %ix/load 4, 11, 0;
    %flag_set/imm 4, 0;
    %store/vec4a v0x7fcb58d26650, 4, 0;
    %pushi/vec4 0, 0, 8;
    %ix/load 4, 12, 0;
    %flag_set/imm 4, 0;
    %store/vec4a v0x7fcb58d26650, 4, 0;
    %pushi/vec4 0, 0, 8;
    %ix/load 4, 13, 0;
    %flag_set/imm 4, 0;
    %store/vec4a v0x7fcb58d26650, 4, 0;
    %pushi/vec4 0, 0, 8;
    %ix/load 4, 14, 0;
    %flag_set/imm 4, 0;
    %store/vec4a v0x7fcb58d26650, 4, 0;
    %pushi/vec4 0, 0, 8;
    %ix/load 4, 15, 0;
    %flag_set/imm 4, 0;
    %store/vec4a v0x7fcb58d26650, 4, 0;
    %end;
    .thread T_5;
    .scope S_0x7fcb58d15d10;
T_6 ;
    %wait E_0x7fcb58d05b00;
    %load/vec4 v0x7fcb58d26c10_0;
    %pad/u 32;
    %cmpi/e 0, 0, 32;
    %jmp/0xz  T_6.0, 4;
    %pushi/vec4 0, 0, 4;
    %assign/vec4 v0x7fcb58d26af0_0, 0;
    %pushi/vec4 0, 0, 25;
    %assign/vec4 v0x7fcb58d269b0_0, 0;
    %jmp T_6.1;
T_6.0 ;
    %load/vec4 v0x7fcb58d269b0_0;
    %pad/u 32;
    %cmpi/u 30000000, 0, 32;
    %flag_or 5, 4;
    %jmp/0xz  T_6.2, 5;
    %load/vec4 v0x7fcb58d269b0_0;
    %addi 1, 0, 25;
    %store/vec4 v0x7fcb58d269b0_0, 0, 25;
    %jmp T_6.3;
T_6.2 ;
    %pushi/vec4 0, 0, 25;
    %store/vec4 v0x7fcb58d269b0_0, 0, 25;
    %load/vec4 v0x7fcb58d26af0_0;
    %addi 1, 0, 4;
    %store/vec4 v0x7fcb58d26af0_0, 0, 4;
T_6.3 ;
T_6.1 ;
    %jmp T_6;
    .thread T_6;
    .scope S_0x7fcb58d15d10;
T_7 ;
    %wait E_0x7fcb58d0eee0;
    %load/vec4 v0x7fcb58d26af0_0;
    %pad/u 6;
    %ix/vec4 4;
    %load/vec4a v0x7fcb58d26650, 4;
    %assign/vec4 v0x7fcb58d26590_0, 0;
    %load/vec4 v0x7fcb58d26590_0;
    %parti/s 2, 6, 4;
    %store/vec4 v0x7fcb58d26f40_0, 0, 2;
    %load/vec4 v0x7fcb58d26590_0;
    %parti/s 2, 4, 4;
    %store/vec4 v0x7fcb58d26e90_0, 0, 2;
    %load/vec4 v0x7fcb58d26590_0;
    %parti/s 2, 2, 3;
    %store/vec4 v0x7fcb58d26d50_0, 0, 2;
    %load/vec4 v0x7fcb58d26590_0;
    %parti/s 2, 0, 2;
    %store/vec4 v0x7fcb58d26de0_0, 0, 2;
    %jmp T_7;
    .thread T_7, $push;
# The file index is used to find the file name in the following table.
:file_names 4;
    "N/A";
    "<interactive>";
    "processor.v";
    "./ALU.v";
